ARM GAS  C:\Users\GITUD\AppData\Local\Temp\ccnkm6EC.s 			page 1


   1              		.syntax unified
   2              		.cpu cortex-m3
   3              		.fpu softvfp
   4              		.eabi_attribute 20, 1
   5              		.eabi_attribute 21, 1
   6              		.eabi_attribute 23, 3
   7              		.eabi_attribute 24, 1
   8              		.eabi_attribute 25, 1
   9              		.eabi_attribute 26, 1
  10              		.eabi_attribute 30, 1
  11              		.eabi_attribute 34, 1
  12              		.eabi_attribute 18, 4
  13              		.thumb
  14              		.syntax unified
  15              		.file	"cymetadata.c"
  16              		.text
  17              	.Ltext0:
  18              		.cfi_sections	.debug_frame
  19              		.global	cy_metadata
  20              		.global	cy_meta_flashprotect
  21              		.global	cy_meta_wonvl
  22              		.global	cy_meta_custnvl
  23              		.global	cy_meta_configecc
  24              		.section	.cyconfigecc,"a",%progbits
  25              		.align	2
  26              		.type	cy_meta_configecc, %object
  27              		.size	cy_meta_configecc, 168
  28              	cy_meta_configecc:
  29 0000 02       		.byte	2
  30 0001 52       		.byte	82
  31 0002 00       		.byte	0
  32 0003 40       		.byte	64
  33 0004 13       		.byte	19
  34 0005 02       		.byte	2
  35 0006 01       		.byte	1
  36 0007 40       		.byte	64
  37 0008 0F       		.byte	15
  38 0009 03       		.byte	3
  39 000a 01       		.byte	1
  40 000b 40       		.byte	64
  41 000c 03       		.byte	3
  42 000d 05       		.byte	5
  43 000e 01       		.byte	1
  44 000f 40       		.byte	64
  45 0010 08       		.byte	8
  46 0011 41       		.byte	65
  47 0012 01       		.byte	1
  48 0013 40       		.byte	64
  49 0014 03       		.byte	3
  50 0015 42       		.byte	66
  51 0016 01       		.byte	1
  52 0017 40       		.byte	64
  53 0018 02       		.byte	2
  54 0019 50       		.byte	80
  55 001a 01       		.byte	1
  56 001b 40       		.byte	64
  57 001c 00       		.byte	0
ARM GAS  C:\Users\GITUD\AppData\Local\Temp\ccnkm6EC.s 			page 2


  58 001d 06       		.byte	6
  59 001e 01       		.byte	1
  60 001f 0A       		.byte	10
  61 0020 13       		.byte	19
  62 0021 03       		.byte	3
  63 0022 14       		.byte	20
  64 0023 09       		.byte	9
  65 0024 16       		.byte	22
  66 0025 06       		.byte	6
  67 0026 1B       		.byte	27
  68 0027 01       		.byte	1
  69 0028 20       		.byte	32
  70 0029 03       		.byte	3
  71 002a 22       		.byte	34
  72 002b 0C       		.byte	12
  73 002c 30       		.byte	48
  74 002d 04       		.byte	4
  75 002e 32       		.byte	50
  76 002f 01       		.byte	1
  77 0030 34       		.byte	52
  78 0031 08       		.byte	8
  79 0032 35       		.byte	53
  80 0033 02       		.byte	2
  81 0034 36       		.byte	54
  82 0035 02       		.byte	2
  83 0036 37       		.byte	55
  84 0037 01       		.byte	1
  85 0038 38       		.byte	56
  86 0039 AA       		.byte	-86
  87 003a 3B       		.byte	59
  88 003b A0       		.byte	-96
  89 003c 3E       		.byte	62
  90 003d 55       		.byte	85
  91 003e 58       		.byte	88
  92 003f 04       		.byte	4
  93 0040 59       		.byte	89
  94 0041 04       		.byte	4
  95 0042 5B       		.byte	91
  96 0043 04       		.byte	4
  97 0044 5F       		.byte	95
  98 0045 01       		.byte	1
  99 0046 0E       		.byte	14
 100 0047 20       		.byte	32
 101 0048 17       		.byte	23
 102 0049 02       		.byte	2
 103 004a 1E       		.byte	30
 104 004b 10       		.byte	16
 105 004c 1F       		.byte	31
 106 004d 91       		.byte	-111
 107 004e 26       		.byte	38
 108 004f 30       		.byte	48
 109 0050 27       		.byte	39
 110 0051 02       		.byte	2
 111 0052 36       		.byte	54
 112 0053 20       		.byte	32
 113 0054 37       		.byte	55
 114 0055 01       		.byte	1
ARM GAS  C:\Users\GITUD\AppData\Local\Temp\ccnkm6EC.s 			page 3


 115 0056 6F       		.byte	111
 116 0057 01       		.byte	1
 117 0058 87       		.byte	-121
 118 0059 80       		.byte	-128
 119 005a 8F       		.byte	-113
 120 005b 01       		.byte	1
 121 005c C2       		.byte	-62
 122 005d 20       		.byte	32
 123 005e C4       		.byte	-60
 124 005f 10       		.byte	16
 125 0060 CC       		.byte	-52
 126 0061 A0       		.byte	-96
 127 0062 E2       		.byte	-30
 128 0063 40       		.byte	64
 129 0064 AA       		.byte	-86
 130 0065 10       		.byte	16
 131 0066 B3       		.byte	-77
 132 0067 10       		.byte	16
 133 0068 EA       		.byte	-22
 134 0069 20       		.byte	32
 135 006a 50       		.byte	80
 136 006b 08       		.byte	8
 137 006c 57       		.byte	87
 138 006d 09       		.byte	9
 139 006e 58       		.byte	88
 140 006f 20       		.byte	32
 141 0070 87       		.byte	-121
 142 0071 01       		.byte	1
 143 0072 8C       		.byte	-116
 144 0073 20       		.byte	32
 145 0074 D4       		.byte	-44
 146 0075 E0       		.byte	-32
 147 0076 D6       		.byte	-42
 148 0077 20       		.byte	32
 149 0078 E6       		.byte	-26
 150 0079 10       		.byte	16
 151 007a A8       		.byte	-88
 152 007b 08       		.byte	8
 153 007c B3       		.byte	-77
 154 007d 08       		.byte	8
 155 007e EA       		.byte	-22
 156 007f 80       		.byte	-128
 157 0080 00       		.byte	0
 158 0081 01       		.byte	1
 159 0082 08       		.byte	8
 160 0083 01       		.byte	1
 161 0084 00       		.byte	0
 162 0085 00       		.byte	0
 163 0086 00       		.byte	0
 164 0087 00       		.byte	0
 165 0088 02       		.byte	2
 166 0089 02       		.byte	2
 167 008a 02       		.byte	2
 168 008b 02       		.byte	2
 169 008c F0       		.byte	-16
 170 008d 00       		.byte	0
 171 008e 00       		.byte	0
ARM GAS  C:\Users\GITUD\AppData\Local\Temp\ccnkm6EC.s 			page 4


 172 008f FF       		.byte	-1
 173 0090 0F       		.byte	15
 174 0091 00       		.byte	0
 175 0092 0F       		.byte	15
 176 0093 00       		.byte	0
 177 0094 00       		.byte	0
 178 0095 00       		.byte	0
 179 0096 00       		.byte	0
 180 0097 00       		.byte	0
 181 0098 00       		.byte	0
 182 0099 7F       		.byte	127
 183 009a 7F       		.byte	127
 184 009b 00       		.byte	0
 185 009c 00       		.byte	0
 186 009d 00       		.byte	0
 187 009e 00       		.byte	0
 188 009f 00       		.byte	0
 189 00a0 00       		.byte	0
 190 00a1 0B       		.byte	11
 191 00a2 0B       		.byte	11
 192 00a3 00       		.byte	0
 193 00a4 00       		.byte	0
 194 00a5 00       		.byte	0
 195 00a6 00       		.byte	0
 196 00a7 00       		.byte	0
 197              		.section	.cywolatch,"a",%progbits
 198              		.align	2
 199              		.type	cy_meta_wonvl, %object
 200              		.size	cy_meta_wonvl, 4
 201              	cy_meta_wonvl:
 202 0000 BC       		.byte	-68
 203 0001 90       		.byte	-112
 204 0002 AC       		.byte	-84
 205 0003 AF       		.byte	-81
 206              		.section	.cycustnvl,"a",%progbits
 207              		.align	2
 208              		.type	cy_meta_custnvl, %object
 209              		.size	cy_meta_custnvl, 4
 210              	cy_meta_custnvl:
 211 0000 00       		.byte	0
 212 0001 00       		.byte	0
 213 0002 40       		.byte	64
 214 0003 05       		.byte	5
 215              		.section	.cymeta,"a",%progbits
 216              		.align	2
 217              		.type	cy_metadata, %object
 218              		.size	cy_metadata, 12
 219              	cy_metadata:
 220 0000 00       		.byte	0
 221 0001 01       		.byte	1
 222 0002 2E       		.byte	46
 223 0003 16       		.byte	22
 224 0004 10       		.byte	16
 225 0005 69       		.byte	105
 226 0006 00       		.byte	0
 227 0007 01       		.byte	1
 228 0008 00       		.byte	0
ARM GAS  C:\Users\GITUD\AppData\Local\Temp\ccnkm6EC.s 			page 5


 229 0009 00       		.byte	0
 230 000a 00       		.byte	0
 231 000b 00       		.byte	0
 232              		.section	.cyflashprotect,"a",%progbits
 233              		.align	2
 234              		.type	cy_meta_flashprotect, %object
 235              		.size	cy_meta_flashprotect, 256
 236              	cy_meta_flashprotect:
 237 0000 00000000 		.space	256
 237      00000000 
 237      00000000 
 237      00000000 
 237      00000000 
 238              		.text
 239              	.Letext0:
 240              		.file 1 "d:\\program files (x86)\\cypress\\psoc creator\\4.2\\psoc creator\\import\\gnu\\arm\\5.4.
 241              		.file 2 "d:\\program files (x86)\\cypress\\psoc creator\\4.2\\psoc creator\\import\\gnu\\arm\\5.4.
 242              		.file 3 "Generated_Source\\PSoC5\\cymetadata.c"
 243              		.section	.debug_info,"",%progbits
 244              	.Ldebug_info0:
 245 0000 30010000 		.4byte	0x130
 246 0004 0400     		.2byte	0x4
 247 0006 00000000 		.4byte	.Ldebug_abbrev0
 248 000a 04       		.byte	0x4
 249 000b 01       		.uleb128 0x1
 250 000c 24000000 		.4byte	.LASF17
 251 0010 0C       		.byte	0xc
 252 0011 7E010000 		.4byte	.LASF18
 253 0015 A2010000 		.4byte	.LASF19
 254 0019 00000000 		.4byte	.Ldebug_line0
 255 001d 02       		.uleb128 0x2
 256 001e 01       		.byte	0x1
 257 001f 06       		.byte	0x6
 258 0020 72010000 		.4byte	.LASF0
 259 0024 03       		.uleb128 0x3
 260 0025 00000000 		.4byte	.LASF9
 261 0029 01       		.byte	0x1
 262 002a 1D       		.byte	0x1d
 263 002b 2F000000 		.4byte	0x2f
 264 002f 02       		.uleb128 0x2
 265 0030 01       		.byte	0x1
 266 0031 08       		.byte	0x8
 267 0032 16000000 		.4byte	.LASF1
 268 0036 02       		.uleb128 0x2
 269 0037 02       		.byte	0x2
 270 0038 05       		.byte	0x5
 271 0039 5F010000 		.4byte	.LASF2
 272 003d 02       		.uleb128 0x2
 273 003e 02       		.byte	0x2
 274 003f 07       		.byte	0x7
 275 0040 C4000000 		.4byte	.LASF3
 276 0044 02       		.uleb128 0x2
 277 0045 04       		.byte	0x4
 278 0046 05       		.byte	0x5
 279 0047 69010000 		.4byte	.LASF4
 280 004b 02       		.uleb128 0x2
 281 004c 04       		.byte	0x4
ARM GAS  C:\Users\GITUD\AppData\Local\Temp\ccnkm6EC.s 			page 6


 282 004d 07       		.byte	0x7
 283 004e B2000000 		.4byte	.LASF5
 284 0052 02       		.uleb128 0x2
 285 0053 08       		.byte	0x8
 286 0054 05       		.byte	0x5
 287 0055 51010000 		.4byte	.LASF6
 288 0059 02       		.uleb128 0x2
 289 005a 08       		.byte	0x8
 290 005b 07       		.byte	0x7
 291 005c 06010000 		.4byte	.LASF7
 292 0060 04       		.uleb128 0x4
 293 0061 04       		.byte	0x4
 294 0062 05       		.byte	0x5
 295 0063 696E7400 		.ascii	"int\000"
 296 0067 02       		.uleb128 0x2
 297 0068 04       		.byte	0x4
 298 0069 07       		.byte	0x7
 299 006a F9000000 		.4byte	.LASF8
 300 006e 03       		.uleb128 0x3
 301 006f 1D010000 		.4byte	.LASF10
 302 0073 02       		.byte	0x2
 303 0074 18       		.byte	0x18
 304 0075 24000000 		.4byte	0x24
 305 0079 05       		.uleb128 0x5
 306 007a 90000000 		.4byte	0x90
 307 007e 89000000 		.4byte	0x89
 308 0082 06       		.uleb128 0x6
 309 0083 89000000 		.4byte	0x89
 310 0087 A7       		.byte	0xa7
 311 0088 00       		.byte	0
 312 0089 02       		.uleb128 0x2
 313 008a 04       		.byte	0x4
 314 008b 07       		.byte	0x7
 315 008c 48010000 		.4byte	.LASF11
 316 0090 07       		.uleb128 0x7
 317 0091 6E000000 		.4byte	0x6e
 318 0095 08       		.uleb128 0x8
 319 0096 E7000000 		.4byte	.LASF12
 320 009a 03       		.byte	0x3
 321 009b 1F       		.byte	0x1f
 322 009c A6000000 		.4byte	0xa6
 323 00a0 05       		.uleb128 0x5
 324 00a1 03       		.byte	0x3
 325 00a2 00000000 		.4byte	cy_meta_configecc
 326 00a6 07       		.uleb128 0x7
 327 00a7 79000000 		.4byte	0x79
 328 00ab 05       		.uleb128 0x5
 329 00ac 90000000 		.4byte	0x90
 330 00b0 BB000000 		.4byte	0xbb
 331 00b4 06       		.uleb128 0x6
 332 00b5 89000000 		.4byte	0x89
 333 00b9 03       		.byte	0x3
 334 00ba 00       		.byte	0
 335 00bb 08       		.uleb128 0x8
 336 00bc D7000000 		.4byte	.LASF13
 337 00c0 03       		.byte	0x3
 338 00c1 41       		.byte	0x41
ARM GAS  C:\Users\GITUD\AppData\Local\Temp\ccnkm6EC.s 			page 7


 339 00c2 CC000000 		.4byte	0xcc
 340 00c6 05       		.uleb128 0x5
 341 00c7 03       		.byte	0x3
 342 00c8 00000000 		.4byte	cy_meta_custnvl
 343 00cc 07       		.uleb128 0x7
 344 00cd AB000000 		.4byte	0xab
 345 00d1 08       		.uleb128 0x8
 346 00d2 3A010000 		.4byte	.LASF14
 347 00d6 03       		.byte	0x3
 348 00d7 4F       		.byte	0x4f
 349 00d8 E2000000 		.4byte	0xe2
 350 00dc 05       		.uleb128 0x5
 351 00dd 03       		.byte	0x3
 352 00de 00000000 		.4byte	cy_meta_wonvl
 353 00e2 07       		.uleb128 0x7
 354 00e3 AB000000 		.4byte	0xab
 355 00e7 05       		.uleb128 0x5
 356 00e8 90000000 		.4byte	0x90
 357 00ec F7000000 		.4byte	0xf7
 358 00f0 06       		.uleb128 0x6
 359 00f1 89000000 		.4byte	0x89
 360 00f5 FF       		.byte	0xff
 361 00f6 00       		.byte	0
 362 00f7 08       		.uleb128 0x8
 363 00f8 25010000 		.4byte	.LASF15
 364 00fc 03       		.byte	0x3
 365 00fd 5D       		.byte	0x5d
 366 00fe 08010000 		.4byte	0x108
 367 0102 05       		.uleb128 0x5
 368 0103 03       		.byte	0x3
 369 0104 00000000 		.4byte	cy_meta_flashprotect
 370 0108 07       		.uleb128 0x7
 371 0109 E7000000 		.4byte	0xe7
 372 010d 05       		.uleb128 0x5
 373 010e 90000000 		.4byte	0x90
 374 0112 1D010000 		.4byte	0x11d
 375 0116 06       		.uleb128 0x6
 376 0117 89000000 		.4byte	0x89
 377 011b 0B       		.byte	0xb
 378 011c 00       		.byte	0
 379 011d 08       		.uleb128 0x8
 380 011e 0A000000 		.4byte	.LASF16
 381 0122 03       		.byte	0x3
 382 0123 8A       		.byte	0x8a
 383 0124 2E010000 		.4byte	0x12e
 384 0128 05       		.uleb128 0x5
 385 0129 03       		.byte	0x3
 386 012a 00000000 		.4byte	cy_metadata
 387 012e 07       		.uleb128 0x7
 388 012f 0D010000 		.4byte	0x10d
 389 0133 00       		.byte	0
 390              		.section	.debug_abbrev,"",%progbits
 391              	.Ldebug_abbrev0:
 392 0000 01       		.uleb128 0x1
 393 0001 11       		.uleb128 0x11
 394 0002 01       		.byte	0x1
 395 0003 25       		.uleb128 0x25
ARM GAS  C:\Users\GITUD\AppData\Local\Temp\ccnkm6EC.s 			page 8


 396 0004 0E       		.uleb128 0xe
 397 0005 13       		.uleb128 0x13
 398 0006 0B       		.uleb128 0xb
 399 0007 03       		.uleb128 0x3
 400 0008 0E       		.uleb128 0xe
 401 0009 1B       		.uleb128 0x1b
 402 000a 0E       		.uleb128 0xe
 403 000b 10       		.uleb128 0x10
 404 000c 17       		.uleb128 0x17
 405 000d 00       		.byte	0
 406 000e 00       		.byte	0
 407 000f 02       		.uleb128 0x2
 408 0010 24       		.uleb128 0x24
 409 0011 00       		.byte	0
 410 0012 0B       		.uleb128 0xb
 411 0013 0B       		.uleb128 0xb
 412 0014 3E       		.uleb128 0x3e
 413 0015 0B       		.uleb128 0xb
 414 0016 03       		.uleb128 0x3
 415 0017 0E       		.uleb128 0xe
 416 0018 00       		.byte	0
 417 0019 00       		.byte	0
 418 001a 03       		.uleb128 0x3
 419 001b 16       		.uleb128 0x16
 420 001c 00       		.byte	0
 421 001d 03       		.uleb128 0x3
 422 001e 0E       		.uleb128 0xe
 423 001f 3A       		.uleb128 0x3a
 424 0020 0B       		.uleb128 0xb
 425 0021 3B       		.uleb128 0x3b
 426 0022 0B       		.uleb128 0xb
 427 0023 49       		.uleb128 0x49
 428 0024 13       		.uleb128 0x13
 429 0025 00       		.byte	0
 430 0026 00       		.byte	0
 431 0027 04       		.uleb128 0x4
 432 0028 24       		.uleb128 0x24
 433 0029 00       		.byte	0
 434 002a 0B       		.uleb128 0xb
 435 002b 0B       		.uleb128 0xb
 436 002c 3E       		.uleb128 0x3e
 437 002d 0B       		.uleb128 0xb
 438 002e 03       		.uleb128 0x3
 439 002f 08       		.uleb128 0x8
 440 0030 00       		.byte	0
 441 0031 00       		.byte	0
 442 0032 05       		.uleb128 0x5
 443 0033 01       		.uleb128 0x1
 444 0034 01       		.byte	0x1
 445 0035 49       		.uleb128 0x49
 446 0036 13       		.uleb128 0x13
 447 0037 01       		.uleb128 0x1
 448 0038 13       		.uleb128 0x13
 449 0039 00       		.byte	0
 450 003a 00       		.byte	0
 451 003b 06       		.uleb128 0x6
 452 003c 21       		.uleb128 0x21
ARM GAS  C:\Users\GITUD\AppData\Local\Temp\ccnkm6EC.s 			page 9


 453 003d 00       		.byte	0
 454 003e 49       		.uleb128 0x49
 455 003f 13       		.uleb128 0x13
 456 0040 2F       		.uleb128 0x2f
 457 0041 0B       		.uleb128 0xb
 458 0042 00       		.byte	0
 459 0043 00       		.byte	0
 460 0044 07       		.uleb128 0x7
 461 0045 26       		.uleb128 0x26
 462 0046 00       		.byte	0
 463 0047 49       		.uleb128 0x49
 464 0048 13       		.uleb128 0x13
 465 0049 00       		.byte	0
 466 004a 00       		.byte	0
 467 004b 08       		.uleb128 0x8
 468 004c 34       		.uleb128 0x34
 469 004d 00       		.byte	0
 470 004e 03       		.uleb128 0x3
 471 004f 0E       		.uleb128 0xe
 472 0050 3A       		.uleb128 0x3a
 473 0051 0B       		.uleb128 0xb
 474 0052 3B       		.uleb128 0x3b
 475 0053 0B       		.uleb128 0xb
 476 0054 49       		.uleb128 0x49
 477 0055 13       		.uleb128 0x13
 478 0056 3F       		.uleb128 0x3f
 479 0057 19       		.uleb128 0x19
 480 0058 02       		.uleb128 0x2
 481 0059 18       		.uleb128 0x18
 482 005a 00       		.byte	0
 483 005b 00       		.byte	0
 484 005c 00       		.byte	0
 485              		.section	.debug_aranges,"",%progbits
 486 0000 14000000 		.4byte	0x14
 487 0004 0200     		.2byte	0x2
 488 0006 00000000 		.4byte	.Ldebug_info0
 489 000a 04       		.byte	0x4
 490 000b 00       		.byte	0
 491 000c 0000     		.2byte	0
 492 000e 0000     		.2byte	0
 493 0010 00000000 		.4byte	0
 494 0014 00000000 		.4byte	0
 495              		.section	.debug_line,"",%progbits
 496              	.Ldebug_line0:
 497 0000 3D010000 		.section	.debug_str,"MS",%progbits,1
 497      02003701 
 497      00000201 
 497      FB0E0D00 
 497      01010101 
 498              	.LASF9:
 499 0000 5F5F7569 		.ascii	"__uint8_t\000"
 499      6E74385F 
 499      7400
 500              	.LASF16:
 501 000a 63795F6D 		.ascii	"cy_metadata\000"
 501      65746164 
 501      61746100 
ARM GAS  C:\Users\GITUD\AppData\Local\Temp\ccnkm6EC.s 			page 10


 502              	.LASF1:
 503 0016 756E7369 		.ascii	"unsigned char\000"
 503      676E6564 
 503      20636861 
 503      7200
 504              	.LASF17:
 505 0024 474E5520 		.ascii	"GNU C11 5.4.1 20160609 (release) [ARM/embedded-5-br"
 505      43313120 
 505      352E342E 
 505      31203230 
 505      31363036 
 506 0057 616E6368 		.ascii	"anch revision 237715] -mcpu=cortex-m3 -mthumb -g -O"
 506      20726576 
 506      6973696F 
 506      6E203233 
 506      37373135 
 507 008a 67202D66 		.ascii	"g -ffunction-sections -ffat-lto-objects\000"
 507      66756E63 
 507      74696F6E 
 507      2D736563 
 507      74696F6E 
 508              	.LASF5:
 509 00b2 6C6F6E67 		.ascii	"long unsigned int\000"
 509      20756E73 
 509      69676E65 
 509      6420696E 
 509      7400
 510              	.LASF3:
 511 00c4 73686F72 		.ascii	"short unsigned int\000"
 511      7420756E 
 511      7369676E 
 511      65642069 
 511      6E7400
 512              	.LASF13:
 513 00d7 63795F6D 		.ascii	"cy_meta_custnvl\000"
 513      6574615F 
 513      63757374 
 513      6E766C00 
 514              	.LASF12:
 515 00e7 63795F6D 		.ascii	"cy_meta_configecc\000"
 515      6574615F 
 515      636F6E66 
 515      69676563 
 515      6300
 516              	.LASF8:
 517 00f9 756E7369 		.ascii	"unsigned int\000"
 517      676E6564 
 517      20696E74 
 517      00
 518              	.LASF7:
 519 0106 6C6F6E67 		.ascii	"long long unsigned int\000"
 519      206C6F6E 
 519      6720756E 
 519      7369676E 
 519      65642069 
 520              	.LASF10:
 521 011d 75696E74 		.ascii	"uint8_t\000"
ARM GAS  C:\Users\GITUD\AppData\Local\Temp\ccnkm6EC.s 			page 11


 521      385F7400 
 522              	.LASF15:
 523 0125 63795F6D 		.ascii	"cy_meta_flashprotect\000"
 523      6574615F 
 523      666C6173 
 523      6870726F 
 523      74656374 
 524              	.LASF14:
 525 013a 63795F6D 		.ascii	"cy_meta_wonvl\000"
 525      6574615F 
 525      776F6E76 
 525      6C00
 526              	.LASF11:
 527 0148 73697A65 		.ascii	"sizetype\000"
 527      74797065 
 527      00
 528              	.LASF6:
 529 0151 6C6F6E67 		.ascii	"long long int\000"
 529      206C6F6E 
 529      6720696E 
 529      7400
 530              	.LASF2:
 531 015f 73686F72 		.ascii	"short int\000"
 531      7420696E 
 531      7400
 532              	.LASF4:
 533 0169 6C6F6E67 		.ascii	"long int\000"
 533      20696E74 
 533      00
 534              	.LASF0:
 535 0172 7369676E 		.ascii	"signed char\000"
 535      65642063 
 535      68617200 
 536              	.LASF18:
 537 017e 47656E65 		.ascii	"Generated_Source\\PSoC5\\cymetadata.c\000"
 537      72617465 
 537      645F536F 
 537      75726365 
 537      5C50536F 
 538              	.LASF19:
 539 01a2 443A5C44 		.ascii	"D:\\Documentos\\GITUD\\Documents\\PSoC Creator\\Pro"
 539      6F63756D 
 539      656E746F 
 539      735C4749 
 539      5455445C 
 540 01d0 79656374 		.ascii	"yecto3\\FiltroDigital.cydsn\000"
 540      6F335C46 
 540      696C7472 
 540      6F446967 
 540      6974616C 
 541              		.ident	"GCC: (GNU Tools for ARM Embedded Processors) 5.4.1 20160609 (release) [ARM/embedded-5-bran
