ARM GAS  C:\Users\NICOLA~1\AppData\Local\Temp\cc8QeoSf.s 			page 1


   1              		.syntax unified
   2              		.cpu cortex-m3
   3              		.fpu softvfp
   4              		.eabi_attribute 20, 1
   5              		.eabi_attribute 21, 1
   6              		.eabi_attribute 23, 3
   7              		.eabi_attribute 24, 1
   8              		.eabi_attribute 25, 1
   9              		.eabi_attribute 26, 1
  10              		.eabi_attribute 30, 1
  11              		.eabi_attribute 34, 1
  12              		.eabi_attribute 18, 4
  13              		.thumb
  14              		.syntax unified
  15              		.file	"main.c"
  16              		.text
  17              	.Ltext0:
  18              		.cfi_sections	.debug_frame
  19              		.section	.text.Int_SW,"ax",%progbits
  20              		.align	2
  21              		.global	Int_SW
  22              		.thumb
  23              		.thumb_func
  24              		.type	Int_SW, %function
  25              	Int_SW:
  26              	.LFB63:
  27              		.file 1 "main.c"
   1:main.c        **** /* ========================================
   2:main.c        ****  *
   3:main.c        ****  * Copyright YOUR COMPANY, THE YEAR
   4:main.c        ****  * All Rights Reserved
   5:main.c        ****  * UNPUBLISHED, LICENSED SOFTWARE.
   6:main.c        ****  *
   7:main.c        ****  * CONFIDENTIAL AND PROPRIETARY INFORMATION
   8:main.c        ****  * WHICH IS THE PROPERTY OF your company.
   9:main.c        ****  *
  10:main.c        ****  * ========================================
  11:main.c        **** */
  12:main.c        **** #include "project.h"
  13:main.c        **** volatile uint8 letra;
  14:main.c        **** 
  15:main.c        **** CY_ISR(Int_SW){
  28              		.loc 1 15 0
  29              		.cfi_startproc
  30              		@ args = 0, pretend = 0, frame = 0
  31              		@ frame_needed = 0, uses_anonymous_args = 0
  32 0000 08B5     		push	{r3, lr}
  33              		.cfi_def_cfa_offset 8
  34              		.cfi_offset 3, -8
  35              		.cfi_offset 14, -4
  16:main.c        ****     Control_Write(0);
  36              		.loc 1 16 0
  37 0002 0020     		movs	r0, #0
  38 0004 FFF7FEFF 		bl	Control_Write
  39              	.LVL0:
  17:main.c        ****     switch(SW_Read()) {
  40              		.loc 1 17 0
ARM GAS  C:\Users\NICOLA~1\AppData\Local\Temp\cc8QeoSf.s 			page 2


  41 0008 FFF7FEFF 		bl	SW_Read
  42              	.LVL1:
  43 000c 0738     		subs	r0, r0, #7
  44 000e 0728     		cmp	r0, #7
  45 0010 00F2B280 		bhi	.L2
  46 0014 DFE800F0 		tbb	[pc, r0]
  47              	.L4:
  48 0018 86       		.byte	(.L3-.L4)/2
  49 0019 B0       		.byte	(.L2-.L4)/2
  50 001a B0       		.byte	(.L2-.L4)/2
  51 001b B0       		.byte	(.L2-.L4)/2
  52 001c 5B       		.byte	(.L5-.L4)/2
  53 001d B0       		.byte	(.L2-.L4)/2
  54 001e 30       		.byte	(.L6-.L4)/2
  55 001f 04       		.byte	(.L7-.L4)/2
  56              		.p2align 1
  57              	.L7:
  18:main.c        ****             case 0b00001110:
  19:main.c        ****             switch(P0_Read()) {
  58              		.loc 1 19 0
  59 0020 FFF7FEFF 		bl	P0_Read
  60              	.LVL2:
  61 0024 0738     		subs	r0, r0, #7
  62 0026 0728     		cmp	r0, #7
  63 0028 00F2A680 		bhi	.L2
  64 002c DFE800F0 		tbb	[pc, r0]
  65              	.L9:
  66 0030 1C       		.byte	(.L8-.L9)/2
  67 0031 A4       		.byte	(.L2-.L9)/2
  68 0032 A4       		.byte	(.L2-.L9)/2
  69 0033 A4       		.byte	(.L2-.L9)/2
  70 0034 14       		.byte	(.L10-.L9)/2
  71 0035 A4       		.byte	(.L2-.L9)/2
  72 0036 0C       		.byte	(.L11-.L9)/2
  73 0037 04       		.byte	(.L12-.L9)/2
  74              		.p2align 1
  75              	.L12:
  20:main.c        ****                     case 0xE:
  21:main.c        ****                     LCD_Position(0,1);    
  76              		.loc 1 21 0
  77 0038 0121     		movs	r1, #1
  78 003a 0020     		movs	r0, #0
  79 003c FFF7FEFF 		bl	LCD_Position
  80              	.LVL3:
  22:main.c        ****                     LCD_PrintString("1");
  81              		.loc 1 22 0
  82 0040 5048     		ldr	r0, .L29
  83 0042 FFF7FEFF 		bl	LCD_PrintString
  84              	.LVL4:
  23:main.c        ****                     break;
  85              		.loc 1 23 0
  86 0046 97E0     		b	.L2
  87              	.L11:
  24:main.c        ****                     case 0xD:
  25:main.c        ****                     LCD_Position(0,1);    
  88              		.loc 1 25 0
  89 0048 0121     		movs	r1, #1
ARM GAS  C:\Users\NICOLA~1\AppData\Local\Temp\cc8QeoSf.s 			page 3


  90 004a 0020     		movs	r0, #0
  91 004c FFF7FEFF 		bl	LCD_Position
  92              	.LVL5:
  26:main.c        ****                     LCD_PrintString("2");
  93              		.loc 1 26 0
  94 0050 4D48     		ldr	r0, .L29+4
  95 0052 FFF7FEFF 		bl	LCD_PrintString
  96              	.LVL6:
  27:main.c        ****                     break;
  97              		.loc 1 27 0
  98 0056 8FE0     		b	.L2
  99              	.L10:
  28:main.c        ****                      case 0xB:
  29:main.c        ****                     LCD_Position(0,1);    
 100              		.loc 1 29 0
 101 0058 0121     		movs	r1, #1
 102 005a 0020     		movs	r0, #0
 103 005c FFF7FEFF 		bl	LCD_Position
 104              	.LVL7:
  30:main.c        ****                     LCD_PrintString("3");
 105              		.loc 1 30 0
 106 0060 4A48     		ldr	r0, .L29+8
 107 0062 FFF7FEFF 		bl	LCD_PrintString
 108              	.LVL8:
  31:main.c        ****                     break;
 109              		.loc 1 31 0
 110 0066 87E0     		b	.L2
 111              	.L8:
  32:main.c        ****                     case 0x7:
  33:main.c        ****                     LCD_Position(0,1);    
 112              		.loc 1 33 0
 113 0068 0121     		movs	r1, #1
 114 006a 0020     		movs	r0, #0
 115 006c FFF7FEFF 		bl	LCD_Position
 116              	.LVL9:
  34:main.c        ****                     LCD_PrintString("A");
 117              		.loc 1 34 0
 118 0070 4748     		ldr	r0, .L29+12
 119 0072 FFF7FEFF 		bl	LCD_PrintString
 120              	.LVL10:
  35:main.c        ****                     break;
 121              		.loc 1 35 0
 122 0076 7FE0     		b	.L2
 123              	.L6:
  36:main.c        ****                     default:
  37:main.c        ****                     break;
  38:main.c        ****                 }
  39:main.c        ****                     break;
  40:main.c        ****                 case 0b00001101:
  41:main.c        ****             switch(P0_Read()) {
 124              		.loc 1 41 0
 125 0078 FFF7FEFF 		bl	P0_Read
 126              	.LVL11:
 127 007c 0738     		subs	r0, r0, #7
 128 007e 0728     		cmp	r0, #7
 129 0080 7AD8     		bhi	.L2
 130 0082 DFE800F0 		tbb	[pc, r0]
ARM GAS  C:\Users\NICOLA~1\AppData\Local\Temp\cc8QeoSf.s 			page 4


 131              	.L14:
 132 0086 1C       		.byte	(.L13-.L14)/2
 133 0087 79       		.byte	(.L2-.L14)/2
 134 0088 79       		.byte	(.L2-.L14)/2
 135 0089 79       		.byte	(.L2-.L14)/2
 136 008a 14       		.byte	(.L15-.L14)/2
 137 008b 79       		.byte	(.L2-.L14)/2
 138 008c 0C       		.byte	(.L16-.L14)/2
 139 008d 04       		.byte	(.L17-.L14)/2
 140              		.p2align 1
 141              	.L17:
  42:main.c        ****                     case 0xE:
  43:main.c        ****                     LCD_Position(0,1);    
 142              		.loc 1 43 0
 143 008e 0121     		movs	r1, #1
 144 0090 0020     		movs	r0, #0
 145 0092 FFF7FEFF 		bl	LCD_Position
 146              	.LVL12:
  44:main.c        ****                     LCD_PrintString("4");
 147              		.loc 1 44 0
 148 0096 3F48     		ldr	r0, .L29+16
 149 0098 FFF7FEFF 		bl	LCD_PrintString
 150              	.LVL13:
  45:main.c        ****                     break;
 151              		.loc 1 45 0
 152 009c 6CE0     		b	.L2
 153              	.L16:
  46:main.c        ****                     case 0xD:
  47:main.c        ****                     LCD_Position(0,1);    
 154              		.loc 1 47 0
 155 009e 0121     		movs	r1, #1
 156 00a0 0020     		movs	r0, #0
 157 00a2 FFF7FEFF 		bl	LCD_Position
 158              	.LVL14:
  48:main.c        ****                     LCD_PrintString("5");
 159              		.loc 1 48 0
 160 00a6 3C48     		ldr	r0, .L29+20
 161 00a8 FFF7FEFF 		bl	LCD_PrintString
 162              	.LVL15:
  49:main.c        ****                     break;
 163              		.loc 1 49 0
 164 00ac 64E0     		b	.L2
 165              	.L15:
  50:main.c        ****                      case 0xB:
  51:main.c        ****                     LCD_Position(0,1);    
 166              		.loc 1 51 0
 167 00ae 0121     		movs	r1, #1
 168 00b0 0020     		movs	r0, #0
 169 00b2 FFF7FEFF 		bl	LCD_Position
 170              	.LVL16:
  52:main.c        ****                     LCD_PrintString("6");
 171              		.loc 1 52 0
 172 00b6 3948     		ldr	r0, .L29+24
 173 00b8 FFF7FEFF 		bl	LCD_PrintString
 174              	.LVL17:
  53:main.c        ****                     break;
 175              		.loc 1 53 0
ARM GAS  C:\Users\NICOLA~1\AppData\Local\Temp\cc8QeoSf.s 			page 5


 176 00bc 5CE0     		b	.L2
 177              	.L13:
  54:main.c        ****                     case 0x7:
  55:main.c        ****                     LCD_Position(0,1);    
 178              		.loc 1 55 0
 179 00be 0121     		movs	r1, #1
 180 00c0 0020     		movs	r0, #0
 181 00c2 FFF7FEFF 		bl	LCD_Position
 182              	.LVL18:
  56:main.c        ****                     LCD_PrintString("B");
 183              		.loc 1 56 0
 184 00c6 3648     		ldr	r0, .L29+28
 185 00c8 FFF7FEFF 		bl	LCD_PrintString
 186              	.LVL19:
  57:main.c        ****                     break;
 187              		.loc 1 57 0
 188 00cc 54E0     		b	.L2
 189              	.L5:
  58:main.c        ****                     default:
  59:main.c        ****                     break;   
  60:main.c        ****                 }
  61:main.c        ****                     break;
  62:main.c        ****                 case 0b00001011:            
  63:main.c        ****                     switch(P0_Read()) {
 190              		.loc 1 63 0
 191 00ce FFF7FEFF 		bl	P0_Read
 192              	.LVL20:
 193 00d2 0738     		subs	r0, r0, #7
 194 00d4 0728     		cmp	r0, #7
 195 00d6 4FD8     		bhi	.L2
 196 00d8 DFE800F0 		tbb	[pc, r0]
 197              	.L19:
 198 00dc 1C       		.byte	(.L18-.L19)/2
 199 00dd 4E       		.byte	(.L2-.L19)/2
 200 00de 4E       		.byte	(.L2-.L19)/2
 201 00df 4E       		.byte	(.L2-.L19)/2
 202 00e0 14       		.byte	(.L20-.L19)/2
 203 00e1 4E       		.byte	(.L2-.L19)/2
 204 00e2 0C       		.byte	(.L21-.L19)/2
 205 00e3 04       		.byte	(.L22-.L19)/2
 206              		.p2align 1
 207              	.L22:
  64:main.c        ****                     case 0xE:
  65:main.c        ****                     LCD_Position(0,1);    
 208              		.loc 1 65 0
 209 00e4 0121     		movs	r1, #1
 210 00e6 0020     		movs	r0, #0
 211 00e8 FFF7FEFF 		bl	LCD_Position
 212              	.LVL21:
  66:main.c        ****                     LCD_PrintString("7");
 213              		.loc 1 66 0
 214 00ec 2D48     		ldr	r0, .L29+32
 215 00ee FFF7FEFF 		bl	LCD_PrintString
 216              	.LVL22:
  67:main.c        ****                     break;
 217              		.loc 1 67 0
 218 00f2 41E0     		b	.L2
ARM GAS  C:\Users\NICOLA~1\AppData\Local\Temp\cc8QeoSf.s 			page 6


 219              	.L21:
  68:main.c        ****                     case 0xD:
  69:main.c        ****                     LCD_Position(0,1);    
 220              		.loc 1 69 0
 221 00f4 0121     		movs	r1, #1
 222 00f6 0020     		movs	r0, #0
 223 00f8 FFF7FEFF 		bl	LCD_Position
 224              	.LVL23:
  70:main.c        ****                     LCD_PrintString("8");
 225              		.loc 1 70 0
 226 00fc 2A48     		ldr	r0, .L29+36
 227 00fe FFF7FEFF 		bl	LCD_PrintString
 228              	.LVL24:
  71:main.c        ****                     break;
 229              		.loc 1 71 0
 230 0102 39E0     		b	.L2
 231              	.L20:
  72:main.c        ****                      case 0xB:
  73:main.c        ****                     LCD_Position(0,1);    
 232              		.loc 1 73 0
 233 0104 0121     		movs	r1, #1
 234 0106 0020     		movs	r0, #0
 235 0108 FFF7FEFF 		bl	LCD_Position
 236              	.LVL25:
  74:main.c        ****                     LCD_PrintString("9");
 237              		.loc 1 74 0
 238 010c 2748     		ldr	r0, .L29+40
 239 010e FFF7FEFF 		bl	LCD_PrintString
 240              	.LVL26:
  75:main.c        ****                     break;
 241              		.loc 1 75 0
 242 0112 31E0     		b	.L2
 243              	.L18:
  76:main.c        ****                     case 0x7:
  77:main.c        ****                     LCD_Position(0,1);    
 244              		.loc 1 77 0
 245 0114 0121     		movs	r1, #1
 246 0116 0020     		movs	r0, #0
 247 0118 FFF7FEFF 		bl	LCD_Position
 248              	.LVL27:
  78:main.c        ****                     LCD_PrintString("C");
 249              		.loc 1 78 0
 250 011c 2448     		ldr	r0, .L29+44
 251 011e FFF7FEFF 		bl	LCD_PrintString
 252              	.LVL28:
  79:main.c        ****                     break;
 253              		.loc 1 79 0
 254 0122 29E0     		b	.L2
 255              	.L3:
  80:main.c        ****                     default:
  81:main.c        ****                     break;   
  82:main.c        ****                 }
  83:main.c        ****                     break;
  84:main.c        ****                 case 0b000000111:
  85:main.c        ****                     switch(P0_Read()) {
 256              		.loc 1 85 0
 257 0124 FFF7FEFF 		bl	P0_Read
ARM GAS  C:\Users\NICOLA~1\AppData\Local\Temp\cc8QeoSf.s 			page 7


 258              	.LVL29:
 259 0128 0738     		subs	r0, r0, #7
 260 012a 0728     		cmp	r0, #7
 261 012c 24D8     		bhi	.L2
 262 012e DFE800F0 		tbb	[pc, r0]
 263              	.L24:
 264 0132 1C       		.byte	(.L23-.L24)/2
 265 0133 23       		.byte	(.L2-.L24)/2
 266 0134 23       		.byte	(.L2-.L24)/2
 267 0135 23       		.byte	(.L2-.L24)/2
 268 0136 14       		.byte	(.L25-.L24)/2
 269 0137 23       		.byte	(.L2-.L24)/2
 270 0138 0C       		.byte	(.L26-.L24)/2
 271 0139 04       		.byte	(.L27-.L24)/2
 272              		.p2align 1
 273              	.L27:
  86:main.c        ****                     case 0xE:
  87:main.c        ****                     LCD_Position(0,1);    
 274              		.loc 1 87 0
 275 013a 0121     		movs	r1, #1
 276 013c 0020     		movs	r0, #0
 277 013e FFF7FEFF 		bl	LCD_Position
 278              	.LVL30:
  88:main.c        ****                     LCD_PrintString("*");
 279              		.loc 1 88 0
 280 0142 1C48     		ldr	r0, .L29+48
 281 0144 FFF7FEFF 		bl	LCD_PrintString
 282              	.LVL31:
  89:main.c        ****                     break;
 283              		.loc 1 89 0
 284 0148 16E0     		b	.L2
 285              	.L26:
  90:main.c        ****                     case 0xD:
  91:main.c        ****                     LCD_Position(0,1);    
 286              		.loc 1 91 0
 287 014a 0121     		movs	r1, #1
 288 014c 0020     		movs	r0, #0
 289 014e FFF7FEFF 		bl	LCD_Position
 290              	.LVL32:
  92:main.c        ****                     LCD_PrintString("0");
 291              		.loc 1 92 0
 292 0152 1948     		ldr	r0, .L29+52
 293 0154 FFF7FEFF 		bl	LCD_PrintString
 294              	.LVL33:
  93:main.c        ****                     break;
 295              		.loc 1 93 0
 296 0158 0EE0     		b	.L2
 297              	.L25:
  94:main.c        ****                      case 0xB:
  95:main.c        ****                     LCD_Position(0,1);    
 298              		.loc 1 95 0
 299 015a 0121     		movs	r1, #1
 300 015c 0020     		movs	r0, #0
 301 015e FFF7FEFF 		bl	LCD_Position
 302              	.LVL34:
  96:main.c        ****                     LCD_PrintString("#");
 303              		.loc 1 96 0
ARM GAS  C:\Users\NICOLA~1\AppData\Local\Temp\cc8QeoSf.s 			page 8


 304 0162 1648     		ldr	r0, .L29+56
 305 0164 FFF7FEFF 		bl	LCD_PrintString
 306              	.LVL35:
  97:main.c        ****                     break;
 307              		.loc 1 97 0
 308 0168 06E0     		b	.L2
 309              	.L23:
  98:main.c        ****                     case 0x7:
  99:main.c        ****                     LCD_Position(0,1);    
 310              		.loc 1 99 0
 311 016a 0121     		movs	r1, #1
 312 016c 0020     		movs	r0, #0
 313 016e FFF7FEFF 		bl	LCD_Position
 314              	.LVL36:
 100:main.c        ****                     LCD_PrintString("D");
 315              		.loc 1 100 0
 316 0172 1348     		ldr	r0, .L29+60
 317 0174 FFF7FEFF 		bl	LCD_PrintString
 318              	.LVL37:
 319              	.L2:
 101:main.c        ****                     break;
 102:main.c        ****                     default:
 103:main.c        ****                     break;   
 104:main.c        ****                 }
 105:main.c        **** 
 106:main.c        ****                     break;
 107:main.c        ****             default:
 108:main.c        ****                 break;
 109:main.c        ****     }
 110:main.c        ****     Control_Write(1);
 320              		.loc 1 110 0
 321 0178 0120     		movs	r0, #1
 322 017a FFF7FEFF 		bl	Control_Write
 323              	.LVL38:
 111:main.c        ****     SW_ClearInterrupt();
 324              		.loc 1 111 0
 325 017e FFF7FEFF 		bl	SW_ClearInterrupt
 326              	.LVL39:
 327 0182 08BD     		pop	{r3, pc}
 328              	.L30:
 329              		.align	2
 330              	.L29:
 331 0184 00000000 		.word	.LC0
 332 0188 04000000 		.word	.LC1
 333 018c 08000000 		.word	.LC2
 334 0190 0C000000 		.word	.LC3
 335 0194 10000000 		.word	.LC4
 336 0198 14000000 		.word	.LC5
 337 019c 18000000 		.word	.LC6
 338 01a0 1C000000 		.word	.LC7
 339 01a4 20000000 		.word	.LC8
 340 01a8 24000000 		.word	.LC9
 341 01ac 28000000 		.word	.LC10
 342 01b0 2C000000 		.word	.LC11
 343 01b4 30000000 		.word	.LC12
 344 01b8 34000000 		.word	.LC13
 345 01bc 38000000 		.word	.LC14
ARM GAS  C:\Users\NICOLA~1\AppData\Local\Temp\cc8QeoSf.s 			page 9


 346 01c0 3C000000 		.word	.LC15
 347              		.cfi_endproc
 348              	.LFE63:
 349              		.size	Int_SW, .-Int_SW
 350              		.section	.text.main,"ax",%progbits
 351              		.align	2
 352              		.global	main
 353              		.thumb
 354              		.thumb_func
 355              		.type	main, %function
 356              	main:
 357              	.LFB64:
 112:main.c        **** }
 113:main.c        **** 
 114:main.c        **** 
 115:main.c        **** int main(void)
 116:main.c        **** {
 358              		.loc 1 116 0
 359              		.cfi_startproc
 360              		@ Volatile: function does not return.
 361              		@ args = 0, pretend = 0, frame = 0
 362              		@ frame_needed = 0, uses_anonymous_args = 0
 363 0000 08B5     		push	{r3, lr}
 364              		.cfi_def_cfa_offset 8
 365              		.cfi_offset 3, -8
 366              		.cfi_offset 14, -4
 117:main.c        ****     CyGlobalIntEnable; /* Enable global interrupts. */
 367              		.loc 1 117 0
 368              		.syntax unified
 369              	@ 117 "main.c" 1
 370 0002 62B6     		CPSIE   i
 371              	@ 0 "" 2
 118:main.c        ****     ISR_SW_StartEx(Int_SW); //indicar cual es la rutina/vector de interrupcion
 372              		.loc 1 118 0
 373              		.thumb
 374              		.syntax unified
 375 0004 0248     		ldr	r0, .L34
 376 0006 FFF7FEFF 		bl	ISR_SW_StartEx
 377              	.LVL40:
 119:main.c        ****     LCD_Start();
 378              		.loc 1 119 0
 379 000a FFF7FEFF 		bl	LCD_Start
 380              	.LVL41:
 381              	.L32:
 382 000e FEE7     		b	.L32
 383              	.L35:
 384              		.align	2
 385              	.L34:
 386 0010 00000000 		.word	Int_SW
 387              		.cfi_endproc
 388              	.LFE64:
 389              		.size	main, .-main
 390              		.comm	letra,1,1
 391              		.section	.rodata.str1.4,"aMS",%progbits,1
 392              		.align	2
 393              	.LC0:
 394 0000 3100     		.ascii	"1\000"
ARM GAS  C:\Users\NICOLA~1\AppData\Local\Temp\cc8QeoSf.s 			page 10


 395 0002 0000     		.space	2
 396              	.LC1:
 397 0004 3200     		.ascii	"2\000"
 398 0006 0000     		.space	2
 399              	.LC2:
 400 0008 3300     		.ascii	"3\000"
 401 000a 0000     		.space	2
 402              	.LC3:
 403 000c 4100     		.ascii	"A\000"
 404 000e 0000     		.space	2
 405              	.LC4:
 406 0010 3400     		.ascii	"4\000"
 407 0012 0000     		.space	2
 408              	.LC5:
 409 0014 3500     		.ascii	"5\000"
 410 0016 0000     		.space	2
 411              	.LC6:
 412 0018 3600     		.ascii	"6\000"
 413 001a 0000     		.space	2
 414              	.LC7:
 415 001c 4200     		.ascii	"B\000"
 416 001e 0000     		.space	2
 417              	.LC8:
 418 0020 3700     		.ascii	"7\000"
 419 0022 0000     		.space	2
 420              	.LC9:
 421 0024 3800     		.ascii	"8\000"
 422 0026 0000     		.space	2
 423              	.LC10:
 424 0028 3900     		.ascii	"9\000"
 425 002a 0000     		.space	2
 426              	.LC11:
 427 002c 4300     		.ascii	"C\000"
 428 002e 0000     		.space	2
 429              	.LC12:
 430 0030 2A00     		.ascii	"*\000"
 431 0032 0000     		.space	2
 432              	.LC13:
 433 0034 3000     		.ascii	"0\000"
 434 0036 0000     		.space	2
 435              	.LC14:
 436 0038 2300     		.ascii	"#\000"
 437 003a 0000     		.space	2
 438              	.LC15:
 439 003c 4400     		.ascii	"D\000"
 440              		.text
 441              	.Letext0:
 442              		.file 2 "c:\\program files (x86)\\cypress\\psoc creator\\4.2\\psoc creator\\import\\gnu\\arm\\5.4.
 443              		.file 3 "c:\\program files (x86)\\cypress\\psoc creator\\4.2\\psoc creator\\import\\gnu\\arm\\5.4.
 444              		.file 4 "Generated_Source\\PSoC5/cytypes.h"
 445              		.file 5 "Generated_Source\\PSoC5/core_cm3.h"
 446              		.file 6 "Generated_Source\\PSoC5/Control.h"
 447              		.file 7 "Generated_Source\\PSoC5/SW.h"
 448              		.file 8 "Generated_Source\\PSoC5/P0.h"
 449              		.file 9 "Generated_Source\\PSoC5/LCD.h"
 450              		.file 10 "Generated_Source\\PSoC5/ISR_SW.h"
 451              		.section	.debug_info,"",%progbits
ARM GAS  C:\Users\NICOLA~1\AppData\Local\Temp\cc8QeoSf.s 			page 11


 452              	.Ldebug_info0:
 453 0000 C8040000 		.4byte	0x4c8
 454 0004 0400     		.2byte	0x4
 455 0006 00000000 		.4byte	.Ldebug_abbrev0
 456 000a 04       		.byte	0x4
 457 000b 01       		.uleb128 0x1
 458 000c 60000000 		.4byte	.LASF27
 459 0010 0C       		.byte	0xc
 460 0011 FE010000 		.4byte	.LASF28
 461 0015 13010000 		.4byte	.LASF29
 462 0019 00000000 		.4byte	.Ldebug_ranges0+0
 463 001d 00000000 		.4byte	0
 464 0021 00000000 		.4byte	.Ldebug_line0
 465 0025 02       		.uleb128 0x2
 466 0026 01       		.byte	0x1
 467 0027 06       		.byte	0x6
 468 0028 35020000 		.4byte	.LASF0
 469 002c 02       		.uleb128 0x2
 470 002d 01       		.byte	0x1
 471 002e 08       		.byte	0x8
 472 002f 52000000 		.4byte	.LASF1
 473 0033 02       		.uleb128 0x2
 474 0034 02       		.byte	0x2
 475 0035 05       		.byte	0x5
 476 0036 10020000 		.4byte	.LASF2
 477 003a 02       		.uleb128 0x2
 478 003b 02       		.byte	0x2
 479 003c 07       		.byte	0x7
 480 003d 00010000 		.4byte	.LASF3
 481 0041 03       		.uleb128 0x3
 482 0042 30000000 		.4byte	.LASF9
 483 0046 02       		.byte	0x2
 484 0047 3F       		.byte	0x3f
 485 0048 4C000000 		.4byte	0x4c
 486 004c 02       		.uleb128 0x2
 487 004d 04       		.byte	0x4
 488 004e 05       		.byte	0x5
 489 004f 20020000 		.4byte	.LASF4
 490 0053 02       		.uleb128 0x2
 491 0054 04       		.byte	0x4
 492 0055 07       		.byte	0x7
 493 0056 EE000000 		.4byte	.LASF5
 494 005a 02       		.uleb128 0x2
 495 005b 08       		.byte	0x8
 496 005c 05       		.byte	0x5
 497 005d F0010000 		.4byte	.LASF6
 498 0061 02       		.uleb128 0x2
 499 0062 08       		.byte	0x8
 500 0063 07       		.byte	0x7
 501 0064 AD010000 		.4byte	.LASF7
 502 0068 04       		.uleb128 0x4
 503 0069 04       		.byte	0x4
 504 006a 05       		.byte	0x5
 505 006b 696E7400 		.ascii	"int\000"
 506 006f 02       		.uleb128 0x2
 507 0070 04       		.byte	0x4
 508 0071 07       		.byte	0x7
ARM GAS  C:\Users\NICOLA~1\AppData\Local\Temp\cc8QeoSf.s 			page 12


 509 0072 A0010000 		.4byte	.LASF8
 510 0076 03       		.uleb128 0x3
 511 0077 3A000000 		.4byte	.LASF10
 512 007b 03       		.byte	0x3
 513 007c 2C       		.byte	0x2c
 514 007d 41000000 		.4byte	0x41
 515 0081 05       		.uleb128 0x5
 516 0082 1A020000 		.4byte	.LASF11
 517 0086 04       		.byte	0x4
 518 0087 E401     		.2byte	0x1e4
 519 0089 2C000000 		.4byte	0x2c
 520 008d 02       		.uleb128 0x2
 521 008e 04       		.byte	0x4
 522 008f 04       		.byte	0x4
 523 0090 42000000 		.4byte	.LASF12
 524 0094 02       		.uleb128 0x2
 525 0095 08       		.byte	0x8
 526 0096 04       		.byte	0x4
 527 0097 84010000 		.4byte	.LASF13
 528 009b 02       		.uleb128 0x2
 529 009c 01       		.byte	0x1
 530 009d 08       		.byte	0x8
 531 009e 05020000 		.4byte	.LASF14
 532 00a2 06       		.uleb128 0x6
 533 00a3 81000000 		.4byte	0x81
 534 00a7 02       		.uleb128 0x2
 535 00a8 04       		.byte	0x4
 536 00a9 07       		.byte	0x7
 537 00aa E7010000 		.4byte	.LASF15
 538 00ae 02       		.uleb128 0x2
 539 00af 08       		.byte	0x8
 540 00b0 04       		.byte	0x4
 541 00b1 29020000 		.4byte	.LASF16
 542 00b5 07       		.uleb128 0x7
 543 00b6 29000000 		.4byte	.LASF30
 544 00ba 01       		.byte	0x1
 545 00bb 0F       		.byte	0xf
 546 00bc 00000000 		.4byte	.LFB63
 547 00c0 C4010000 		.4byte	.LFE63-.LFB63
 548 00c4 01       		.uleb128 0x1
 549 00c5 9C       		.byte	0x9c
 550 00c6 17040000 		.4byte	0x417
 551 00ca 08       		.uleb128 0x8
 552 00cb 08000000 		.4byte	.LVL0
 553 00cf 73040000 		.4byte	0x473
 554 00d3 DD000000 		.4byte	0xdd
 555 00d7 09       		.uleb128 0x9
 556 00d8 01       		.uleb128 0x1
 557 00d9 50       		.byte	0x50
 558 00da 01       		.uleb128 0x1
 559 00db 30       		.byte	0x30
 560 00dc 00       		.byte	0
 561 00dd 0A       		.uleb128 0xa
 562 00de 0C000000 		.4byte	.LVL1
 563 00e2 7E040000 		.4byte	0x47e
 564 00e6 0A       		.uleb128 0xa
 565 00e7 24000000 		.4byte	.LVL2
ARM GAS  C:\Users\NICOLA~1\AppData\Local\Temp\cc8QeoSf.s 			page 13


 566 00eb 89040000 		.4byte	0x489
 567 00ef 08       		.uleb128 0x8
 568 00f0 40000000 		.4byte	.LVL3
 569 00f4 94040000 		.4byte	0x494
 570 00f8 07010000 		.4byte	0x107
 571 00fc 09       		.uleb128 0x9
 572 00fd 01       		.uleb128 0x1
 573 00fe 50       		.byte	0x50
 574 00ff 01       		.uleb128 0x1
 575 0100 30       		.byte	0x30
 576 0101 09       		.uleb128 0x9
 577 0102 01       		.uleb128 0x1
 578 0103 51       		.byte	0x51
 579 0104 01       		.uleb128 0x1
 580 0105 31       		.byte	0x31
 581 0106 00       		.byte	0
 582 0107 08       		.uleb128 0x8
 583 0108 46000000 		.4byte	.LVL4
 584 010c 9F040000 		.4byte	0x49f
 585 0110 1E010000 		.4byte	0x11e
 586 0114 09       		.uleb128 0x9
 587 0115 01       		.uleb128 0x1
 588 0116 50       		.byte	0x50
 589 0117 05       		.uleb128 0x5
 590 0118 03       		.byte	0x3
 591 0119 00000000 		.4byte	.LC0
 592 011d 00       		.byte	0
 593 011e 08       		.uleb128 0x8
 594 011f 50000000 		.4byte	.LVL5
 595 0123 94040000 		.4byte	0x494
 596 0127 36010000 		.4byte	0x136
 597 012b 09       		.uleb128 0x9
 598 012c 01       		.uleb128 0x1
 599 012d 50       		.byte	0x50
 600 012e 01       		.uleb128 0x1
 601 012f 30       		.byte	0x30
 602 0130 09       		.uleb128 0x9
 603 0131 01       		.uleb128 0x1
 604 0132 51       		.byte	0x51
 605 0133 01       		.uleb128 0x1
 606 0134 31       		.byte	0x31
 607 0135 00       		.byte	0
 608 0136 08       		.uleb128 0x8
 609 0137 56000000 		.4byte	.LVL6
 610 013b 9F040000 		.4byte	0x49f
 611 013f 4D010000 		.4byte	0x14d
 612 0143 09       		.uleb128 0x9
 613 0144 01       		.uleb128 0x1
 614 0145 50       		.byte	0x50
 615 0146 05       		.uleb128 0x5
 616 0147 03       		.byte	0x3
 617 0148 04000000 		.4byte	.LC1
 618 014c 00       		.byte	0
 619 014d 08       		.uleb128 0x8
 620 014e 60000000 		.4byte	.LVL7
 621 0152 94040000 		.4byte	0x494
 622 0156 65010000 		.4byte	0x165
ARM GAS  C:\Users\NICOLA~1\AppData\Local\Temp\cc8QeoSf.s 			page 14


 623 015a 09       		.uleb128 0x9
 624 015b 01       		.uleb128 0x1
 625 015c 50       		.byte	0x50
 626 015d 01       		.uleb128 0x1
 627 015e 30       		.byte	0x30
 628 015f 09       		.uleb128 0x9
 629 0160 01       		.uleb128 0x1
 630 0161 51       		.byte	0x51
 631 0162 01       		.uleb128 0x1
 632 0163 31       		.byte	0x31
 633 0164 00       		.byte	0
 634 0165 08       		.uleb128 0x8
 635 0166 66000000 		.4byte	.LVL8
 636 016a 9F040000 		.4byte	0x49f
 637 016e 7C010000 		.4byte	0x17c
 638 0172 09       		.uleb128 0x9
 639 0173 01       		.uleb128 0x1
 640 0174 50       		.byte	0x50
 641 0175 05       		.uleb128 0x5
 642 0176 03       		.byte	0x3
 643 0177 08000000 		.4byte	.LC2
 644 017b 00       		.byte	0
 645 017c 08       		.uleb128 0x8
 646 017d 70000000 		.4byte	.LVL9
 647 0181 94040000 		.4byte	0x494
 648 0185 94010000 		.4byte	0x194
 649 0189 09       		.uleb128 0x9
 650 018a 01       		.uleb128 0x1
 651 018b 50       		.byte	0x50
 652 018c 01       		.uleb128 0x1
 653 018d 30       		.byte	0x30
 654 018e 09       		.uleb128 0x9
 655 018f 01       		.uleb128 0x1
 656 0190 51       		.byte	0x51
 657 0191 01       		.uleb128 0x1
 658 0192 31       		.byte	0x31
 659 0193 00       		.byte	0
 660 0194 08       		.uleb128 0x8
 661 0195 76000000 		.4byte	.LVL10
 662 0199 9F040000 		.4byte	0x49f
 663 019d AB010000 		.4byte	0x1ab
 664 01a1 09       		.uleb128 0x9
 665 01a2 01       		.uleb128 0x1
 666 01a3 50       		.byte	0x50
 667 01a4 05       		.uleb128 0x5
 668 01a5 03       		.byte	0x3
 669 01a6 0C000000 		.4byte	.LC3
 670 01aa 00       		.byte	0
 671 01ab 0A       		.uleb128 0xa
 672 01ac 7C000000 		.4byte	.LVL11
 673 01b0 89040000 		.4byte	0x489
 674 01b4 08       		.uleb128 0x8
 675 01b5 96000000 		.4byte	.LVL12
 676 01b9 94040000 		.4byte	0x494
 677 01bd CC010000 		.4byte	0x1cc
 678 01c1 09       		.uleb128 0x9
 679 01c2 01       		.uleb128 0x1
ARM GAS  C:\Users\NICOLA~1\AppData\Local\Temp\cc8QeoSf.s 			page 15


 680 01c3 50       		.byte	0x50
 681 01c4 01       		.uleb128 0x1
 682 01c5 30       		.byte	0x30
 683 01c6 09       		.uleb128 0x9
 684 01c7 01       		.uleb128 0x1
 685 01c8 51       		.byte	0x51
 686 01c9 01       		.uleb128 0x1
 687 01ca 31       		.byte	0x31
 688 01cb 00       		.byte	0
 689 01cc 08       		.uleb128 0x8
 690 01cd 9C000000 		.4byte	.LVL13
 691 01d1 9F040000 		.4byte	0x49f
 692 01d5 E3010000 		.4byte	0x1e3
 693 01d9 09       		.uleb128 0x9
 694 01da 01       		.uleb128 0x1
 695 01db 50       		.byte	0x50
 696 01dc 05       		.uleb128 0x5
 697 01dd 03       		.byte	0x3
 698 01de 10000000 		.4byte	.LC4
 699 01e2 00       		.byte	0
 700 01e3 08       		.uleb128 0x8
 701 01e4 A6000000 		.4byte	.LVL14
 702 01e8 94040000 		.4byte	0x494
 703 01ec FB010000 		.4byte	0x1fb
 704 01f0 09       		.uleb128 0x9
 705 01f1 01       		.uleb128 0x1
 706 01f2 50       		.byte	0x50
 707 01f3 01       		.uleb128 0x1
 708 01f4 30       		.byte	0x30
 709 01f5 09       		.uleb128 0x9
 710 01f6 01       		.uleb128 0x1
 711 01f7 51       		.byte	0x51
 712 01f8 01       		.uleb128 0x1
 713 01f9 31       		.byte	0x31
 714 01fa 00       		.byte	0
 715 01fb 08       		.uleb128 0x8
 716 01fc AC000000 		.4byte	.LVL15
 717 0200 9F040000 		.4byte	0x49f
 718 0204 12020000 		.4byte	0x212
 719 0208 09       		.uleb128 0x9
 720 0209 01       		.uleb128 0x1
 721 020a 50       		.byte	0x50
 722 020b 05       		.uleb128 0x5
 723 020c 03       		.byte	0x3
 724 020d 14000000 		.4byte	.LC5
 725 0211 00       		.byte	0
 726 0212 08       		.uleb128 0x8
 727 0213 B6000000 		.4byte	.LVL16
 728 0217 94040000 		.4byte	0x494
 729 021b 2A020000 		.4byte	0x22a
 730 021f 09       		.uleb128 0x9
 731 0220 01       		.uleb128 0x1
 732 0221 50       		.byte	0x50
 733 0222 01       		.uleb128 0x1
 734 0223 30       		.byte	0x30
 735 0224 09       		.uleb128 0x9
 736 0225 01       		.uleb128 0x1
ARM GAS  C:\Users\NICOLA~1\AppData\Local\Temp\cc8QeoSf.s 			page 16


 737 0226 51       		.byte	0x51
 738 0227 01       		.uleb128 0x1
 739 0228 31       		.byte	0x31
 740 0229 00       		.byte	0
 741 022a 08       		.uleb128 0x8
 742 022b BC000000 		.4byte	.LVL17
 743 022f 9F040000 		.4byte	0x49f
 744 0233 41020000 		.4byte	0x241
 745 0237 09       		.uleb128 0x9
 746 0238 01       		.uleb128 0x1
 747 0239 50       		.byte	0x50
 748 023a 05       		.uleb128 0x5
 749 023b 03       		.byte	0x3
 750 023c 18000000 		.4byte	.LC6
 751 0240 00       		.byte	0
 752 0241 08       		.uleb128 0x8
 753 0242 C6000000 		.4byte	.LVL18
 754 0246 94040000 		.4byte	0x494
 755 024a 59020000 		.4byte	0x259
 756 024e 09       		.uleb128 0x9
 757 024f 01       		.uleb128 0x1
 758 0250 50       		.byte	0x50
 759 0251 01       		.uleb128 0x1
 760 0252 30       		.byte	0x30
 761 0253 09       		.uleb128 0x9
 762 0254 01       		.uleb128 0x1
 763 0255 51       		.byte	0x51
 764 0256 01       		.uleb128 0x1
 765 0257 31       		.byte	0x31
 766 0258 00       		.byte	0
 767 0259 08       		.uleb128 0x8
 768 025a CC000000 		.4byte	.LVL19
 769 025e 9F040000 		.4byte	0x49f
 770 0262 70020000 		.4byte	0x270
 771 0266 09       		.uleb128 0x9
 772 0267 01       		.uleb128 0x1
 773 0268 50       		.byte	0x50
 774 0269 05       		.uleb128 0x5
 775 026a 03       		.byte	0x3
 776 026b 1C000000 		.4byte	.LC7
 777 026f 00       		.byte	0
 778 0270 0A       		.uleb128 0xa
 779 0271 D2000000 		.4byte	.LVL20
 780 0275 89040000 		.4byte	0x489
 781 0279 08       		.uleb128 0x8
 782 027a EC000000 		.4byte	.LVL21
 783 027e 94040000 		.4byte	0x494
 784 0282 91020000 		.4byte	0x291
 785 0286 09       		.uleb128 0x9
 786 0287 01       		.uleb128 0x1
 787 0288 50       		.byte	0x50
 788 0289 01       		.uleb128 0x1
 789 028a 30       		.byte	0x30
 790 028b 09       		.uleb128 0x9
 791 028c 01       		.uleb128 0x1
 792 028d 51       		.byte	0x51
 793 028e 01       		.uleb128 0x1
ARM GAS  C:\Users\NICOLA~1\AppData\Local\Temp\cc8QeoSf.s 			page 17


 794 028f 31       		.byte	0x31
 795 0290 00       		.byte	0
 796 0291 08       		.uleb128 0x8
 797 0292 F2000000 		.4byte	.LVL22
 798 0296 9F040000 		.4byte	0x49f
 799 029a A8020000 		.4byte	0x2a8
 800 029e 09       		.uleb128 0x9
 801 029f 01       		.uleb128 0x1
 802 02a0 50       		.byte	0x50
 803 02a1 05       		.uleb128 0x5
 804 02a2 03       		.byte	0x3
 805 02a3 20000000 		.4byte	.LC8
 806 02a7 00       		.byte	0
 807 02a8 08       		.uleb128 0x8
 808 02a9 FC000000 		.4byte	.LVL23
 809 02ad 94040000 		.4byte	0x494
 810 02b1 C0020000 		.4byte	0x2c0
 811 02b5 09       		.uleb128 0x9
 812 02b6 01       		.uleb128 0x1
 813 02b7 50       		.byte	0x50
 814 02b8 01       		.uleb128 0x1
 815 02b9 30       		.byte	0x30
 816 02ba 09       		.uleb128 0x9
 817 02bb 01       		.uleb128 0x1
 818 02bc 51       		.byte	0x51
 819 02bd 01       		.uleb128 0x1
 820 02be 31       		.byte	0x31
 821 02bf 00       		.byte	0
 822 02c0 08       		.uleb128 0x8
 823 02c1 02010000 		.4byte	.LVL24
 824 02c5 9F040000 		.4byte	0x49f
 825 02c9 D7020000 		.4byte	0x2d7
 826 02cd 09       		.uleb128 0x9
 827 02ce 01       		.uleb128 0x1
 828 02cf 50       		.byte	0x50
 829 02d0 05       		.uleb128 0x5
 830 02d1 03       		.byte	0x3
 831 02d2 24000000 		.4byte	.LC9
 832 02d6 00       		.byte	0
 833 02d7 08       		.uleb128 0x8
 834 02d8 0C010000 		.4byte	.LVL25
 835 02dc 94040000 		.4byte	0x494
 836 02e0 EF020000 		.4byte	0x2ef
 837 02e4 09       		.uleb128 0x9
 838 02e5 01       		.uleb128 0x1
 839 02e6 50       		.byte	0x50
 840 02e7 01       		.uleb128 0x1
 841 02e8 30       		.byte	0x30
 842 02e9 09       		.uleb128 0x9
 843 02ea 01       		.uleb128 0x1
 844 02eb 51       		.byte	0x51
 845 02ec 01       		.uleb128 0x1
 846 02ed 31       		.byte	0x31
 847 02ee 00       		.byte	0
 848 02ef 08       		.uleb128 0x8
 849 02f0 12010000 		.4byte	.LVL26
 850 02f4 9F040000 		.4byte	0x49f
ARM GAS  C:\Users\NICOLA~1\AppData\Local\Temp\cc8QeoSf.s 			page 18


 851 02f8 06030000 		.4byte	0x306
 852 02fc 09       		.uleb128 0x9
 853 02fd 01       		.uleb128 0x1
 854 02fe 50       		.byte	0x50
 855 02ff 05       		.uleb128 0x5
 856 0300 03       		.byte	0x3
 857 0301 28000000 		.4byte	.LC10
 858 0305 00       		.byte	0
 859 0306 08       		.uleb128 0x8
 860 0307 1C010000 		.4byte	.LVL27
 861 030b 94040000 		.4byte	0x494
 862 030f 1E030000 		.4byte	0x31e
 863 0313 09       		.uleb128 0x9
 864 0314 01       		.uleb128 0x1
 865 0315 50       		.byte	0x50
 866 0316 01       		.uleb128 0x1
 867 0317 30       		.byte	0x30
 868 0318 09       		.uleb128 0x9
 869 0319 01       		.uleb128 0x1
 870 031a 51       		.byte	0x51
 871 031b 01       		.uleb128 0x1
 872 031c 31       		.byte	0x31
 873 031d 00       		.byte	0
 874 031e 08       		.uleb128 0x8
 875 031f 22010000 		.4byte	.LVL28
 876 0323 9F040000 		.4byte	0x49f
 877 0327 35030000 		.4byte	0x335
 878 032b 09       		.uleb128 0x9
 879 032c 01       		.uleb128 0x1
 880 032d 50       		.byte	0x50
 881 032e 05       		.uleb128 0x5
 882 032f 03       		.byte	0x3
 883 0330 2C000000 		.4byte	.LC11
 884 0334 00       		.byte	0
 885 0335 0A       		.uleb128 0xa
 886 0336 28010000 		.4byte	.LVL29
 887 033a 89040000 		.4byte	0x489
 888 033e 08       		.uleb128 0x8
 889 033f 42010000 		.4byte	.LVL30
 890 0343 94040000 		.4byte	0x494
 891 0347 56030000 		.4byte	0x356
 892 034b 09       		.uleb128 0x9
 893 034c 01       		.uleb128 0x1
 894 034d 50       		.byte	0x50
 895 034e 01       		.uleb128 0x1
 896 034f 30       		.byte	0x30
 897 0350 09       		.uleb128 0x9
 898 0351 01       		.uleb128 0x1
 899 0352 51       		.byte	0x51
 900 0353 01       		.uleb128 0x1
 901 0354 31       		.byte	0x31
 902 0355 00       		.byte	0
 903 0356 08       		.uleb128 0x8
 904 0357 48010000 		.4byte	.LVL31
 905 035b 9F040000 		.4byte	0x49f
 906 035f 6D030000 		.4byte	0x36d
 907 0363 09       		.uleb128 0x9
ARM GAS  C:\Users\NICOLA~1\AppData\Local\Temp\cc8QeoSf.s 			page 19


 908 0364 01       		.uleb128 0x1
 909 0365 50       		.byte	0x50
 910 0366 05       		.uleb128 0x5
 911 0367 03       		.byte	0x3
 912 0368 30000000 		.4byte	.LC12
 913 036c 00       		.byte	0
 914 036d 08       		.uleb128 0x8
 915 036e 52010000 		.4byte	.LVL32
 916 0372 94040000 		.4byte	0x494
 917 0376 85030000 		.4byte	0x385
 918 037a 09       		.uleb128 0x9
 919 037b 01       		.uleb128 0x1
 920 037c 50       		.byte	0x50
 921 037d 01       		.uleb128 0x1
 922 037e 30       		.byte	0x30
 923 037f 09       		.uleb128 0x9
 924 0380 01       		.uleb128 0x1
 925 0381 51       		.byte	0x51
 926 0382 01       		.uleb128 0x1
 927 0383 31       		.byte	0x31
 928 0384 00       		.byte	0
 929 0385 08       		.uleb128 0x8
 930 0386 58010000 		.4byte	.LVL33
 931 038a 9F040000 		.4byte	0x49f
 932 038e 9C030000 		.4byte	0x39c
 933 0392 09       		.uleb128 0x9
 934 0393 01       		.uleb128 0x1
 935 0394 50       		.byte	0x50
 936 0395 05       		.uleb128 0x5
 937 0396 03       		.byte	0x3
 938 0397 34000000 		.4byte	.LC13
 939 039b 00       		.byte	0
 940 039c 08       		.uleb128 0x8
 941 039d 62010000 		.4byte	.LVL34
 942 03a1 94040000 		.4byte	0x494
 943 03a5 B4030000 		.4byte	0x3b4
 944 03a9 09       		.uleb128 0x9
 945 03aa 01       		.uleb128 0x1
 946 03ab 50       		.byte	0x50
 947 03ac 01       		.uleb128 0x1
 948 03ad 30       		.byte	0x30
 949 03ae 09       		.uleb128 0x9
 950 03af 01       		.uleb128 0x1
 951 03b0 51       		.byte	0x51
 952 03b1 01       		.uleb128 0x1
 953 03b2 31       		.byte	0x31
 954 03b3 00       		.byte	0
 955 03b4 08       		.uleb128 0x8
 956 03b5 68010000 		.4byte	.LVL35
 957 03b9 9F040000 		.4byte	0x49f
 958 03bd CB030000 		.4byte	0x3cb
 959 03c1 09       		.uleb128 0x9
 960 03c2 01       		.uleb128 0x1
 961 03c3 50       		.byte	0x50
 962 03c4 05       		.uleb128 0x5
 963 03c5 03       		.byte	0x3
 964 03c6 38000000 		.4byte	.LC14
ARM GAS  C:\Users\NICOLA~1\AppData\Local\Temp\cc8QeoSf.s 			page 20


 965 03ca 00       		.byte	0
 966 03cb 08       		.uleb128 0x8
 967 03cc 72010000 		.4byte	.LVL36
 968 03d0 94040000 		.4byte	0x494
 969 03d4 E3030000 		.4byte	0x3e3
 970 03d8 09       		.uleb128 0x9
 971 03d9 01       		.uleb128 0x1
 972 03da 50       		.byte	0x50
 973 03db 01       		.uleb128 0x1
 974 03dc 30       		.byte	0x30
 975 03dd 09       		.uleb128 0x9
 976 03de 01       		.uleb128 0x1
 977 03df 51       		.byte	0x51
 978 03e0 01       		.uleb128 0x1
 979 03e1 31       		.byte	0x31
 980 03e2 00       		.byte	0
 981 03e3 08       		.uleb128 0x8
 982 03e4 78010000 		.4byte	.LVL37
 983 03e8 9F040000 		.4byte	0x49f
 984 03ec FA030000 		.4byte	0x3fa
 985 03f0 09       		.uleb128 0x9
 986 03f1 01       		.uleb128 0x1
 987 03f2 50       		.byte	0x50
 988 03f3 05       		.uleb128 0x5
 989 03f4 03       		.byte	0x3
 990 03f5 3C000000 		.4byte	.LC15
 991 03f9 00       		.byte	0
 992 03fa 08       		.uleb128 0x8
 993 03fb 7E010000 		.4byte	.LVL38
 994 03ff 73040000 		.4byte	0x473
 995 0403 0D040000 		.4byte	0x40d
 996 0407 09       		.uleb128 0x9
 997 0408 01       		.uleb128 0x1
 998 0409 50       		.byte	0x50
 999 040a 01       		.uleb128 0x1
 1000 040b 31       		.byte	0x31
 1001 040c 00       		.byte	0
 1002 040d 0A       		.uleb128 0xa
 1003 040e 82010000 		.4byte	.LVL39
 1004 0412 AA040000 		.4byte	0x4aa
 1005 0416 00       		.byte	0
 1006 0417 0B       		.uleb128 0xb
 1007 0418 8B010000 		.4byte	.LASF31
 1008 041c 01       		.byte	0x1
 1009 041d 73       		.byte	0x73
 1010 041e 68000000 		.4byte	0x68
 1011 0422 00000000 		.4byte	.LFB64
 1012 0426 14000000 		.4byte	.LFE64-.LFB64
 1013 042a 01       		.uleb128 0x1
 1014 042b 9C       		.byte	0x9c
 1015 042c 51040000 		.4byte	0x451
 1016 0430 08       		.uleb128 0x8
 1017 0431 0A000000 		.4byte	.LVL40
 1018 0435 B5040000 		.4byte	0x4b5
 1019 0439 47040000 		.4byte	0x447
 1020 043d 09       		.uleb128 0x9
 1021 043e 01       		.uleb128 0x1
ARM GAS  C:\Users\NICOLA~1\AppData\Local\Temp\cc8QeoSf.s 			page 21


 1022 043f 50       		.byte	0x50
 1023 0440 05       		.uleb128 0x5
 1024 0441 03       		.byte	0x3
 1025 0442 00000000 		.4byte	Int_SW
 1026 0446 00       		.byte	0
 1027 0447 0A       		.uleb128 0xa
 1028 0448 0E000000 		.4byte	.LVL41
 1029 044c C0040000 		.4byte	0x4c0
 1030 0450 00       		.byte	0
 1031 0451 0C       		.uleb128 0xc
 1032 0452 77010000 		.4byte	.LASF17
 1033 0456 05       		.byte	0x5
 1034 0457 1207     		.2byte	0x712
 1035 0459 5D040000 		.4byte	0x45d
 1036 045d 06       		.uleb128 0x6
 1037 045e 76000000 		.4byte	0x76
 1038 0462 0D       		.uleb128 0xd
 1039 0463 0A020000 		.4byte	.LASF18
 1040 0467 01       		.byte	0x1
 1041 0468 0D       		.byte	0xd
 1042 0469 A2000000 		.4byte	0xa2
 1043 046d 05       		.uleb128 0x5
 1044 046e 03       		.byte	0x3
 1045 046f 00000000 		.4byte	letra
 1046 0473 0E       		.uleb128 0xe
 1047 0474 D9010000 		.4byte	.LASF19
 1048 0478 D9010000 		.4byte	.LASF19
 1049 047c 06       		.byte	0x6
 1050 047d 2F       		.byte	0x2f
 1051 047e 0E       		.uleb128 0xe
 1052 047f D1010000 		.4byte	.LASF20
 1053 0483 D1010000 		.4byte	.LASF20
 1054 0487 07       		.byte	0x7
 1055 0488 29       		.byte	0x29
 1056 0489 0E       		.uleb128 0xe
 1057 048a 21000000 		.4byte	.LASF21
 1058 048e 21000000 		.4byte	.LASF21
 1059 0492 08       		.byte	0x8
 1060 0493 29       		.byte	0x29
 1061 0494 0E       		.uleb128 0xe
 1062 0495 C4010000 		.4byte	.LASF22
 1063 0499 C4010000 		.4byte	.LASF22
 1064 049d 09       		.byte	0x9
 1065 049e 3D       		.byte	0x3d
 1066 049f 0E       		.uleb128 0xe
 1067 04a0 90010000 		.4byte	.LASF23
 1068 04a4 90010000 		.4byte	.LASF23
 1069 04a8 09       		.byte	0x9
 1070 04a9 3C       		.byte	0x3c
 1071 04aa 0E       		.uleb128 0xe
 1072 04ab 00000000 		.4byte	.LASF24
 1073 04af 00000000 		.4byte	.LASF24
 1074 04b3 07       		.byte	0x7
 1075 04b4 2B       		.byte	0x2b
 1076 04b5 0E       		.uleb128 0xe
 1077 04b6 12000000 		.4byte	.LASF25
 1078 04ba 12000000 		.4byte	.LASF25
ARM GAS  C:\Users\NICOLA~1\AppData\Local\Temp\cc8QeoSf.s 			page 22


 1079 04be 0A       		.byte	0xa
 1080 04bf 18       		.byte	0x18
 1081 04c0 0E       		.uleb128 0xe
 1082 04c1 48000000 		.4byte	.LASF26
 1083 04c5 48000000 		.4byte	.LASF26
 1084 04c9 09       		.byte	0x9
 1085 04ca 38       		.byte	0x38
 1086 04cb 00       		.byte	0
 1087              		.section	.debug_abbrev,"",%progbits
 1088              	.Ldebug_abbrev0:
 1089 0000 01       		.uleb128 0x1
 1090 0001 11       		.uleb128 0x11
 1091 0002 01       		.byte	0x1
 1092 0003 25       		.uleb128 0x25
 1093 0004 0E       		.uleb128 0xe
 1094 0005 13       		.uleb128 0x13
 1095 0006 0B       		.uleb128 0xb
 1096 0007 03       		.uleb128 0x3
 1097 0008 0E       		.uleb128 0xe
 1098 0009 1B       		.uleb128 0x1b
 1099 000a 0E       		.uleb128 0xe
 1100 000b 55       		.uleb128 0x55
 1101 000c 17       		.uleb128 0x17
 1102 000d 11       		.uleb128 0x11
 1103 000e 01       		.uleb128 0x1
 1104 000f 10       		.uleb128 0x10
 1105 0010 17       		.uleb128 0x17
 1106 0011 00       		.byte	0
 1107 0012 00       		.byte	0
 1108 0013 02       		.uleb128 0x2
 1109 0014 24       		.uleb128 0x24
 1110 0015 00       		.byte	0
 1111 0016 0B       		.uleb128 0xb
 1112 0017 0B       		.uleb128 0xb
 1113 0018 3E       		.uleb128 0x3e
 1114 0019 0B       		.uleb128 0xb
 1115 001a 03       		.uleb128 0x3
 1116 001b 0E       		.uleb128 0xe
 1117 001c 00       		.byte	0
 1118 001d 00       		.byte	0
 1119 001e 03       		.uleb128 0x3
 1120 001f 16       		.uleb128 0x16
 1121 0020 00       		.byte	0
 1122 0021 03       		.uleb128 0x3
 1123 0022 0E       		.uleb128 0xe
 1124 0023 3A       		.uleb128 0x3a
 1125 0024 0B       		.uleb128 0xb
 1126 0025 3B       		.uleb128 0x3b
 1127 0026 0B       		.uleb128 0xb
 1128 0027 49       		.uleb128 0x49
 1129 0028 13       		.uleb128 0x13
 1130 0029 00       		.byte	0
 1131 002a 00       		.byte	0
 1132 002b 04       		.uleb128 0x4
 1133 002c 24       		.uleb128 0x24
 1134 002d 00       		.byte	0
 1135 002e 0B       		.uleb128 0xb
ARM GAS  C:\Users\NICOLA~1\AppData\Local\Temp\cc8QeoSf.s 			page 23


 1136 002f 0B       		.uleb128 0xb
 1137 0030 3E       		.uleb128 0x3e
 1138 0031 0B       		.uleb128 0xb
 1139 0032 03       		.uleb128 0x3
 1140 0033 08       		.uleb128 0x8
 1141 0034 00       		.byte	0
 1142 0035 00       		.byte	0
 1143 0036 05       		.uleb128 0x5
 1144 0037 16       		.uleb128 0x16
 1145 0038 00       		.byte	0
 1146 0039 03       		.uleb128 0x3
 1147 003a 0E       		.uleb128 0xe
 1148 003b 3A       		.uleb128 0x3a
 1149 003c 0B       		.uleb128 0xb
 1150 003d 3B       		.uleb128 0x3b
 1151 003e 05       		.uleb128 0x5
 1152 003f 49       		.uleb128 0x49
 1153 0040 13       		.uleb128 0x13
 1154 0041 00       		.byte	0
 1155 0042 00       		.byte	0
 1156 0043 06       		.uleb128 0x6
 1157 0044 35       		.uleb128 0x35
 1158 0045 00       		.byte	0
 1159 0046 49       		.uleb128 0x49
 1160 0047 13       		.uleb128 0x13
 1161 0048 00       		.byte	0
 1162 0049 00       		.byte	0
 1163 004a 07       		.uleb128 0x7
 1164 004b 2E       		.uleb128 0x2e
 1165 004c 01       		.byte	0x1
 1166 004d 3F       		.uleb128 0x3f
 1167 004e 19       		.uleb128 0x19
 1168 004f 03       		.uleb128 0x3
 1169 0050 0E       		.uleb128 0xe
 1170 0051 3A       		.uleb128 0x3a
 1171 0052 0B       		.uleb128 0xb
 1172 0053 3B       		.uleb128 0x3b
 1173 0054 0B       		.uleb128 0xb
 1174 0055 27       		.uleb128 0x27
 1175 0056 19       		.uleb128 0x19
 1176 0057 11       		.uleb128 0x11
 1177 0058 01       		.uleb128 0x1
 1178 0059 12       		.uleb128 0x12
 1179 005a 06       		.uleb128 0x6
 1180 005b 40       		.uleb128 0x40
 1181 005c 18       		.uleb128 0x18
 1182 005d 9742     		.uleb128 0x2117
 1183 005f 19       		.uleb128 0x19
 1184 0060 01       		.uleb128 0x1
 1185 0061 13       		.uleb128 0x13
 1186 0062 00       		.byte	0
 1187 0063 00       		.byte	0
 1188 0064 08       		.uleb128 0x8
 1189 0065 898201   		.uleb128 0x4109
 1190 0068 01       		.byte	0x1
 1191 0069 11       		.uleb128 0x11
 1192 006a 01       		.uleb128 0x1
ARM GAS  C:\Users\NICOLA~1\AppData\Local\Temp\cc8QeoSf.s 			page 24


 1193 006b 31       		.uleb128 0x31
 1194 006c 13       		.uleb128 0x13
 1195 006d 01       		.uleb128 0x1
 1196 006e 13       		.uleb128 0x13
 1197 006f 00       		.byte	0
 1198 0070 00       		.byte	0
 1199 0071 09       		.uleb128 0x9
 1200 0072 8A8201   		.uleb128 0x410a
 1201 0075 00       		.byte	0
 1202 0076 02       		.uleb128 0x2
 1203 0077 18       		.uleb128 0x18
 1204 0078 9142     		.uleb128 0x2111
 1205 007a 18       		.uleb128 0x18
 1206 007b 00       		.byte	0
 1207 007c 00       		.byte	0
 1208 007d 0A       		.uleb128 0xa
 1209 007e 898201   		.uleb128 0x4109
 1210 0081 00       		.byte	0
 1211 0082 11       		.uleb128 0x11
 1212 0083 01       		.uleb128 0x1
 1213 0084 31       		.uleb128 0x31
 1214 0085 13       		.uleb128 0x13
 1215 0086 00       		.byte	0
 1216 0087 00       		.byte	0
 1217 0088 0B       		.uleb128 0xb
 1218 0089 2E       		.uleb128 0x2e
 1219 008a 01       		.byte	0x1
 1220 008b 3F       		.uleb128 0x3f
 1221 008c 19       		.uleb128 0x19
 1222 008d 03       		.uleb128 0x3
 1223 008e 0E       		.uleb128 0xe
 1224 008f 3A       		.uleb128 0x3a
 1225 0090 0B       		.uleb128 0xb
 1226 0091 3B       		.uleb128 0x3b
 1227 0092 0B       		.uleb128 0xb
 1228 0093 27       		.uleb128 0x27
 1229 0094 19       		.uleb128 0x19
 1230 0095 49       		.uleb128 0x49
 1231 0096 13       		.uleb128 0x13
 1232 0097 8701     		.uleb128 0x87
 1233 0099 19       		.uleb128 0x19
 1234 009a 11       		.uleb128 0x11
 1235 009b 01       		.uleb128 0x1
 1236 009c 12       		.uleb128 0x12
 1237 009d 06       		.uleb128 0x6
 1238 009e 40       		.uleb128 0x40
 1239 009f 18       		.uleb128 0x18
 1240 00a0 9742     		.uleb128 0x2117
 1241 00a2 19       		.uleb128 0x19
 1242 00a3 01       		.uleb128 0x1
 1243 00a4 13       		.uleb128 0x13
 1244 00a5 00       		.byte	0
 1245 00a6 00       		.byte	0
 1246 00a7 0C       		.uleb128 0xc
 1247 00a8 34       		.uleb128 0x34
 1248 00a9 00       		.byte	0
 1249 00aa 03       		.uleb128 0x3
ARM GAS  C:\Users\NICOLA~1\AppData\Local\Temp\cc8QeoSf.s 			page 25


 1250 00ab 0E       		.uleb128 0xe
 1251 00ac 3A       		.uleb128 0x3a
 1252 00ad 0B       		.uleb128 0xb
 1253 00ae 3B       		.uleb128 0x3b
 1254 00af 05       		.uleb128 0x5
 1255 00b0 49       		.uleb128 0x49
 1256 00b1 13       		.uleb128 0x13
 1257 00b2 3F       		.uleb128 0x3f
 1258 00b3 19       		.uleb128 0x19
 1259 00b4 3C       		.uleb128 0x3c
 1260 00b5 19       		.uleb128 0x19
 1261 00b6 00       		.byte	0
 1262 00b7 00       		.byte	0
 1263 00b8 0D       		.uleb128 0xd
 1264 00b9 34       		.uleb128 0x34
 1265 00ba 00       		.byte	0
 1266 00bb 03       		.uleb128 0x3
 1267 00bc 0E       		.uleb128 0xe
 1268 00bd 3A       		.uleb128 0x3a
 1269 00be 0B       		.uleb128 0xb
 1270 00bf 3B       		.uleb128 0x3b
 1271 00c0 0B       		.uleb128 0xb
 1272 00c1 49       		.uleb128 0x49
 1273 00c2 13       		.uleb128 0x13
 1274 00c3 3F       		.uleb128 0x3f
 1275 00c4 19       		.uleb128 0x19
 1276 00c5 02       		.uleb128 0x2
 1277 00c6 18       		.uleb128 0x18
 1278 00c7 00       		.byte	0
 1279 00c8 00       		.byte	0
 1280 00c9 0E       		.uleb128 0xe
 1281 00ca 2E       		.uleb128 0x2e
 1282 00cb 00       		.byte	0
 1283 00cc 3F       		.uleb128 0x3f
 1284 00cd 19       		.uleb128 0x19
 1285 00ce 3C       		.uleb128 0x3c
 1286 00cf 19       		.uleb128 0x19
 1287 00d0 6E       		.uleb128 0x6e
 1288 00d1 0E       		.uleb128 0xe
 1289 00d2 03       		.uleb128 0x3
 1290 00d3 0E       		.uleb128 0xe
 1291 00d4 3A       		.uleb128 0x3a
 1292 00d5 0B       		.uleb128 0xb
 1293 00d6 3B       		.uleb128 0x3b
 1294 00d7 0B       		.uleb128 0xb
 1295 00d8 00       		.byte	0
 1296 00d9 00       		.byte	0
 1297 00da 00       		.byte	0
 1298              		.section	.debug_aranges,"",%progbits
 1299 0000 24000000 		.4byte	0x24
 1300 0004 0200     		.2byte	0x2
 1301 0006 00000000 		.4byte	.Ldebug_info0
 1302 000a 04       		.byte	0x4
 1303 000b 00       		.byte	0
 1304 000c 0000     		.2byte	0
 1305 000e 0000     		.2byte	0
 1306 0010 00000000 		.4byte	.LFB63
ARM GAS  C:\Users\NICOLA~1\AppData\Local\Temp\cc8QeoSf.s 			page 26


 1307 0014 C4010000 		.4byte	.LFE63-.LFB63
 1308 0018 00000000 		.4byte	.LFB64
 1309 001c 14000000 		.4byte	.LFE64-.LFB64
 1310 0020 00000000 		.4byte	0
 1311 0024 00000000 		.4byte	0
 1312              		.section	.debug_ranges,"",%progbits
 1313              	.Ldebug_ranges0:
 1314 0000 00000000 		.4byte	.LFB63
 1315 0004 C4010000 		.4byte	.LFE63
 1316 0008 00000000 		.4byte	.LFB64
 1317 000c 14000000 		.4byte	.LFE64
 1318 0010 00000000 		.4byte	0
 1319 0014 00000000 		.4byte	0
 1320              		.section	.debug_line,"",%progbits
 1321              	.Ldebug_line0:
 1322 0000 DF010000 		.section	.debug_str,"MS",%progbits,1
 1322      02007E01 
 1322      00000201 
 1322      FB0E0D00 
 1322      01010101 
 1323              	.LASF24:
 1324 0000 53575F43 		.ascii	"SW_ClearInterrupt\000"
 1324      6C656172 
 1324      496E7465 
 1324      72727570 
 1324      7400
 1325              	.LASF25:
 1326 0012 4953525F 		.ascii	"ISR_SW_StartEx\000"
 1326      53575F53 
 1326      74617274 
 1326      457800
 1327              	.LASF21:
 1328 0021 50305F52 		.ascii	"P0_Read\000"
 1328      65616400 
 1329              	.LASF30:
 1330 0029 496E745F 		.ascii	"Int_SW\000"
 1330      535700
 1331              	.LASF9:
 1332 0030 5F5F696E 		.ascii	"__int32_t\000"
 1332      7433325F 
 1332      7400
 1333              	.LASF10:
 1334 003a 696E7433 		.ascii	"int32_t\000"
 1334      325F7400 
 1335              	.LASF12:
 1336 0042 666C6F61 		.ascii	"float\000"
 1336      7400
 1337              	.LASF26:
 1338 0048 4C43445F 		.ascii	"LCD_Start\000"
 1338      53746172 
 1338      7400
 1339              	.LASF1:
 1340 0052 756E7369 		.ascii	"unsigned char\000"
 1340      676E6564 
 1340      20636861 
 1340      7200
 1341              	.LASF27:
ARM GAS  C:\Users\NICOLA~1\AppData\Local\Temp\cc8QeoSf.s 			page 27


 1342 0060 474E5520 		.ascii	"GNU C11 5.4.1 20160609 (release) [ARM/embedded-5-br"
 1342      43313120 
 1342      352E342E 
 1342      31203230 
 1342      31363036 
 1343 0093 616E6368 		.ascii	"anch revision 237715] -mcpu=cortex-m3 -mthumb -g -O"
 1343      20726576 
 1343      6973696F 
 1343      6E203233 
 1343      37373135 
 1344 00c6 67202D66 		.ascii	"g -ffunction-sections -ffat-lto-objects\000"
 1344      66756E63 
 1344      74696F6E 
 1344      2D736563 
 1344      74696F6E 
 1345              	.LASF5:
 1346 00ee 6C6F6E67 		.ascii	"long unsigned int\000"
 1346      20756E73 
 1346      69676E65 
 1346      6420696E 
 1346      7400
 1347              	.LASF3:
 1348 0100 73686F72 		.ascii	"short unsigned int\000"
 1348      7420756E 
 1348      7369676E 
 1348      65642069 
 1348      6E7400
 1349              	.LASF29:
 1350 0113 433A5C55 		.ascii	"C:\\Users\\Nicolas Zamora\\Documents\\Embepot\\Filt"
 1350      73657273 
 1350      5C4E6963 
 1350      6F6C6173 
 1350      205A616D 
 1351 0141 726F2D44 		.ascii	"ro-Digital-Ajustable-por-Ventaneo\\FiltroDigital.cy"
 1351      69676974 
 1351      616C2D41 
 1351      6A757374 
 1351      61626C65 
 1352 0173 64736E00 		.ascii	"dsn\000"
 1353              	.LASF17:
 1354 0177 49544D5F 		.ascii	"ITM_RxBuffer\000"
 1354      52784275 
 1354      66666572 
 1354      00
 1355              	.LASF13:
 1356 0184 646F7562 		.ascii	"double\000"
 1356      6C6500
 1357              	.LASF31:
 1358 018b 6D61696E 		.ascii	"main\000"
 1358      00
 1359              	.LASF23:
 1360 0190 4C43445F 		.ascii	"LCD_PrintString\000"
 1360      5072696E 
 1360      74537472 
 1360      696E6700 
 1361              	.LASF8:
 1362 01a0 756E7369 		.ascii	"unsigned int\000"
ARM GAS  C:\Users\NICOLA~1\AppData\Local\Temp\cc8QeoSf.s 			page 28


 1362      676E6564 
 1362      20696E74 
 1362      00
 1363              	.LASF7:
 1364 01ad 6C6F6E67 		.ascii	"long long unsigned int\000"
 1364      206C6F6E 
 1364      6720756E 
 1364      7369676E 
 1364      65642069 
 1365              	.LASF22:
 1366 01c4 4C43445F 		.ascii	"LCD_Position\000"
 1366      506F7369 
 1366      74696F6E 
 1366      00
 1367              	.LASF20:
 1368 01d1 53575F52 		.ascii	"SW_Read\000"
 1368      65616400 
 1369              	.LASF19:
 1370 01d9 436F6E74 		.ascii	"Control_Write\000"
 1370      726F6C5F 
 1370      57726974 
 1370      6500
 1371              	.LASF15:
 1372 01e7 73697A65 		.ascii	"sizetype\000"
 1372      74797065 
 1372      00
 1373              	.LASF6:
 1374 01f0 6C6F6E67 		.ascii	"long long int\000"
 1374      206C6F6E 
 1374      6720696E 
 1374      7400
 1375              	.LASF28:
 1376 01fe 6D61696E 		.ascii	"main.c\000"
 1376      2E6300
 1377              	.LASF14:
 1378 0205 63686172 		.ascii	"char\000"
 1378      00
 1379              	.LASF18:
 1380 020a 6C657472 		.ascii	"letra\000"
 1380      6100
 1381              	.LASF2:
 1382 0210 73686F72 		.ascii	"short int\000"
 1382      7420696E 
 1382      7400
 1383              	.LASF11:
 1384 021a 75696E74 		.ascii	"uint8\000"
 1384      3800
 1385              	.LASF4:
 1386 0220 6C6F6E67 		.ascii	"long int\000"
 1386      20696E74 
 1386      00
 1387              	.LASF16:
 1388 0229 6C6F6E67 		.ascii	"long double\000"
 1388      20646F75 
 1388      626C6500 
 1389              	.LASF0:
 1390 0235 7369676E 		.ascii	"signed char\000"
ARM GAS  C:\Users\NICOLA~1\AppData\Local\Temp\cc8QeoSf.s 			page 29


 1390      65642063 
 1390      68617200 
 1391              		.ident	"GCC: (GNU Tools for ARM Embedded Processors) 5.4.1 20160609 (release) [ARM/embedded-5-bran
