Loading plugins phase: Elapsed time ==> 0s.525ms
<CYPRESSTAG name="CyDsfit arguments...">
cydsfit arguments: -.fdsnotice -.fdswarpdepfile=warp_dependencies.txt -.fdselabdepfile=elab_dependencies.txt -.fdsbldfile=generated_files.txt -.fdsreffile=referenced_files.txt -p C:\Users\Nicolas Zamora\Documents\Embepot\Filtro-Digital-Ajustable-por-Ventaneo\FiltroDigital.cydsn\FiltroDigital.cyprj -d CY8C5888LTI-LP097 -s C:\Users\Nicolas Zamora\Documents\Embepot\Filtro-Digital-Ajustable-por-Ventaneo\FiltroDigital.cydsn\Generated_Source\PSoC5 -- -yv2 -q10 -ygs -o2 -v3 -.fftcfgtype=LE
</CYPRESSTAG>
<CYPRESSTAG name="Design elaboration results...">
</CYPRESSTAG>
Elaboration phase: Elapsed time ==> 3s.754ms
<CYPRESSTAG name="HDL generation results...">
</CYPRESSTAG>
HDL generation phase: Elapsed time ==> 0s.192ms
<CYPRESSTAG name="Synthesis results...">

     | | | | | | |
   _________________
  -|               |-
  -|               |-
  -|               |-
  -|    CYPRESS    |-
  -|               |-
  -|               |-   Warp Verilog Synthesis Compiler: Version 6.3 IR 41
  -|               |-   Copyright (C) 1991-2001 Cypress Semiconductor
   |_______________|
     | | | | | | |

======================================================================
Compiling:  FiltroDigital.v
Program  :   C:\Program Files (x86)\Cypress\PSoC Creator\4.2\PSoC Creator\warp\bin\warp.exe
Options  :    -yv2 -q10 -ygs -o2 -v3 -.fftcfgtype=LE -ya -.fftprj=C:\Users\Nicolas Zamora\Documents\Embepot\Filtro-Digital-Ajustable-por-Ventaneo\FiltroDigital.cydsn\FiltroDigital.cyprj -dcpsoc3 FiltroDigital.v -verilog
======================================================================

======================================================================
Compiling:  FiltroDigital.v
Program  :   C:\Program Files (x86)\Cypress\PSoC Creator\4.2\PSoC Creator\warp\bin\warp.exe
Options  :    -yv2 -q10 -ygs -o2 -v3 -.fftcfgtype=LE -ya -.fftprj=C:\Users\Nicolas Zamora\Documents\Embepot\Filtro-Digital-Ajustable-por-Ventaneo\FiltroDigital.cydsn\FiltroDigital.cyprj -dcpsoc3 FiltroDigital.v -verilog
======================================================================

======================================================================
Compiling:  FiltroDigital.v
Program  :   vlogfe
Options  :    -yv2 -q10 -ygs -o2 -v3 -.fftcfgtype=LE -ya -.fftprj=C:\Users\Nicolas Zamora\Documents\Embepot\Filtro-Digital-Ajustable-por-Ventaneo\FiltroDigital.cydsn\FiltroDigital.cyprj -dcpsoc3 -verilog FiltroDigital.v
======================================================================

vlogfe V6.3 IR 41:  Verilog parser
Sat Sep 29 23:28:54 2018


======================================================================
Compiling:  FiltroDigital.v
Program  :   vpp
Options  :    -yv2 -q10 FiltroDigital.v
======================================================================

vpp V6.3 IR 41:  Verilog Pre-Processor
Sat Sep 29 23:28:54 2018

Flattening file 'C:\Program Files (x86)\Cypress\PSoC Creator\4.2\PSoC Creator\psoc\content\CyPrimitives\cyprimitives.cylib\not_v1_0\not_v1_0.v'
Flattening file 'C:\Program Files (x86)\Cypress\PSoC Creator\4.2\PSoC Creator\psoc\content\CyPrimitives\cyprimitives.cylib\cy_constant_v1_0\cy_constant_v1_0.v'
Flattening file 'C:\Program Files (x86)\Cypress\PSoC Creator\4.2\PSoC Creator\psoc\content\CyPrimitives\cyprimitives.cylib\demux_v1_10\demux_v1_10.v'
Flattening file 'C:\Program Files (x86)\Cypress\PSoC Creator\4.2\PSoC Creator\psoc\content\CyPrimitives\cyprimitives.cylib\CyControlReg_v1_80\CyControlReg_v1_80.v'
Flattening file 'C:\Program Files (x86)\Cypress\PSoC Creator\4.2\PSoC Creator\warp\lib\common\cypress.v'
Flattening file 'C:\Program Files (x86)\Cypress\PSoC Creator\4.2\PSoC Creator\warp\lib\common\cy_psoc3_inc.v'
Flattening file 'C:\Program Files (x86)\Cypress\PSoC Creator\4.2\PSoC Creator\psoc\content\CyComponentLibrary\CyComponentLibrary.cylib\BasicCounter_v1_0\BasicCounter_v1_0.v'
Flattening file 'C:\Program Files (x86)\Cypress\PSoC Creator\4.2\PSoC Creator\warp\lib\common\cypress.v'
Flattening file 'C:\Program Files (x86)\Cypress\PSoC Creator\4.2\PSoC Creator\psoc\content\CyPrimitives\cyprimitives.cylib\ZeroTerminal\ZeroTerminal.v'
Flattening file 'C:\Program Files (x86)\Cypress\PSoC Creator\4.2\PSoC Creator\psoc\content\CyPrimitives\cyprimitives.cylib\cy_virtualmux_v1_0\cy_virtualmux_v1_0.v'
Flattening file 'C:\Program Files (x86)\Cypress\PSoC Creator\4.2\PSoC Creator\psoc\content\CyPrimitives\cyprimitives.cylib\OneTerminal\OneTerminal.v'

vpp:  No errors.

Library 'work' => directory 'lcpsoc3'
General_symbol_table
General_symbol_table
Linking 'C:\Program Files (x86)\Cypress\PSoC Creator\4.2\PSoC Creator\warp\lib\common\std.vhd'.
Linking 'C:\Program Files (x86)\Cypress\PSoC Creator\4.2\PSoC Creator\warp\lib\common\cypress.vhd'.
Linking 'C:\Program Files (x86)\Cypress\PSoC Creator\4.2\PSoC Creator\warp\lib\common\work\cypress.vif'.
Linking 'C:\Program Files (x86)\Cypress\PSoC Creator\4.2\PSoC Creator\warp\lib\ieee\work\stdlogic.vif'.
Linking 'C:\Program Files (x86)\Cypress\PSoC Creator\4.2\PSoC Creator\warp\lib\common\stdlogic\lpmpkg.vif'.
Linking 'C:\Program Files (x86)\Cypress\PSoC Creator\4.2\PSoC Creator\warp\lib\common\stdlogic\rtlpkg.vif'.
Linking 'C:\Program Files (x86)\Cypress\PSoC Creator\4.2\PSoC Creator\warp\lib\common\stdlogic\mod_cnst.vif'.
Linking 'C:\Program Files (x86)\Cypress\PSoC Creator\4.2\PSoC Creator\warp\lib\common\stdlogic\mod_mthv.vif'.
Linking 'C:\Program Files (x86)\Cypress\PSoC Creator\4.2\PSoC Creator\warp\lib\common\stdlogic\mod_genv.vif'.
Using control file 'FiltroDigital.ctl'.
C:\Program Files (x86)\Cypress\PSoC Creator\4.2\PSoC Creator\psoc\content\CyComponentLibrary\CyComponentLibrary.cylib\BasicCounter_v1_0\BasicCounter_v1_0.v (line 59, col 28):  Note: Substituting module 'add_vi_vv' for '+'.

vlogfe:  No errors.


======================================================================
Compiling:  FiltroDigital.v
Program  :   tovif
Options  :    -yv2 -q10 -ygs -o2 -v3 -.fftcfgtype=LE -ya -.fftprj=C:\Users\Nicolas Zamora\Documents\Embepot\Filtro-Digital-Ajustable-por-Ventaneo\FiltroDigital.cydsn\FiltroDigital.cyprj -dcpsoc3 -verilog FiltroDigital.v
======================================================================

tovif V6.3 IR 41:  High-level synthesis
Sat Sep 29 23:28:54 2018

Linking 'C:\Program Files (x86)\Cypress\PSoC Creator\4.2\PSoC Creator\warp\lib\common\std.vhd'.
Linking 'C:\Program Files (x86)\Cypress\PSoC Creator\4.2\PSoC Creator\warp\lib\common\cypress.vhd'.
Linking 'C:\Program Files (x86)\Cypress\PSoC Creator\4.2\PSoC Creator\warp\lib\common\work\cypress.vif'.
Linking 'C:\Program Files (x86)\Cypress\PSoC Creator\4.2\PSoC Creator\warp\lib\ieee\work\stdlogic.vif'.
Linking 'C:\Program Files (x86)\Cypress\PSoC Creator\4.2\PSoC Creator\warp\lib\common\stdlogic\lpmpkg.vif'.
Linking 'C:\Program Files (x86)\Cypress\PSoC Creator\4.2\PSoC Creator\warp\lib\common\stdlogic\rtlpkg.vif'.
Linking 'C:\Program Files (x86)\Cypress\PSoC Creator\4.2\PSoC Creator\warp\lib\common\stdlogic\mod_cnst.vif'.
Linking 'C:\Program Files (x86)\Cypress\PSoC Creator\4.2\PSoC Creator\warp\lib\common\stdlogic\mod_mthv.vif'.
Linking 'C:\Program Files (x86)\Cypress\PSoC Creator\4.2\PSoC Creator\warp\lib\common\stdlogic\mod_genv.vif'.
Linking 'C:\Users\Nicolas Zamora\Documents\Embepot\Filtro-Digital-Ajustable-por-Ventaneo\FiltroDigital.cydsn\codegentemp\FiltroDigital.ctl'.
Linking 'C:\Users\Nicolas Zamora\Documents\Embepot\Filtro-Digital-Ajustable-por-Ventaneo\FiltroDigital.cydsn\codegentemp\FiltroDigital.v'.
Linking 'C:\Program Files (x86)\Cypress\PSoC Creator\4.2\PSoC Creator\psoc\content\CyPrimitives\cyprimitives.cylib\not_v1_0\not_v1_0.v'.
Linking 'C:\Program Files (x86)\Cypress\PSoC Creator\4.2\PSoC Creator\psoc\content\CyPrimitives\cyprimitives.cylib\cy_constant_v1_0\cy_constant_v1_0.v'.
Linking 'C:\Program Files (x86)\Cypress\PSoC Creator\4.2\PSoC Creator\psoc\content\CyPrimitives\cyprimitives.cylib\demux_v1_10\demux_v1_10.v'.
Linking 'C:\Program Files (x86)\Cypress\PSoC Creator\4.2\PSoC Creator\psoc\content\CyPrimitives\cyprimitives.cylib\CyControlReg_v1_80\CyControlReg_v1_80.v'.
Linking 'C:\Program Files (x86)\Cypress\PSoC Creator\4.2\PSoC Creator\warp\lib\common\cypress.v'.
Linking 'C:\Program Files (x86)\Cypress\PSoC Creator\4.2\PSoC Creator\warp\lib\common\cy_psoc3_inc.v'.
Linking 'C:\Program Files (x86)\Cypress\PSoC Creator\4.2\PSoC Creator\psoc\content\CyComponentLibrary\CyComponentLibrary.cylib\BasicCounter_v1_0\BasicCounter_v1_0.v'.
Linking 'C:\Program Files (x86)\Cypress\PSoC Creator\4.2\PSoC Creator\psoc\content\CyPrimitives\cyprimitives.cylib\ZeroTerminal\ZeroTerminal.v'.
Linking 'C:\Program Files (x86)\Cypress\PSoC Creator\4.2\PSoC Creator\psoc\content\CyPrimitives\cyprimitives.cylib\cy_virtualmux_v1_0\cy_virtualmux_v1_0.v'.
Linking 'C:\Program Files (x86)\Cypress\PSoC Creator\4.2\PSoC Creator\psoc\content\CyPrimitives\cyprimitives.cylib\OneTerminal\OneTerminal.v'.
Linking 'C:\Program Files (x86)\Cypress\PSoC Creator\4.2\PSoC Creator\warp\lib\lcpsoc3\stdlogic\mod_cnst.vif'.

tovif:  No errors.


======================================================================
Compiling:  FiltroDigital.v
Program  :   topld
Options  :    -yv2 -q10 -ygs -o2 -v3 -.fftcfgtype=LE -ya -.fftprj=C:\Users\Nicolas Zamora\Documents\Embepot\Filtro-Digital-Ajustable-por-Ventaneo\FiltroDigital.cydsn\FiltroDigital.cyprj -dcpsoc3 -verilog FiltroDigital.v
======================================================================

topld V6.3 IR 41:  Synthesis and optimization
Sat Sep 29 23:28:54 2018

Linking 'C:\Program Files (x86)\Cypress\PSoC Creator\4.2\PSoC Creator\warp\lib\common\std.vhd'.
Linking 'C:\Program Files (x86)\Cypress\PSoC Creator\4.2\PSoC Creator\warp\lib\common\cypress.vhd'.
Linking 'C:\Program Files (x86)\Cypress\PSoC Creator\4.2\PSoC Creator\warp\lib\common\work\cypress.vif'.
Linking 'C:\Program Files (x86)\Cypress\PSoC Creator\4.2\PSoC Creator\warp\lib\ieee\work\stdlogic.vif'.
Linking 'C:\Program Files (x86)\Cypress\PSoC Creator\4.2\PSoC Creator\warp\lib\common\stdlogic\lpmpkg.vif'.
Linking 'C:\Program Files (x86)\Cypress\PSoC Creator\4.2\PSoC Creator\warp\lib\common\stdlogic\rtlpkg.vif'.
Linking 'C:\Program Files (x86)\Cypress\PSoC Creator\4.2\PSoC Creator\warp\lib\common\stdlogic\mod_cnst.vif'.
Linking 'C:\Program Files (x86)\Cypress\PSoC Creator\4.2\PSoC Creator\warp\lib\common\stdlogic\mod_mthv.vif'.
Linking 'C:\Program Files (x86)\Cypress\PSoC Creator\4.2\PSoC Creator\warp\lib\common\stdlogic\mod_genv.vif'.
Linking 'C:\Users\Nicolas Zamora\Documents\Embepot\Filtro-Digital-Ajustable-por-Ventaneo\FiltroDigital.cydsn\codegentemp\FiltroDigital.ctl'.
Linking 'C:\Users\Nicolas Zamora\Documents\Embepot\Filtro-Digital-Ajustable-por-Ventaneo\FiltroDigital.cydsn\codegentemp\FiltroDigital.v'.
Linking 'C:\Program Files (x86)\Cypress\PSoC Creator\4.2\PSoC Creator\psoc\content\CyPrimitives\cyprimitives.cylib\not_v1_0\not_v1_0.v'.
Linking 'C:\Program Files (x86)\Cypress\PSoC Creator\4.2\PSoC Creator\psoc\content\CyPrimitives\cyprimitives.cylib\cy_constant_v1_0\cy_constant_v1_0.v'.
Linking 'C:\Program Files (x86)\Cypress\PSoC Creator\4.2\PSoC Creator\psoc\content\CyPrimitives\cyprimitives.cylib\demux_v1_10\demux_v1_10.v'.
Linking 'C:\Program Files (x86)\Cypress\PSoC Creator\4.2\PSoC Creator\psoc\content\CyPrimitives\cyprimitives.cylib\CyControlReg_v1_80\CyControlReg_v1_80.v'.
Linking 'C:\Program Files (x86)\Cypress\PSoC Creator\4.2\PSoC Creator\warp\lib\common\cypress.v'.
Linking 'C:\Program Files (x86)\Cypress\PSoC Creator\4.2\PSoC Creator\warp\lib\common\cy_psoc3_inc.v'.
Linking 'C:\Program Files (x86)\Cypress\PSoC Creator\4.2\PSoC Creator\psoc\content\CyComponentLibrary\CyComponentLibrary.cylib\BasicCounter_v1_0\BasicCounter_v1_0.v'.
Linking 'C:\Program Files (x86)\Cypress\PSoC Creator\4.2\PSoC Creator\psoc\content\CyPrimitives\cyprimitives.cylib\ZeroTerminal\ZeroTerminal.v'.
Linking 'C:\Program Files (x86)\Cypress\PSoC Creator\4.2\PSoC Creator\psoc\content\CyPrimitives\cyprimitives.cylib\cy_virtualmux_v1_0\cy_virtualmux_v1_0.v'.
Linking 'C:\Program Files (x86)\Cypress\PSoC Creator\4.2\PSoC Creator\psoc\content\CyPrimitives\cyprimitives.cylib\OneTerminal\OneTerminal.v'.
Linking 'C:\Program Files (x86)\Cypress\PSoC Creator\4.2\PSoC Creator\warp\lib\lcpsoc3\stdlogic\mod_cnst.vif'.
Linking 'C:\Program Files (x86)\Cypress\PSoC Creator\4.2\PSoC Creator\warp\lib\lcpsoc3\stdlogic\cpsoc3.vif'.

----------------------------------------------------------
Detecting unused logic.
----------------------------------------------------------
    User names
	Net_178
	Net_179
	Net_180
	Net_182
	Net_183
	Net_184
	Net_185
	\BasicCounter_1:MODULE_1:b_31\
	\BasicCounter_1:MODULE_1:b_30\
	\BasicCounter_1:MODULE_1:b_29\
	\BasicCounter_1:MODULE_1:b_28\
	\BasicCounter_1:MODULE_1:b_27\
	\BasicCounter_1:MODULE_1:b_26\
	\BasicCounter_1:MODULE_1:b_25\
	\BasicCounter_1:MODULE_1:b_24\
	\BasicCounter_1:MODULE_1:b_23\
	\BasicCounter_1:MODULE_1:b_22\
	\BasicCounter_1:MODULE_1:b_21\
	\BasicCounter_1:MODULE_1:b_20\
	\BasicCounter_1:MODULE_1:b_19\
	\BasicCounter_1:MODULE_1:b_18\
	\BasicCounter_1:MODULE_1:b_17\
	\BasicCounter_1:MODULE_1:b_16\
	\BasicCounter_1:MODULE_1:b_15\
	\BasicCounter_1:MODULE_1:b_14\
	\BasicCounter_1:MODULE_1:b_13\
	\BasicCounter_1:MODULE_1:b_12\
	\BasicCounter_1:MODULE_1:b_11\
	\BasicCounter_1:MODULE_1:b_10\
	\BasicCounter_1:MODULE_1:b_9\
	\BasicCounter_1:MODULE_1:b_8\
	\BasicCounter_1:MODULE_1:b_7\
	\BasicCounter_1:MODULE_1:b_6\
	\BasicCounter_1:MODULE_1:b_5\
	\BasicCounter_1:MODULE_1:b_4\
	\BasicCounter_1:MODULE_1:b_3\
	\BasicCounter_1:MODULE_1:b_2\
	\BasicCounter_1:MODULE_1:b_1\
	\BasicCounter_1:MODULE_1:b_0\
	\BasicCounter_1:MODULE_1:g2:a0:a_31\
	\BasicCounter_1:MODULE_1:g2:a0:a_30\
	\BasicCounter_1:MODULE_1:g2:a0:a_29\
	\BasicCounter_1:MODULE_1:g2:a0:a_28\
	\BasicCounter_1:MODULE_1:g2:a0:a_27\
	\BasicCounter_1:MODULE_1:g2:a0:a_26\
	\BasicCounter_1:MODULE_1:g2:a0:a_25\
	\BasicCounter_1:MODULE_1:g2:a0:a_24\
	\BasicCounter_1:MODULE_1:g2:a0:b_31\
	\BasicCounter_1:MODULE_1:g2:a0:b_30\
	\BasicCounter_1:MODULE_1:g2:a0:b_29\
	\BasicCounter_1:MODULE_1:g2:a0:b_28\
	\BasicCounter_1:MODULE_1:g2:a0:b_27\
	\BasicCounter_1:MODULE_1:g2:a0:b_26\
	\BasicCounter_1:MODULE_1:g2:a0:b_25\
	\BasicCounter_1:MODULE_1:g2:a0:b_24\
	\BasicCounter_1:MODULE_1:g2:a0:b_23\
	\BasicCounter_1:MODULE_1:g2:a0:b_22\
	\BasicCounter_1:MODULE_1:g2:a0:b_21\
	\BasicCounter_1:MODULE_1:g2:a0:b_20\
	\BasicCounter_1:MODULE_1:g2:a0:b_19\
	\BasicCounter_1:MODULE_1:g2:a0:b_18\
	\BasicCounter_1:MODULE_1:g2:a0:b_17\
	\BasicCounter_1:MODULE_1:g2:a0:b_16\
	\BasicCounter_1:MODULE_1:g2:a0:b_15\
	\BasicCounter_1:MODULE_1:g2:a0:b_14\
	\BasicCounter_1:MODULE_1:g2:a0:b_13\
	\BasicCounter_1:MODULE_1:g2:a0:b_12\
	\BasicCounter_1:MODULE_1:g2:a0:b_11\
	\BasicCounter_1:MODULE_1:g2:a0:b_10\
	\BasicCounter_1:MODULE_1:g2:a0:b_9\
	\BasicCounter_1:MODULE_1:g2:a0:b_8\
	\BasicCounter_1:MODULE_1:g2:a0:b_7\
	\BasicCounter_1:MODULE_1:g2:a0:b_6\
	\BasicCounter_1:MODULE_1:g2:a0:b_5\
	\BasicCounter_1:MODULE_1:g2:a0:b_4\
	\BasicCounter_1:MODULE_1:g2:a0:b_3\
	\BasicCounter_1:MODULE_1:g2:a0:b_2\
	\BasicCounter_1:MODULE_1:g2:a0:b_1\
	\BasicCounter_1:MODULE_1:g2:a0:b_0\
	\BasicCounter_1:MODULE_1:g2:a0:s_31\
	\BasicCounter_1:MODULE_1:g2:a0:s_30\
	\BasicCounter_1:MODULE_1:g2:a0:s_29\
	\BasicCounter_1:MODULE_1:g2:a0:s_28\
	\BasicCounter_1:MODULE_1:g2:a0:s_27\
	\BasicCounter_1:MODULE_1:g2:a0:s_26\
	\BasicCounter_1:MODULE_1:g2:a0:s_25\
	\BasicCounter_1:MODULE_1:g2:a0:s_24\
	\BasicCounter_1:MODULE_1:g2:a0:s_23\
	\BasicCounter_1:MODULE_1:g2:a0:s_22\
	\BasicCounter_1:MODULE_1:g2:a0:s_21\
	\BasicCounter_1:MODULE_1:g2:a0:s_20\
	\BasicCounter_1:MODULE_1:g2:a0:s_19\
	\BasicCounter_1:MODULE_1:g2:a0:s_18\
	\BasicCounter_1:MODULE_1:g2:a0:s_17\
	\BasicCounter_1:MODULE_1:g2:a0:s_16\
	\BasicCounter_1:MODULE_1:g2:a0:s_15\
	\BasicCounter_1:MODULE_1:g2:a0:s_14\
	\BasicCounter_1:MODULE_1:g2:a0:s_13\
	\BasicCounter_1:MODULE_1:g2:a0:s_12\
	\BasicCounter_1:MODULE_1:g2:a0:s_11\
	\BasicCounter_1:MODULE_1:g2:a0:s_10\
	\BasicCounter_1:MODULE_1:g2:a0:s_9\
	\BasicCounter_1:MODULE_1:g2:a0:s_8\
	\BasicCounter_1:MODULE_1:g2:a0:s_7\
	\BasicCounter_1:MODULE_1:g2:a0:s_6\
	\BasicCounter_1:MODULE_1:g2:a0:s_5\
	\BasicCounter_1:MODULE_1:g2:a0:s_4\
	\BasicCounter_1:MODULE_1:g2:a0:s_3\
	\BasicCounter_1:MODULE_1:g2:a0:s_2\
	\BasicCounter_1:MODULE_1:g2:a0:g1:z1:s0:g1:u0:c_31\
	\BasicCounter_1:MODULE_1:g2:a0:g1:z1:s0:g1:u0:c_30\
	\BasicCounter_1:MODULE_1:g2:a0:g1:z1:s0:g1:u0:c_29\
	\BasicCounter_1:MODULE_1:g2:a0:g1:z1:s0:g1:u0:c_28\
	\BasicCounter_1:MODULE_1:g2:a0:g1:z1:s0:g1:u0:c_27\
	\BasicCounter_1:MODULE_1:g2:a0:g1:z1:s0:g1:u0:c_26\
	\BasicCounter_1:MODULE_1:g2:a0:g1:z1:s0:g1:u0:c_25\
	Net_206

    Synthesized names
	\BasicCounter_1:add_vi_vv_MODGEN_1_31\
	\BasicCounter_1:add_vi_vv_MODGEN_1_30\
	\BasicCounter_1:add_vi_vv_MODGEN_1_29\
	\BasicCounter_1:add_vi_vv_MODGEN_1_28\
	\BasicCounter_1:add_vi_vv_MODGEN_1_27\
	\BasicCounter_1:add_vi_vv_MODGEN_1_26\
	\BasicCounter_1:add_vi_vv_MODGEN_1_25\
	\BasicCounter_1:add_vi_vv_MODGEN_1_24\
	\BasicCounter_1:add_vi_vv_MODGEN_1_23\
	\BasicCounter_1:add_vi_vv_MODGEN_1_22\
	\BasicCounter_1:add_vi_vv_MODGEN_1_21\
	\BasicCounter_1:add_vi_vv_MODGEN_1_20\
	\BasicCounter_1:add_vi_vv_MODGEN_1_19\
	\BasicCounter_1:add_vi_vv_MODGEN_1_18\
	\BasicCounter_1:add_vi_vv_MODGEN_1_17\
	\BasicCounter_1:add_vi_vv_MODGEN_1_16\
	\BasicCounter_1:add_vi_vv_MODGEN_1_15\
	\BasicCounter_1:add_vi_vv_MODGEN_1_14\
	\BasicCounter_1:add_vi_vv_MODGEN_1_13\
	\BasicCounter_1:add_vi_vv_MODGEN_1_12\
	\BasicCounter_1:add_vi_vv_MODGEN_1_11\
	\BasicCounter_1:add_vi_vv_MODGEN_1_10\
	\BasicCounter_1:add_vi_vv_MODGEN_1_9\
	\BasicCounter_1:add_vi_vv_MODGEN_1_8\
	\BasicCounter_1:add_vi_vv_MODGEN_1_7\
	\BasicCounter_1:add_vi_vv_MODGEN_1_6\
	\BasicCounter_1:add_vi_vv_MODGEN_1_5\
	\BasicCounter_1:add_vi_vv_MODGEN_1_4\
	\BasicCounter_1:add_vi_vv_MODGEN_1_3\
	\BasicCounter_1:add_vi_vv_MODGEN_1_2\

Deleted 117 User equations/components.
Deleted 30 Synthesized equations/components.

------------------------------------------------------
Alias Detection
------------------------------------------------------
Aliasing \LCD:tmpOE__LCDPort_net_5\ to \LCD:tmpOE__LCDPort_net_6\
Aliasing \LCD:tmpOE__LCDPort_net_4\ to \LCD:tmpOE__LCDPort_net_6\
Aliasing \LCD:tmpOE__LCDPort_net_3\ to \LCD:tmpOE__LCDPort_net_6\
Aliasing \LCD:tmpOE__LCDPort_net_2\ to \LCD:tmpOE__LCDPort_net_6\
Aliasing \LCD:tmpOE__LCDPort_net_1\ to \LCD:tmpOE__LCDPort_net_6\
Aliasing \LCD:tmpOE__LCDPort_net_0\ to \LCD:tmpOE__LCDPort_net_6\
Aliasing one to \LCD:tmpOE__LCDPort_net_6\
Aliasing tmpOE__SW_net_3 to \LCD:tmpOE__LCDPort_net_6\
Aliasing tmpOE__SW_net_2 to \LCD:tmpOE__LCDPort_net_6\
Aliasing tmpOE__SW_net_1 to \LCD:tmpOE__LCDPort_net_6\
Aliasing tmpOE__SW_net_0 to \LCD:tmpOE__LCDPort_net_6\
Aliasing tmpOE__P0_net_3 to \LCD:tmpOE__LCDPort_net_6\
Aliasing tmpOE__P0_net_2 to \LCD:tmpOE__LCDPort_net_6\
Aliasing tmpOE__P0_net_1 to \LCD:tmpOE__LCDPort_net_6\
Aliasing tmpOE__P0_net_0 to \LCD:tmpOE__LCDPort_net_6\
Aliasing Net_158 to \LCD:tmpOE__LCDPort_net_6\
Aliasing \Control:clk\ to zero
Aliasing \Control:rst\ to zero
Aliasing Net_204 to zero
Aliasing \BasicCounter_1:MODULE_1:g2:a0:a_23\ to zero
Aliasing \BasicCounter_1:MODULE_1:g2:a0:a_22\ to zero
Aliasing \BasicCounter_1:MODULE_1:g2:a0:a_21\ to zero
Aliasing \BasicCounter_1:MODULE_1:g2:a0:a_20\ to zero
Aliasing \BasicCounter_1:MODULE_1:g2:a0:a_19\ to zero
Aliasing \BasicCounter_1:MODULE_1:g2:a0:a_18\ to zero
Aliasing \BasicCounter_1:MODULE_1:g2:a0:a_17\ to zero
Aliasing \BasicCounter_1:MODULE_1:g2:a0:a_16\ to zero
Aliasing \BasicCounter_1:MODULE_1:g2:a0:a_15\ to zero
Aliasing \BasicCounter_1:MODULE_1:g2:a0:a_14\ to zero
Aliasing \BasicCounter_1:MODULE_1:g2:a0:a_13\ to zero
Aliasing \BasicCounter_1:MODULE_1:g2:a0:a_12\ to zero
Aliasing \BasicCounter_1:MODULE_1:g2:a0:a_11\ to zero
Aliasing \BasicCounter_1:MODULE_1:g2:a0:a_10\ to zero
Aliasing \BasicCounter_1:MODULE_1:g2:a0:a_9\ to zero
Aliasing \BasicCounter_1:MODULE_1:g2:a0:a_8\ to zero
Aliasing \BasicCounter_1:MODULE_1:g2:a0:a_7\ to zero
Aliasing \BasicCounter_1:MODULE_1:g2:a0:a_6\ to zero
Aliasing \BasicCounter_1:MODULE_1:g2:a0:a_5\ to zero
Aliasing \BasicCounter_1:MODULE_1:g2:a0:a_4\ to zero
Aliasing \BasicCounter_1:MODULE_1:g2:a0:a_3\ to zero
Aliasing \BasicCounter_1:MODULE_1:g2:a0:a_2\ to zero
Aliasing \BasicCounter_1:MODULE_1:g2:a0:g1:z1:s0:g1:u0:b_0\ to \LCD:tmpOE__LCDPort_net_6\
Aliasing Net_12 to zero
Aliasing \Timer:Net_260\ to zero
Aliasing \Timer:Net_102\ to \LCD:tmpOE__LCDPort_net_6\
Removing Lhs of wire \LCD:tmpOE__LCDPort_net_5\[4] = \LCD:tmpOE__LCDPort_net_6\[3]
Removing Lhs of wire \LCD:tmpOE__LCDPort_net_4\[5] = \LCD:tmpOE__LCDPort_net_6\[3]
Removing Lhs of wire \LCD:tmpOE__LCDPort_net_3\[6] = \LCD:tmpOE__LCDPort_net_6\[3]
Removing Lhs of wire \LCD:tmpOE__LCDPort_net_2\[7] = \LCD:tmpOE__LCDPort_net_6\[3]
Removing Lhs of wire \LCD:tmpOE__LCDPort_net_1\[8] = \LCD:tmpOE__LCDPort_net_6\[3]
Removing Lhs of wire \LCD:tmpOE__LCDPort_net_0\[9] = \LCD:tmpOE__LCDPort_net_6\[3]
Removing Rhs of wire one[26] = \LCD:tmpOE__LCDPort_net_6\[3]
Removing Lhs of wire tmpOE__SW_net_3[29] = one[26]
Removing Lhs of wire tmpOE__SW_net_2[30] = one[26]
Removing Lhs of wire tmpOE__SW_net_1[31] = one[26]
Removing Lhs of wire tmpOE__SW_net_0[32] = one[26]
Removing Rhs of wire Net_169[43] = \demux_1:tmp__demux_1_3_reg\[69]
Removing Lhs of wire tmpOE__P0_net_3[45] = one[26]
Removing Lhs of wire tmpOE__P0_net_2[46] = one[26]
Removing Lhs of wire tmpOE__P0_net_1[47] = one[26]
Removing Lhs of wire tmpOE__P0_net_0[48] = one[26]
Removing Rhs of wire Net_165[62] = \demux_1:tmp__demux_1_1_reg\[67]
Removing Lhs of wire Net_158[63] = one[26]
Removing Rhs of wire Net_163[70] = \demux_1:tmp__demux_1_0_reg\[64]
Removing Rhs of wire Net_167[71] = \demux_1:tmp__demux_1_2_reg\[68]
Removing Lhs of wire \Control:clk\[72] = zero[10]
Removing Lhs of wire \Control:rst\[73] = zero[10]
Removing Rhs of wire Net_205[74] = \Control:control_out_0\[75]
Removing Rhs of wire Net_205[74] = \Control:control_0\[98]
Removing Lhs of wire Net_204[100] = zero[10]
Removing Lhs of wire \BasicCounter_1:add_vi_vv_MODGEN_1_1\[101] = \BasicCounter_1:MODULE_1:g2:a0:s_1\[261]
Removing Lhs of wire \BasicCounter_1:add_vi_vv_MODGEN_1_0\[102] = \BasicCounter_1:MODULE_1:g2:a0:s_0\[262]
Removing Lhs of wire \BasicCounter_1:MODULE_1:g2:a0:a_23\[143] = zero[10]
Removing Lhs of wire \BasicCounter_1:MODULE_1:g2:a0:a_22\[144] = zero[10]
Removing Lhs of wire \BasicCounter_1:MODULE_1:g2:a0:a_21\[145] = zero[10]
Removing Lhs of wire \BasicCounter_1:MODULE_1:g2:a0:a_20\[146] = zero[10]
Removing Lhs of wire \BasicCounter_1:MODULE_1:g2:a0:a_19\[147] = zero[10]
Removing Lhs of wire \BasicCounter_1:MODULE_1:g2:a0:a_18\[148] = zero[10]
Removing Lhs of wire \BasicCounter_1:MODULE_1:g2:a0:a_17\[149] = zero[10]
Removing Lhs of wire \BasicCounter_1:MODULE_1:g2:a0:a_16\[150] = zero[10]
Removing Lhs of wire \BasicCounter_1:MODULE_1:g2:a0:a_15\[151] = zero[10]
Removing Lhs of wire \BasicCounter_1:MODULE_1:g2:a0:a_14\[152] = zero[10]
Removing Lhs of wire \BasicCounter_1:MODULE_1:g2:a0:a_13\[153] = zero[10]
Removing Lhs of wire \BasicCounter_1:MODULE_1:g2:a0:a_12\[154] = zero[10]
Removing Lhs of wire \BasicCounter_1:MODULE_1:g2:a0:a_11\[155] = zero[10]
Removing Lhs of wire \BasicCounter_1:MODULE_1:g2:a0:a_10\[156] = zero[10]
Removing Lhs of wire \BasicCounter_1:MODULE_1:g2:a0:a_9\[157] = zero[10]
Removing Lhs of wire \BasicCounter_1:MODULE_1:g2:a0:a_8\[158] = zero[10]
Removing Lhs of wire \BasicCounter_1:MODULE_1:g2:a0:a_7\[159] = zero[10]
Removing Lhs of wire \BasicCounter_1:MODULE_1:g2:a0:a_6\[160] = zero[10]
Removing Lhs of wire \BasicCounter_1:MODULE_1:g2:a0:a_5\[161] = zero[10]
Removing Lhs of wire \BasicCounter_1:MODULE_1:g2:a0:a_4\[162] = zero[10]
Removing Lhs of wire \BasicCounter_1:MODULE_1:g2:a0:a_3\[163] = zero[10]
Removing Lhs of wire \BasicCounter_1:MODULE_1:g2:a0:a_2\[164] = zero[10]
Removing Lhs of wire \BasicCounter_1:MODULE_1:g2:a0:a_1\[165] = \BasicCounter_1:MODIN1_1\[166]
Removing Lhs of wire \BasicCounter_1:MODIN1_1\[166] = Net_148_1[65]
Removing Lhs of wire \BasicCounter_1:MODULE_1:g2:a0:a_0\[167] = \BasicCounter_1:MODIN1_0\[168]
Removing Lhs of wire \BasicCounter_1:MODIN1_0\[168] = Net_148_0[66]
Removing Lhs of wire \BasicCounter_1:MODULE_1:g2:a0:g1:z1:s0:g1:u0:c_0\[300] = one[26]
Removing Lhs of wire \BasicCounter_1:MODULE_1:g2:a0:g1:z1:s0:g1:u0:b_0\[301] = one[26]
Removing Lhs of wire Net_12[303] = zero[10]
Removing Lhs of wire \Timer:Net_260\[305] = zero[10]
Removing Lhs of wire \Timer:Net_266\[306] = one[26]
Removing Rhs of wire Net_211[311] = \Timer:Net_51\[307]
Removing Lhs of wire \Timer:Net_102\[312] = one[26]

------------------------------------------------------
Aliased 0 equations, 60 wires.
------------------------------------------------------

----------------------------------------------------------
Circuit simplification
----------------------------------------------------------

Substituting virtuals - pass 1:

Note:  Expanding virtual equation for 'one' (cost = 0):
one <=  ('1') ;

Note:  Expanding virtual equation for 'zero' (cost = 0):
zero <=  ('0') ;

Note:  Expanding virtual equation for 'Net_169' (cost = 2):
Net_169 <= ((Net_148_1 and Net_148_0));

Note:  Expanding virtual equation for 'Net_167' (cost = 2):
Net_167 <= ((not Net_148_0 and Net_148_1));

Note:  Expanding virtual equation for 'Net_165' (cost = 2):
Net_165 <= ((not Net_148_1 and Net_148_0));

Note:  Expanding virtual equation for 'Net_163' (cost = 2):
Net_163 <= ((not Net_148_1 and not Net_148_0));

Note:  Expanding virtual equation for '\BasicCounter_1:MODULE_1:g2:a0:g1:z1:s0:g1:u0:c_1\' (cost = 0):
\BasicCounter_1:MODULE_1:g2:a0:g1:z1:s0:g1:u0:c_1\ <= (Net_148_0);

Note:  Expanding virtual equation for '\BasicCounter_1:MODULE_1:g2:a0:s_0\' (cost = 0):
\BasicCounter_1:MODULE_1:g2:a0:s_0\ <= (not Net_148_0);

Note:  Expanding virtual equation for '\BasicCounter_1:MODULE_1:g2:a0:g1:z1:s0:g1:u0:c_17\' (cost = 0):
\BasicCounter_1:MODULE_1:g2:a0:g1:z1:s0:g1:u0:c_17\ <=  ('0') ;

Note:  Expanding virtual equation for '\BasicCounter_1:MODULE_1:g2:a0:g1:z1:s0:g1:u0:c_9\' (cost = 0):
\BasicCounter_1:MODULE_1:g2:a0:g1:z1:s0:g1:u0:c_9\ <=  ('0') ;

Note:  Expanding virtual equation for '\BasicCounter_1:MODULE_1:g2:a0:g1:z1:s0:g1:u0:c_2\' (cost = 0):
\BasicCounter_1:MODULE_1:g2:a0:g1:z1:s0:g1:u0:c_2\ <= ((Net_148_1 and Net_148_0));


Substituting virtuals - pass 2:

Note:  Expanding virtual equation for '\BasicCounter_1:MODULE_1:g2:a0:s_1\' (cost = 2):
\BasicCounter_1:MODULE_1:g2:a0:s_1\ <= ((not Net_148_0 and Net_148_1)
	OR (not Net_148_1 and Net_148_0));

Note:  Expanding virtual equation for '\BasicCounter_1:MODULE_1:g2:a0:g1:z1:s0:g1:u0:c_18\' (cost = 0):
\BasicCounter_1:MODULE_1:g2:a0:g1:z1:s0:g1:u0:c_18\ <=  ('0') ;

Note:  Expanding virtual equation for '\BasicCounter_1:MODULE_1:g2:a0:g1:z1:s0:g1:u0:c_10\' (cost = 0):
\BasicCounter_1:MODULE_1:g2:a0:g1:z1:s0:g1:u0:c_10\ <=  ('0') ;

Note:  Expanding virtual equation for '\BasicCounter_1:MODULE_1:g2:a0:g1:z1:s0:g1:u0:c_3\' (cost = 0):
\BasicCounter_1:MODULE_1:g2:a0:g1:z1:s0:g1:u0:c_3\ <=  ('0') ;


Substituting virtuals - pass 3:

Note:  Expanding virtual equation for '\BasicCounter_1:MODULE_1:g2:a0:g1:z1:s0:g1:u0:c_19\' (cost = 0):
\BasicCounter_1:MODULE_1:g2:a0:g1:z1:s0:g1:u0:c_19\ <=  ('0') ;

Note:  Expanding virtual equation for '\BasicCounter_1:MODULE_1:g2:a0:g1:z1:s0:g1:u0:c_11\' (cost = 0):
\BasicCounter_1:MODULE_1:g2:a0:g1:z1:s0:g1:u0:c_11\ <=  ('0') ;

Note:  Expanding virtual equation for '\BasicCounter_1:MODULE_1:g2:a0:g1:z1:s0:g1:u0:c_4\' (cost = 0):
\BasicCounter_1:MODULE_1:g2:a0:g1:z1:s0:g1:u0:c_4\ <=  ('0') ;


Substituting virtuals - pass 4:

Note:  Expanding virtual equation for '\BasicCounter_1:MODULE_1:g2:a0:g1:z1:s0:g1:u0:c_20\' (cost = 0):
\BasicCounter_1:MODULE_1:g2:a0:g1:z1:s0:g1:u0:c_20\ <=  ('0') ;

Note:  Expanding virtual equation for '\BasicCounter_1:MODULE_1:g2:a0:g1:z1:s0:g1:u0:c_12\' (cost = 0):
\BasicCounter_1:MODULE_1:g2:a0:g1:z1:s0:g1:u0:c_12\ <=  ('0') ;

Note:  Expanding virtual equation for '\BasicCounter_1:MODULE_1:g2:a0:g1:z1:s0:g1:u0:c_5\' (cost = 0):
\BasicCounter_1:MODULE_1:g2:a0:g1:z1:s0:g1:u0:c_5\ <=  ('0') ;


Substituting virtuals - pass 5:

Note:  Expanding virtual equation for '\BasicCounter_1:MODULE_1:g2:a0:g1:z1:s0:g1:u0:c_21\' (cost = 0):
\BasicCounter_1:MODULE_1:g2:a0:g1:z1:s0:g1:u0:c_21\ <=  ('0') ;

Note:  Expanding virtual equation for '\BasicCounter_1:MODULE_1:g2:a0:g1:z1:s0:g1:u0:c_13\' (cost = 0):
\BasicCounter_1:MODULE_1:g2:a0:g1:z1:s0:g1:u0:c_13\ <=  ('0') ;

Note:  Expanding virtual equation for '\BasicCounter_1:MODULE_1:g2:a0:g1:z1:s0:g1:u0:c_6\' (cost = 0):
\BasicCounter_1:MODULE_1:g2:a0:g1:z1:s0:g1:u0:c_6\ <=  ('0') ;


Substituting virtuals - pass 6:

Note:  Expanding virtual equation for '\BasicCounter_1:MODULE_1:g2:a0:g1:z1:s0:g1:u0:c_22\' (cost = 0):
\BasicCounter_1:MODULE_1:g2:a0:g1:z1:s0:g1:u0:c_22\ <=  ('0') ;

Note:  Expanding virtual equation for '\BasicCounter_1:MODULE_1:g2:a0:g1:z1:s0:g1:u0:c_14\' (cost = 0):
\BasicCounter_1:MODULE_1:g2:a0:g1:z1:s0:g1:u0:c_14\ <=  ('0') ;

Note:  Expanding virtual equation for '\BasicCounter_1:MODULE_1:g2:a0:g1:z1:s0:g1:u0:c_7\' (cost = 0):
\BasicCounter_1:MODULE_1:g2:a0:g1:z1:s0:g1:u0:c_7\ <=  ('0') ;


Substituting virtuals - pass 7:

Note:  Expanding virtual equation for '\BasicCounter_1:MODULE_1:g2:a0:g1:z1:s0:g1:u0:c_23\' (cost = 0):
\BasicCounter_1:MODULE_1:g2:a0:g1:z1:s0:g1:u0:c_23\ <=  ('0') ;

Note:  Expanding virtual equation for '\BasicCounter_1:MODULE_1:g2:a0:g1:z1:s0:g1:u0:c_15\' (cost = 0):
\BasicCounter_1:MODULE_1:g2:a0:g1:z1:s0:g1:u0:c_15\ <=  ('0') ;


Substituting virtuals - pass 8:


----------------------------------------------------------
Circuit simplification results:

	Expanded 29 signals.
	Turned 0 signals into soft nodes.
	Maximum default expansion cost was set at 3.
----------------------------------------------------------

------------------------------------------------------
Alias Detection
------------------------------------------------------
Aliasing \BasicCounter_1:MODULE_1:g2:a0:g1:z1:s0:g1:u0:b_24\ to zero
Aliasing \BasicCounter_1:MODULE_1:g2:a0:g1:z1:s0:g1:u0:b_16\ to zero
Aliasing \BasicCounter_1:MODULE_1:g2:a0:g1:z1:s0:g1:u0:b_8\ to zero
Removing Lhs of wire \BasicCounter_1:MODULE_1:g2:a0:g1:z1:s0:g1:u0:b_24\[271] = zero[10]
Removing Lhs of wire \BasicCounter_1:MODULE_1:g2:a0:g1:z1:s0:g1:u0:b_16\[281] = zero[10]
Removing Lhs of wire \BasicCounter_1:MODULE_1:g2:a0:g1:z1:s0:g1:u0:b_8\[291] = zero[10]

------------------------------------------------------
Aliased 0 equations, 3 wires.
------------------------------------------------------

----------------------------------------------------------
Circuit simplification
----------------------------------------------------------

Eliminating unused logic - pass 1:


Eliminating unused logic - pass 2:


Substituting virtuals - pass 1:


----------------------------------------------------------
Circuit simplification results:

	Expanded 0 signals.
	Turned 0 signals into soft nodes.
	Maximum default expansion cost was set at 3.
----------------------------------------------------------

topld:  No errors.

CYPRESS_DIR    : C:\Program Files (x86)\Cypress\PSoC Creator\4.2\PSoC Creator\warp
Warp Program   : C:\Program Files (x86)\Cypress\PSoC Creator\4.2\PSoC Creator\warp\bin\warp.exe
Warp Arguments : -yv2 -q10 -ygs -o2 -v3 -.fftcfgtype=LE -ya "-.fftprj=C:\Users\Nicolas Zamora\Documents\Embepot\Filtro-Digital-Ajustable-por-Ventaneo\FiltroDigital.cydsn\FiltroDigital.cyprj" -dcpsoc3 FiltroDigital.v -verilog
</CYPRESSTAG>
Warp synthesis phase: Elapsed time ==> 1s.459ms
<CYPRESSTAG name="Fitter results...">
<CYPRESSTAG name="Fitter startup details...">
cyp3fit: V4.2.0.641, Family: PSoC3, Started at: Saturday, 29 September 2018 23:28:55
Options: -yv2 -q10 -ygs -o2 -v3 -.fftcfgtype=LE -ya -.fftprj=C:\Users\Nicolas Zamora\Documents\Embepot\Filtro-Digital-Ajustable-por-Ventaneo\FiltroDigital.cydsn\FiltroDigital.cyprj -d CY8C5888LTI-LP097 FiltroDigital.v -verilog
</CYPRESSTAG>
<CYPRESSTAG name="Design parsing">
Design parsing phase: Elapsed time ==> 0s.192ms
</CYPRESSTAG>
<CYPRESSTAG name="Tech Mapping">
<CYPRESSTAG name="Initial Mapping" icon="FILE_RPT_TECHM">
    Removed wire end \BasicCounter_1:MODULE_1:g2:a0:g1:z1:s0:g1:u0:c_24\ kept zero
    Removed wire end \BasicCounter_1:MODULE_1:g2:a0:g1:z1:s0:g1:u0:c_16\ kept zero
    Removed wire end \BasicCounter_1:MODULE_1:g2:a0:g1:z1:s0:g1:u0:c_8\ kept zero
<CYPRESSTAG name="Global Clock Selection" icon="FILE_RPT_TECHM">
    Digital Clock 0: Automatic-assigning  clock 'Clock_2'. Fanout=3, Signal=Net_218
</CYPRESSTAG>
<CYPRESSTAG name="UDB Clock/Enable Remapping Results">
</CYPRESSTAG>

Removing unused cells resulting from optimization
Done removing unused cells.
<CYPRESSTAG name="Duplicate Macrocell detection">
</CYPRESSTAG>
</CYPRESSTAG>
<CYPRESSTAG name="Duplicate Macrocell detection">
</CYPRESSTAG>
<CYPRESSTAG name="Design Equations" icon="FILE_RPT_EQUATION">

------------------------------------------------------------
Design Equations
------------------------------------------------------------
    <CYPRESSTAG name="Pin listing">

    ------------------------------------------------------------
    Pin listing
    ------------------------------------------------------------

    Pin : Name = \LCD:LCDPort(0)\
        Attributes:
            In Group/Port: True
            In Sync Option: AUTO
            Out Sync Option: NOSYNC
            Interrupt generated: False
            Interrupt mode: NONE
            Drive mode: CMOS_OUT
            VTrip: EITHER
            Slew: FAST
            Input Sync needed: False
            Output Sync needed: False
            SC shield enabled: False
            POR State: ANY
            LCD Mode: COMMON
            Register Mode: RegComb
            CaSense Mode: NEITHER
            Treat as pin: False
            Is OE Registered: False
            Uses Analog: False
            Can contain Digital: True
            Is SIO: False
            SIO Output Buf: NONREGULATED
            SIO Input Buf: SINGLE_ENDED
            SIO HiFreq: LOW
            SIO Hyst: DISABLED
            SIO Vtrip: MULTIPLIER_0_5
            SIO Multiplier Index: 0
            SIO RefSel: VCC_IO
            Required Capabilities: DIGITAL
            Initial Value: 0
            IO Voltage: 0
        PORT MAP (
            pa_out => \LCD:LCDPort(0)\__PA ,
            pad => \LCD:LCDPort(0)_PAD\ );
        Properties:
        {
        }

    Pin : Name = \LCD:LCDPort(1)\
        Attributes:
            In Group/Port: True
            In Sync Option: AUTO
            Out Sync Option: NOSYNC
            Interrupt generated: False
            Interrupt mode: NONE
            Drive mode: CMOS_OUT
            VTrip: EITHER
            Slew: FAST
            Input Sync needed: False
            Output Sync needed: False
            SC shield enabled: False
            POR State: ANY
            LCD Mode: COMMON
            Register Mode: RegComb
            CaSense Mode: NEITHER
            Treat as pin: False
            Is OE Registered: False
            Uses Analog: False
            Can contain Digital: True
            Is SIO: False
            SIO Output Buf: NONREGULATED
            SIO Input Buf: SINGLE_ENDED
            SIO HiFreq: LOW
            SIO Hyst: DISABLED
            SIO Vtrip: MULTIPLIER_0_5
            SIO Multiplier Index: 0
            SIO RefSel: VCC_IO
            Required Capabilities: DIGITAL
            Initial Value: 0
            IO Voltage: 0
        PORT MAP (
            pa_out => \LCD:LCDPort(1)\__PA ,
            pad => \LCD:LCDPort(1)_PAD\ );
        Properties:
        {
        }

    Pin : Name = \LCD:LCDPort(2)\
        Attributes:
            In Group/Port: True
            In Sync Option: AUTO
            Out Sync Option: NOSYNC
            Interrupt generated: False
            Interrupt mode: NONE
            Drive mode: CMOS_OUT
            VTrip: EITHER
            Slew: FAST
            Input Sync needed: False
            Output Sync needed: False
            SC shield enabled: False
            POR State: ANY
            LCD Mode: COMMON
            Register Mode: RegComb
            CaSense Mode: NEITHER
            Treat as pin: False
            Is OE Registered: False
            Uses Analog: False
            Can contain Digital: True
            Is SIO: False
            SIO Output Buf: NONREGULATED
            SIO Input Buf: SINGLE_ENDED
            SIO HiFreq: LOW
            SIO Hyst: DISABLED
            SIO Vtrip: MULTIPLIER_0_5
            SIO Multiplier Index: 0
            SIO RefSel: VCC_IO
            Required Capabilities: DIGITAL
            Initial Value: 0
            IO Voltage: 0
        PORT MAP (
            pa_out => \LCD:LCDPort(2)\__PA ,
            pad => \LCD:LCDPort(2)_PAD\ );
        Properties:
        {
        }

    Pin : Name = \LCD:LCDPort(3)\
        Attributes:
            In Group/Port: True
            In Sync Option: AUTO
            Out Sync Option: NOSYNC
            Interrupt generated: False
            Interrupt mode: NONE
            Drive mode: CMOS_OUT
            VTrip: EITHER
            Slew: FAST
            Input Sync needed: False
            Output Sync needed: False
            SC shield enabled: False
            POR State: ANY
            LCD Mode: COMMON
            Register Mode: RegComb
            CaSense Mode: NEITHER
            Treat as pin: False
            Is OE Registered: False
            Uses Analog: False
            Can contain Digital: True
            Is SIO: False
            SIO Output Buf: NONREGULATED
            SIO Input Buf: SINGLE_ENDED
            SIO HiFreq: LOW
            SIO Hyst: DISABLED
            SIO Vtrip: MULTIPLIER_0_5
            SIO Multiplier Index: 0
            SIO RefSel: VCC_IO
            Required Capabilities: DIGITAL
            Initial Value: 0
            IO Voltage: 0
        PORT MAP (
            pa_out => \LCD:LCDPort(3)\__PA ,
            pad => \LCD:LCDPort(3)_PAD\ );
        Properties:
        {
        }

    Pin : Name = \LCD:LCDPort(4)\
        Attributes:
            In Group/Port: True
            In Sync Option: AUTO
            Out Sync Option: NOSYNC
            Interrupt generated: False
            Interrupt mode: NONE
            Drive mode: CMOS_OUT
            VTrip: EITHER
            Slew: FAST
            Input Sync needed: False
            Output Sync needed: False
            SC shield enabled: False
            POR State: ANY
            LCD Mode: COMMON
            Register Mode: RegComb
            CaSense Mode: NEITHER
            Treat as pin: False
            Is OE Registered: False
            Uses Analog: False
            Can contain Digital: True
            Is SIO: False
            SIO Output Buf: NONREGULATED
            SIO Input Buf: SINGLE_ENDED
            SIO HiFreq: LOW
            SIO Hyst: DISABLED
            SIO Vtrip: MULTIPLIER_0_5
            SIO Multiplier Index: 0
            SIO RefSel: VCC_IO
            Required Capabilities: DIGITAL
            Initial Value: 0
            IO Voltage: 0
        PORT MAP (
            pa_out => \LCD:LCDPort(4)\__PA ,
            pad => \LCD:LCDPort(4)_PAD\ );
        Properties:
        {
        }

    Pin : Name = \LCD:LCDPort(5)\
        Attributes:
            In Group/Port: True
            In Sync Option: AUTO
            Out Sync Option: NOSYNC
            Interrupt generated: False
            Interrupt mode: NONE
            Drive mode: CMOS_OUT
            VTrip: EITHER
            Slew: FAST
            Input Sync needed: False
            Output Sync needed: False
            SC shield enabled: False
            POR State: ANY
            LCD Mode: COMMON
            Register Mode: RegComb
            CaSense Mode: NEITHER
            Treat as pin: False
            Is OE Registered: False
            Uses Analog: False
            Can contain Digital: True
            Is SIO: False
            SIO Output Buf: NONREGULATED
            SIO Input Buf: SINGLE_ENDED
            SIO HiFreq: LOW
            SIO Hyst: DISABLED
            SIO Vtrip: MULTIPLIER_0_5
            SIO Multiplier Index: 0
            SIO RefSel: VCC_IO
            Required Capabilities: DIGITAL
            Initial Value: 0
            IO Voltage: 0
        PORT MAP (
            pa_out => \LCD:LCDPort(5)\__PA ,
            pad => \LCD:LCDPort(5)_PAD\ );
        Properties:
        {
        }

    Pin : Name = \LCD:LCDPort(6)\
        Attributes:
            In Group/Port: True
            In Sync Option: AUTO
            Out Sync Option: NOSYNC
            Interrupt generated: False
            Interrupt mode: NONE
            Drive mode: CMOS_OUT
            VTrip: EITHER
            Slew: FAST
            Input Sync needed: False
            Output Sync needed: False
            SC shield enabled: False
            POR State: ANY
            LCD Mode: COMMON
            Register Mode: RegComb
            CaSense Mode: NEITHER
            Treat as pin: False
            Is OE Registered: False
            Uses Analog: False
            Can contain Digital: True
            Is SIO: False
            SIO Output Buf: NONREGULATED
            SIO Input Buf: SINGLE_ENDED
            SIO HiFreq: LOW
            SIO Hyst: DISABLED
            SIO Vtrip: MULTIPLIER_0_5
            SIO Multiplier Index: 0
            SIO RefSel: VCC_IO
            Required Capabilities: DIGITAL
            Initial Value: 0
            IO Voltage: 0
        PORT MAP (
            pa_out => \LCD:LCDPort(6)\__PA ,
            pad => \LCD:LCDPort(6)_PAD\ );
        Properties:
        {
        }

    Pin : Name = SW(0)
        Attributes:
            In Group/Port: True
            In Sync Option: NOSYNC
            Out Sync Option: AUTO
            Interrupt generated: True
            Interrupt mode: FALLING
            Drive mode: RES_PULL_UP
            VTrip: CMOS
            Slew: FAST
            Input Sync needed: False
            Output Sync needed: False
            SC shield enabled: False
            POR State: ANY
            LCD Mode: COMMON
            Register Mode: RegComb
            CaSense Mode: NEITHER
            Treat as pin: False
            Is OE Registered: False
            Uses Analog: False
            Can contain Digital: True
            Is SIO: False
            SIO Output Buf: NONREGULATED
            SIO Input Buf: SINGLE_ENDED
            SIO HiFreq: LOW
            SIO Hyst: DISABLED
            SIO Vtrip: MULTIPLIER_0_5
            SIO Multiplier Index: 0
            SIO RefSel: VCC_IO
            Required Capabilities: DIGITAL, PORT_INTERRUPT
            Initial Value: 1
            IO Voltage: 0
        PORT MAP (
            pa_out => SW(0)__PA ,
            pad => SW(0)_PAD );
        Properties:
        {
        }

    Pin : Name = SW(1)
        Attributes:
            In Group/Port: True
            In Sync Option: NOSYNC
            Out Sync Option: AUTO
            Interrupt generated: True
            Interrupt mode: FALLING
            Drive mode: RES_PULL_UP
            VTrip: CMOS
            Slew: FAST
            Input Sync needed: False
            Output Sync needed: False
            SC shield enabled: False
            POR State: ANY
            LCD Mode: COMMON
            Register Mode: RegComb
            CaSense Mode: NEITHER
            Treat as pin: False
            Is OE Registered: False
            Uses Analog: False
            Can contain Digital: True
            Is SIO: False
            SIO Output Buf: NONREGULATED
            SIO Input Buf: SINGLE_ENDED
            SIO HiFreq: LOW
            SIO Hyst: DISABLED
            SIO Vtrip: MULTIPLIER_0_5
            SIO Multiplier Index: 0
            SIO RefSel: VCC_IO
            Required Capabilities: DIGITAL, PORT_INTERRUPT
            Initial Value: 1
            IO Voltage: 0
        PORT MAP (
            pa_out => SW(1)__PA ,
            pad => SW(1)_PAD );
        Properties:
        {
        }

    Pin : Name = SW(2)
        Attributes:
            In Group/Port: True
            In Sync Option: NOSYNC
            Out Sync Option: AUTO
            Interrupt generated: True
            Interrupt mode: FALLING
            Drive mode: RES_PULL_UP
            VTrip: CMOS
            Slew: FAST
            Input Sync needed: False
            Output Sync needed: False
            SC shield enabled: False
            POR State: ANY
            LCD Mode: COMMON
            Register Mode: RegComb
            CaSense Mode: NEITHER
            Treat as pin: False
            Is OE Registered: False
            Uses Analog: False
            Can contain Digital: True
            Is SIO: False
            SIO Output Buf: NONREGULATED
            SIO Input Buf: SINGLE_ENDED
            SIO HiFreq: LOW
            SIO Hyst: DISABLED
            SIO Vtrip: MULTIPLIER_0_5
            SIO Multiplier Index: 0
            SIO RefSel: VCC_IO
            Required Capabilities: DIGITAL, PORT_INTERRUPT
            Initial Value: 1
            IO Voltage: 0
        PORT MAP (
            pa_out => SW(2)__PA ,
            pad => SW(2)_PAD );
        Properties:
        {
        }

    Pin : Name = SW(3)
        Attributes:
            In Group/Port: True
            In Sync Option: NOSYNC
            Out Sync Option: AUTO
            Interrupt generated: True
            Interrupt mode: FALLING
            Drive mode: RES_PULL_UP
            VTrip: CMOS
            Slew: FAST
            Input Sync needed: False
            Output Sync needed: False
            SC shield enabled: False
            POR State: ANY
            LCD Mode: COMMON
            Register Mode: RegComb
            CaSense Mode: NEITHER
            Treat as pin: False
            Is OE Registered: False
            Uses Analog: False
            Can contain Digital: True
            Is SIO: False
            SIO Output Buf: NONREGULATED
            SIO Input Buf: SINGLE_ENDED
            SIO HiFreq: LOW
            SIO Hyst: DISABLED
            SIO Vtrip: MULTIPLIER_0_5
            SIO Multiplier Index: 0
            SIO RefSel: VCC_IO
            Required Capabilities: DIGITAL, PORT_INTERRUPT
            Initial Value: 1
            IO Voltage: 0
        PORT MAP (
            pa_out => SW(3)__PA ,
            pad => SW(3)_PAD );
        Properties:
        {
        }

    Pin : Name = P0(0)
        Attributes:
            In Group/Port: True
            In Sync Option: AUTO
            Out Sync Option: NOSYNC
            Interrupt generated: False
            Interrupt mode: NONE
            Drive mode: CMOS_OUT
            VTrip: EITHER
            Slew: FAST
            Input Sync needed: False
            Output Sync needed: False
            SC shield enabled: False
            POR State: ANY
            LCD Mode: COMMON
            Register Mode: RegComb
            CaSense Mode: NEITHER
            Treat as pin: False
            Is OE Registered: False
            Uses Analog: False
            Can contain Digital: True
            Is SIO: False
            SIO Output Buf: NONREGULATED
            SIO Input Buf: SINGLE_ENDED
            SIO HiFreq: LOW
            SIO Hyst: DISABLED
            SIO Vtrip: MULTIPLIER_0_5
            SIO Multiplier Index: 0
            SIO RefSel: VCC_IO
            Required Capabilities: DIGITAL, ROUTABLE
            Initial Value: 0
            IO Voltage: 0
        PORT MAP (
            pa_out => P0(0)__PA ,
            pin_input => Net_159 ,
            pad => P0(0)_PAD );
        Properties:
        {
        }

    Pin : Name = P0(1)
        Attributes:
            In Group/Port: True
            In Sync Option: AUTO
            Out Sync Option: NOSYNC
            Interrupt generated: False
            Interrupt mode: NONE
            Drive mode: CMOS_OUT
            VTrip: EITHER
            Slew: FAST
            Input Sync needed: False
            Output Sync needed: False
            SC shield enabled: False
            POR State: ANY
            LCD Mode: COMMON
            Register Mode: RegComb
            CaSense Mode: NEITHER
            Treat as pin: False
            Is OE Registered: False
            Uses Analog: False
            Can contain Digital: True
            Is SIO: False
            SIO Output Buf: NONREGULATED
            SIO Input Buf: SINGLE_ENDED
            SIO HiFreq: LOW
            SIO Hyst: DISABLED
            SIO Vtrip: MULTIPLIER_0_5
            SIO Multiplier Index: 0
            SIO RefSel: VCC_IO
            Required Capabilities: DIGITAL, ROUTABLE
            Initial Value: 0
            IO Voltage: 0
        PORT MAP (
            pa_out => P0(1)__PA ,
            pin_input => Net_160 ,
            pad => P0(1)_PAD );
        Properties:
        {
        }

    Pin : Name = P0(2)
        Attributes:
            In Group/Port: True
            In Sync Option: AUTO
            Out Sync Option: NOSYNC
            Interrupt generated: False
            Interrupt mode: NONE
            Drive mode: CMOS_OUT
            VTrip: EITHER
            Slew: FAST
            Input Sync needed: False
            Output Sync needed: False
            SC shield enabled: False
            POR State: ANY
            LCD Mode: COMMON
            Register Mode: RegComb
            CaSense Mode: NEITHER
            Treat as pin: False
            Is OE Registered: False
            Uses Analog: False
            Can contain Digital: True
            Is SIO: False
            SIO Output Buf: NONREGULATED
            SIO Input Buf: SINGLE_ENDED
            SIO HiFreq: LOW
            SIO Hyst: DISABLED
            SIO Vtrip: MULTIPLIER_0_5
            SIO Multiplier Index: 0
            SIO RefSel: VCC_IO
            Required Capabilities: DIGITAL, ROUTABLE
            Initial Value: 0
            IO Voltage: 0
        PORT MAP (
            pa_out => P0(2)__PA ,
            pin_input => Net_168 ,
            pad => P0(2)_PAD );
        Properties:
        {
        }

    Pin : Name = P0(3)
        Attributes:
            In Group/Port: True
            In Sync Option: AUTO
            Out Sync Option: NOSYNC
            Interrupt generated: False
            Interrupt mode: NONE
            Drive mode: CMOS_OUT
            VTrip: EITHER
            Slew: FAST
            Input Sync needed: False
            Output Sync needed: False
            SC shield enabled: False
            POR State: ANY
            LCD Mode: COMMON
            Register Mode: RegComb
            CaSense Mode: NEITHER
            Treat as pin: False
            Is OE Registered: False
            Uses Analog: False
            Can contain Digital: True
            Is SIO: False
            SIO Output Buf: NONREGULATED
            SIO Input Buf: SINGLE_ENDED
            SIO HiFreq: LOW
            SIO Hyst: DISABLED
            SIO Vtrip: MULTIPLIER_0_5
            SIO Multiplier Index: 0
            SIO RefSel: VCC_IO
            Required Capabilities: DIGITAL, ROUTABLE
            Initial Value: 0
            IO Voltage: 0
        PORT MAP (
            pa_out => P0(3)__PA ,
            pin_input => Net_162 ,
            pad => P0(3)_PAD );
        Properties:
        {
        }
    </CYPRESSTAG>
    <CYPRESSTAG name="Macrocell listing" icon="FILE_RPT_EQUATION">

    ------------------------------------------------------------
    Macrocell listing
    ------------------------------------------------------------

    MacroCell: Name=Net_162, Mode=(Combinatorial)
        Total # of inputs        : 2
        Total # of product terms : 1
            Clock Enable: True
        Main Equation            : 1 pterm
        !(
              Net_148_1 * Net_148_0
        );
        Output = Net_162 (fanout=1)

    MacroCell: Name=Net_160, Mode=(Combinatorial)
        Total # of inputs        : 2
        Total # of product terms : 1
            Clock Enable: True
        Main Equation            : 1 pterm
        !(
              !Net_148_1 * Net_148_0
        );
        Output = Net_160 (fanout=1)

    MacroCell: Name=Net_159, Mode=(Combinatorial)
        Total # of inputs        : 2
        Total # of product terms : 1
            Clock Enable: True
        Main Equation            : 1 pterm
        !(
              !Net_148_1 * !Net_148_0
        );
        Output = Net_159 (fanout=1)

    MacroCell: Name=Net_168, Mode=(Combinatorial)
        Total # of inputs        : 2
        Total # of product terms : 1
            Clock Enable: True
        Main Equation            : 1 pterm
        !(
              Net_148_1 * !Net_148_0
        );
        Output = Net_168 (fanout=1)

    MacroCell: Name=__ONE__, Mode=(Combinatorial)
        Total # of inputs        : 0
        Total # of product terms : 0
            Clock Enable: True
        Main Equation            : 0 pterms
        !(
            0
        );
        Output = __ONE__ (fanout=1)

    MacroCell: Name=Net_148_1, Mode=(T-Register)
        Total # of inputs        : 2
        Total # of product terms : 1
        List of special equations: 
            Clock  = (Net_218) => Global
            Clock Enable: True
        Main Equation            : 1 pterm
        (
              Net_148_0 * Net_205
        );
        Output = Net_148_1 (fanout=4)

    MacroCell: Name=Net_148_0, Mode=(T-Register)
        Total # of inputs        : 1
        Total # of product terms : 1
        List of special equations: 
            Clock  = (Net_218) => Global
            Clock Enable: True
        Main Equation            : 1 pterm
        (
              Net_205
        );
        Output = Net_148_0 (fanout=5)
    </CYPRESSTAG>
    <CYPRESSTAG name="Datapath listing">
    </CYPRESSTAG>
    <CYPRESSTAG name="Status register listing">
    </CYPRESSTAG>
    <CYPRESSTAG name="StatusI register listing">
    </CYPRESSTAG>
    <CYPRESSTAG name="Sync listing">
    </CYPRESSTAG>
    <CYPRESSTAG name="Control register listing">

    ------------------------------------------------------------
    Control register listing
    ------------------------------------------------------------

    controlcell: Name =\Control:Sync:ctrl_reg\
        PORT MAP (
            control_7 => \Control:control_7\ ,
            control_6 => \Control:control_6\ ,
            control_5 => \Control:control_5\ ,
            control_4 => \Control:control_4\ ,
            control_3 => \Control:control_3\ ,
            control_2 => \Control:control_2\ ,
            control_1 => \Control:control_1\ ,
            control_0 => Net_205 );
        Properties:
        {
            cy_ctrl_mode_0 = "00000000"
            cy_ctrl_mode_1 = "00000000"
            cy_ext_reset = 0
            cy_force_order = 1
            cy_init_value = "00000000"
        }
        Clock Enable: True
    </CYPRESSTAG>
    <CYPRESSTAG name="Count7 listing">
    </CYPRESSTAG>
    <CYPRESSTAG name="DRQ listing">
    </CYPRESSTAG>
    <CYPRESSTAG name="Interrupt listing">

    ------------------------------------------------------------
    Interrupt listing
    ------------------------------------------------------------

    interrupt: Name =ISR_SW
        PORT MAP (
            interrupt => Net_177 );
        Properties:
        {
            int_type = "10"
            is_nmi = 0
        }

    interrupt: Name =ISR_T
        PORT MAP (
            interrupt => Net_211 );
        Properties:
        {
            int_type = "00"
            is_nmi = 0
        }
    </CYPRESSTAG>
</CYPRESSTAG>
<CYPRESSTAG name="Technology mapping summary" expanded>

------------------------------------------------------------
Technology mapping summary
------------------------------------------------------------

Resource Type                 : Used : Free :  Max :  % Used
============================================================
Digital Clocks                :    1 :    7 :    8 : 12.50 %
Analog Clocks                 :    0 :    4 :    4 :  0.00 %
CapSense Buffers              :    0 :    2 :    2 :  0.00 %
Digital Filter Block          :    0 :    1 :    1 :  0.00 %
Interrupts                    :    2 :   30 :   32 :  6.25 %
IO                            :   18 :   30 :   48 : 37.50 %
Segment LCD                   :    0 :    1 :    1 :  0.00 %
CAN 2.0b                      :    0 :    1 :    1 :  0.00 %
I2C                           :    0 :    1 :    1 :  0.00 %
USB                           :    0 :    1 :    1 :  0.00 %
DMA Channels                  :    0 :   24 :   24 :  0.00 %
Timer                         :    1 :    3 :    4 : 25.00 %
UDB                           :      :      :      :        
  Macrocells                  :    7 :  185 :  192 :  3.65 %
  Unique P-terms              :    6 :  378 :  384 :  1.56 %
  Total P-terms               :    6 :      :      :        
  Datapath Cells              :    0 :   24 :   24 :  0.00 %
  Status Cells                :    0 :   24 :   24 :  0.00 %
  Control Cells               :    1 :   23 :   24 :  4.17 %
    Control Registers         :    1 :      :      :        
Opamp                         :    0 :    4 :    4 :  0.00 %
Comparator                    :    0 :    4 :    4 :  0.00 %
Delta-Sigma ADC               :    0 :    1 :    1 :  0.00 %
LPF                           :    0 :    2 :    2 :  0.00 %
SAR ADC                       :    0 :    2 :    2 :  0.00 %
Analog (SC/CT) Blocks         :    0 :    4 :    4 :  0.00 %
DAC                           :      :      :      :        
  VIDAC                       :    0 :    4 :    4 :  0.00 %
</CYPRESSTAG>
Technology Mapping: Elapsed time ==> 0s.596ms
Tech Mapping phase: Elapsed time ==> 0s.986ms
</CYPRESSTAG>
<CYPRESSTAG name="Analog Placement">
Initial Analog Placement Results:
IO_4@[IOP=(0)][IoId=(4)] : P0(0) (fixed)
IO_5@[IOP=(0)][IoId=(5)] : P0(1) (fixed)
IO_6@[IOP=(0)][IoId=(6)] : P0(2) (fixed)
IO_7@[IOP=(0)][IoId=(7)] : P0(3) (fixed)
IO_0@[IOP=(0)][IoId=(0)] : SW(0) (fixed)
IO_1@[IOP=(0)][IoId=(1)] : SW(1) (fixed)
IO_2@[IOP=(0)][IoId=(2)] : SW(2) (fixed)
IO_3@[IOP=(0)][IoId=(3)] : SW(3) (fixed)
IO_0@[IOP=(12)][IoId=(0)] : \LCD:LCDPort(0)\ (fixed)
IO_1@[IOP=(12)][IoId=(1)] : \LCD:LCDPort(1)\ (fixed)
IO_2@[IOP=(12)][IoId=(2)] : \LCD:LCDPort(2)\ (fixed)
IO_3@[IOP=(12)][IoId=(3)] : \LCD:LCDPort(3)\ (fixed)
IO_4@[IOP=(12)][IoId=(4)] : \LCD:LCDPort(4)\ (fixed)
IO_5@[IOP=(12)][IoId=(5)] : \LCD:LCDPort(5)\ (fixed)
IO_6@[IOP=(12)][IoId=(6)] : \LCD:LCDPort(6)\ (fixed)
Analog Placement phase: Elapsed time ==> 0s.228ms
</CYPRESSTAG>
<CYPRESSTAG name="Analog Routing">
Analog Routing phase: Elapsed time ==> 0s.005ms
</CYPRESSTAG>
<CYPRESSTAG name="Analog Code Generation">
============ Analog Final Answer Routes ============
Dump of CyAnalogRoutingResultsDB
Map of net to items {
}
Map of item to net {
}
Mux Info {
}
Dump of CyP35AnalogRoutingResultsDB
IsVddaHalfUsedForComp = False
IsVddaHalfUsedForSar0 = False
IsVddaHalfUsedForSar1 = False
Analog Code Generation phase: Elapsed time ==> 0s.683ms
</CYPRESSTAG>
<CYPRESSTAG name="Digital Placement">
<CYPRESSTAG name="Detailed placement messages">
I2076: Total run-time: 1.1 sec.

</CYPRESSTAG>
<CYPRESSTAG name="PLD Packing">
<CYPRESSTAG name="PLD Packing Summary" expanded>

------------------------------------------------------------
PLD Packing Summary
------------------------------------------------------------
            Resource Type : Used : Free :  Max :  % Used
    ====================================================
                     PLDs :    3 :   45 :   48 :   6.25%

<CYPRESSTAG name="PLD Statistics">

        PLD Resource Type :     Average/LAB
    =======================================
                   Inputs :            1.33
                   Pterms :            2.00
               Macrocells :            2.33
</CYPRESSTAG>
<CYPRESSTAG name="Packed PLD Contents">
Packed PLD Contents not displayed at this verbose level.</CYPRESSTAG>
</CYPRESSTAG>
PLD Packing: Elapsed time ==> 0s.051ms
</CYPRESSTAG>
<CYPRESSTAG name="Partitioning">
<CYPRESSTAG name="Initial Partitioning Summary">
Initial Partitioning Summary not displayed at this verbose level.</CYPRESSTAG>
<CYPRESSTAG name="Final Partitioning Summary">
Final Partitioning Summary not displayed at this verbose level.</CYPRESSTAG>
Partitioning: Elapsed time ==> 0s.206ms
</CYPRESSTAG>
<CYPRESSTAG name="Final Placement Summary">

------------------------------------------------------------
Final Placement Summary
------------------------------------------------------------

       Resource Type :      Count : Avg Inputs : Avg Outputs
    ========================================================
                 UDB :          2 :       1.50 :       3.50
<CYPRESSTAG name="Final Placement Details">
<CYPRESSTAG name="Component Details">

------------------------------------------------------------
Component Placement Details
------------------------------------------------------------
UDB [UDB=(0,0)] is empty.
UDB [UDB=(0,1)] is empty.
UDB [UDB=(0,2)] is empty.
UDB [UDB=(0,3)] contents:
LAB@[UDB=(0,3)][LB=0] #macrocells=1, #inputs=0, #pterms=0
{
    [McSlotId=0]:     MacroCell: Name=__ONE__, Mode=(Combinatorial) @ [UDB=(0,3)][LB=0][MC=0]
        Total # of inputs        : 0
        Total # of product terms : 0
            Clock Enable: True
        Main Equation            : 0 pterms
        !(
            0
        );
        Output = __ONE__ (fanout=1)
        Properties               : 
        {
        }

    [McSlotId=1]: (empty)
    [McSlotId=2]: (empty)
    [McSlotId=3]: (empty)
}

UDB [UDB=(0,4)] is empty.
UDB [UDB=(0,5)] is empty.
UDB [UDB=(1,0)] is empty.
UDB [UDB=(1,1)] is empty.
UDB [UDB=(1,2)] is empty.
UDB [UDB=(1,3)] is empty.
UDB [UDB=(1,4)] is empty.
UDB [UDB=(1,5)] is empty.
UDB [UDB=(2,0)] is empty.
UDB [UDB=(2,1)] is empty.
UDB [UDB=(2,2)] is empty.
UDB [UDB=(2,3)] is empty.
UDB [UDB=(2,4)] is empty.
UDB [UDB=(2,5)] is empty.
UDB [UDB=(3,0)] is empty.
UDB [UDB=(3,1)] is empty.
UDB [UDB=(3,2)] is empty.
UDB [UDB=(3,3)] contents:
LAB@[UDB=(3,3)][LB=0] #macrocells=4, #inputs=2, #pterms=4
{
    [McSlotId=0]:     MacroCell: Name=Net_159, Mode=(Combinatorial) @ [UDB=(3,3)][LB=0][MC=0]
        Total # of inputs        : 2
        Total # of product terms : 1
            Clock Enable: True
        Main Equation            : 1 pterm
        !(
              !Net_148_1 * !Net_148_0
        );
        Output = Net_159 (fanout=1)
        Properties               : 
        {
        }

    [McSlotId=1]:     MacroCell: Name=Net_160, Mode=(Combinatorial) @ [UDB=(3,3)][LB=0][MC=1]
        Total # of inputs        : 2
        Total # of product terms : 1
            Clock Enable: True
        Main Equation            : 1 pterm
        !(
              !Net_148_1 * Net_148_0
        );
        Output = Net_160 (fanout=1)
        Properties               : 
        {
        }

    [McSlotId=2]:     MacroCell: Name=Net_162, Mode=(Combinatorial) @ [UDB=(3,3)][LB=0][MC=2]
        Total # of inputs        : 2
        Total # of product terms : 1
            Clock Enable: True
        Main Equation            : 1 pterm
        !(
              Net_148_1 * Net_148_0
        );
        Output = Net_162 (fanout=1)
        Properties               : 
        {
        }

    [McSlotId=3]:     MacroCell: Name=Net_168, Mode=(Combinatorial) @ [UDB=(3,3)][LB=0][MC=3]
        Total # of inputs        : 2
        Total # of product terms : 1
            Clock Enable: True
        Main Equation            : 1 pterm
        !(
              Net_148_1 * !Net_148_0
        );
        Output = Net_168 (fanout=1)
        Properties               : 
        {
        }
}

LAB@[UDB=(3,3)][LB=1] #macrocells=2, #inputs=2, #pterms=2
{
    [McSlotId=0]:     MacroCell: Name=Net_148_1, Mode=(T-Register) @ [UDB=(3,3)][LB=1][MC=0]
        Total # of inputs        : 2
        Total # of product terms : 1
        List of special equations: 
            Clock  = (Net_218) => Global
            Clock Enable: True
        Main Equation            : 1 pterm
        (
              Net_148_0 * Net_205
        );
        Output = Net_148_1 (fanout=4)
        Properties               : 
        {
        }

    [McSlotId=1]:     MacroCell: Name=Net_148_0, Mode=(T-Register) @ [UDB=(3,3)][LB=1][MC=1]
        Total # of inputs        : 1
        Total # of product terms : 1
        List of special equations: 
            Clock  = (Net_218) => Global
            Clock Enable: True
        Main Equation            : 1 pterm
        (
              Net_205
        );
        Output = Net_148_0 (fanout=5)
        Properties               : 
        {
        }

    [McSlotId=2]: (empty)
    [McSlotId=3]: (empty)
}

controlcell: Name =\Control:Sync:ctrl_reg\
    PORT MAP (
        control_7 => \Control:control_7\ ,
        control_6 => \Control:control_6\ ,
        control_5 => \Control:control_5\ ,
        control_4 => \Control:control_4\ ,
        control_3 => \Control:control_3\ ,
        control_2 => \Control:control_2\ ,
        control_1 => \Control:control_1\ ,
        control_0 => Net_205 );
    Properties:
    {
        cy_ctrl_mode_0 = "00000000"
        cy_ctrl_mode_1 = "00000000"
        cy_ext_reset = 0
        cy_force_order = 1
        cy_init_value = "00000000"
    }
    Clock Enable: True

UDB [UDB=(3,4)] is empty.
UDB [UDB=(3,5)] is empty.
Intr container @ [IntrContainer=(0)]: 
  Intr@ [IntrContainer=(0)][IntrId=(0)] 
    interrupt: Name =ISR_T
        PORT MAP (
            interrupt => Net_211 );
        Properties:
        {
            int_type = "00"
            is_nmi = 0
        }
  Intr@ [IntrContainer=(0)][IntrId=(4)] 
    interrupt: Name =ISR_SW
        PORT MAP (
            interrupt => Net_177 );
        Properties:
        {
            int_type = "10"
            is_nmi = 0
        }
Drq container @ [DrqContainer=(0)]: empty
Port 0 generates interrupt for logical port:
    logicalport: Name =SW
        PORT MAP (
            in_clock_en => one ,
            in_reset => zero ,
            out_clock_en => one ,
            out_reset => zero ,
            interrupt => Net_177 );
        Properties:
        {
            drive_mode = "010010010010"
            ibuf_enabled = "1111"
            id = "1d88c6cc-aa82-427b-a3f6-90caae9e1ba8"
            init_dr_st = "1111"
            input_buffer_sel = "00000000"
            input_clk_en = 0
            input_sync = "0000"
            input_sync_mode = "0000"
            intr_mode = "10101010"
            invert_in_clock = 0
            invert_in_clock_en = 0
            invert_in_reset = 0
            invert_out_clock = 0
            invert_out_clock_en = 0
            invert_out_reset = 0
            io_voltage = ",,,"
            layout_mode = "CONTIGUOUS"
            oe_conn = "0000"
            oe_reset = 0
            oe_sync = "0000"
            output_clk_en = 0
            output_clock_mode = "0000"
            output_conn = "0000"
            output_mode = "0000"
            output_reset = 0
            output_sync = "0000"
            ovt_hyst_trim = "0000"
            ovt_needed = "0000"
            ovt_slew_control = "00000000"
            pa_in_clock = -1
            pa_in_clock_en = -1
            pa_in_reset = -1
            pa_out_clock = -1
            pa_out_clock_en = -1
            pa_out_reset = -1
            pin_aliases = ",,,"
            pin_mode = "IIII"
            por_state = 4
            port_alias_group = ""
            port_alias_required = 0
            sio_group_cnt = 0
            sio_hifreq = "00000000"
            sio_hyst = "1111"
            sio_ibuf = "00000000"
            sio_info = "00000000"
            sio_obuf = "00000000"
            sio_refsel = "00000000"
            sio_vohsel = "00000000"
            sio_vtrip = "00000000"
            slew_rate = "0000"
            spanning = 0
            sw_only = 0
            use_annotation = "0000"
            vtrip = "00000000"
            width = 4
        }
    and contains the following IO cells:
[IoId=0]: 
Pin : Name = SW(0)
    Attributes:
        In Group/Port: True
        In Sync Option: NOSYNC
        Out Sync Option: AUTO
        Interrupt generated: True
        Interrupt mode: FALLING
        Drive mode: RES_PULL_UP
        VTrip: CMOS
        Slew: FAST
        Input Sync needed: False
        Output Sync needed: False
        SC shield enabled: False
        POR State: ANY
        LCD Mode: COMMON
        Register Mode: RegComb
        CaSense Mode: NEITHER
        Treat as pin: False
        Is OE Registered: False
        Uses Analog: False
        Can contain Digital: True
        Is SIO: False
        SIO Output Buf: NONREGULATED
        SIO Input Buf: SINGLE_ENDED
        SIO HiFreq: LOW
        SIO Hyst: DISABLED
        SIO Vtrip: MULTIPLIER_0_5
        SIO Multiplier Index: 0
        SIO RefSel: VCC_IO
        Required Capabilities: DIGITAL, PORT_INTERRUPT
        Initial Value: 1
        IO Voltage: 0
    PORT MAP (
        pa_out => SW(0)__PA ,
        pad => SW(0)_PAD );
    Properties:
    {
    }

[IoId=1]: 
Pin : Name = SW(1)
    Attributes:
        In Group/Port: True
        In Sync Option: NOSYNC
        Out Sync Option: AUTO
        Interrupt generated: True
        Interrupt mode: FALLING
        Drive mode: RES_PULL_UP
        VTrip: CMOS
        Slew: FAST
        Input Sync needed: False
        Output Sync needed: False
        SC shield enabled: False
        POR State: ANY
        LCD Mode: COMMON
        Register Mode: RegComb
        CaSense Mode: NEITHER
        Treat as pin: False
        Is OE Registered: False
        Uses Analog: False
        Can contain Digital: True
        Is SIO: False
        SIO Output Buf: NONREGULATED
        SIO Input Buf: SINGLE_ENDED
        SIO HiFreq: LOW
        SIO Hyst: DISABLED
        SIO Vtrip: MULTIPLIER_0_5
        SIO Multiplier Index: 0
        SIO RefSel: VCC_IO
        Required Capabilities: DIGITAL, PORT_INTERRUPT
        Initial Value: 1
        IO Voltage: 0
    PORT MAP (
        pa_out => SW(1)__PA ,
        pad => SW(1)_PAD );
    Properties:
    {
    }

[IoId=2]: 
Pin : Name = SW(2)
    Attributes:
        In Group/Port: True
        In Sync Option: NOSYNC
        Out Sync Option: AUTO
        Interrupt generated: True
        Interrupt mode: FALLING
        Drive mode: RES_PULL_UP
        VTrip: CMOS
        Slew: FAST
        Input Sync needed: False
        Output Sync needed: False
        SC shield enabled: False
        POR State: ANY
        LCD Mode: COMMON
        Register Mode: RegComb
        CaSense Mode: NEITHER
        Treat as pin: False
        Is OE Registered: False
        Uses Analog: False
        Can contain Digital: True
        Is SIO: False
        SIO Output Buf: NONREGULATED
        SIO Input Buf: SINGLE_ENDED
        SIO HiFreq: LOW
        SIO Hyst: DISABLED
        SIO Vtrip: MULTIPLIER_0_5
        SIO Multiplier Index: 0
        SIO RefSel: VCC_IO
        Required Capabilities: DIGITAL, PORT_INTERRUPT
        Initial Value: 1
        IO Voltage: 0
    PORT MAP (
        pa_out => SW(2)__PA ,
        pad => SW(2)_PAD );
    Properties:
    {
    }

[IoId=3]: 
Pin : Name = SW(3)
    Attributes:
        In Group/Port: True
        In Sync Option: NOSYNC
        Out Sync Option: AUTO
        Interrupt generated: True
        Interrupt mode: FALLING
        Drive mode: RES_PULL_UP
        VTrip: CMOS
        Slew: FAST
        Input Sync needed: False
        Output Sync needed: False
        SC shield enabled: False
        POR State: ANY
        LCD Mode: COMMON
        Register Mode: RegComb
        CaSense Mode: NEITHER
        Treat as pin: False
        Is OE Registered: False
        Uses Analog: False
        Can contain Digital: True
        Is SIO: False
        SIO Output Buf: NONREGULATED
        SIO Input Buf: SINGLE_ENDED
        SIO HiFreq: LOW
        SIO Hyst: DISABLED
        SIO Vtrip: MULTIPLIER_0_5
        SIO Multiplier Index: 0
        SIO RefSel: VCC_IO
        Required Capabilities: DIGITAL, PORT_INTERRUPT
        Initial Value: 1
        IO Voltage: 0
    PORT MAP (
        pa_out => SW(3)__PA ,
        pad => SW(3)_PAD );
    Properties:
    {
    }

[IoId=4]: 
Pin : Name = P0(0)
    Attributes:
        In Group/Port: True
        In Sync Option: AUTO
        Out Sync Option: NOSYNC
        Interrupt generated: False
        Interrupt mode: NONE
        Drive mode: CMOS_OUT
        VTrip: EITHER
        Slew: FAST
        Input Sync needed: False
        Output Sync needed: False
        SC shield enabled: False
        POR State: ANY
        LCD Mode: COMMON
        Register Mode: RegComb
        CaSense Mode: NEITHER
        Treat as pin: False
        Is OE Registered: False
        Uses Analog: False
        Can contain Digital: True
        Is SIO: False
        SIO Output Buf: NONREGULATED
        SIO Input Buf: SINGLE_ENDED
        SIO HiFreq: LOW
        SIO Hyst: DISABLED
        SIO Vtrip: MULTIPLIER_0_5
        SIO Multiplier Index: 0
        SIO RefSel: VCC_IO
        Required Capabilities: DIGITAL, ROUTABLE
        Initial Value: 0
        IO Voltage: 0
    PORT MAP (
        pa_out => P0(0)__PA ,
        pin_input => Net_159 ,
        pad => P0(0)_PAD );
    Properties:
    {
    }

[IoId=5]: 
Pin : Name = P0(1)
    Attributes:
        In Group/Port: True
        In Sync Option: AUTO
        Out Sync Option: NOSYNC
        Interrupt generated: False
        Interrupt mode: NONE
        Drive mode: CMOS_OUT
        VTrip: EITHER
        Slew: FAST
        Input Sync needed: False
        Output Sync needed: False
        SC shield enabled: False
        POR State: ANY
        LCD Mode: COMMON
        Register Mode: RegComb
        CaSense Mode: NEITHER
        Treat as pin: False
        Is OE Registered: False
        Uses Analog: False
        Can contain Digital: True
        Is SIO: False
        SIO Output Buf: NONREGULATED
        SIO Input Buf: SINGLE_ENDED
        SIO HiFreq: LOW
        SIO Hyst: DISABLED
        SIO Vtrip: MULTIPLIER_0_5
        SIO Multiplier Index: 0
        SIO RefSel: VCC_IO
        Required Capabilities: DIGITAL, ROUTABLE
        Initial Value: 0
        IO Voltage: 0
    PORT MAP (
        pa_out => P0(1)__PA ,
        pin_input => Net_160 ,
        pad => P0(1)_PAD );
    Properties:
    {
    }

[IoId=6]: 
Pin : Name = P0(2)
    Attributes:
        In Group/Port: True
        In Sync Option: AUTO
        Out Sync Option: NOSYNC
        Interrupt generated: False
        Interrupt mode: NONE
        Drive mode: CMOS_OUT
        VTrip: EITHER
        Slew: FAST
        Input Sync needed: False
        Output Sync needed: False
        SC shield enabled: False
        POR State: ANY
        LCD Mode: COMMON
        Register Mode: RegComb
        CaSense Mode: NEITHER
        Treat as pin: False
        Is OE Registered: False
        Uses Analog: False
        Can contain Digital: True
        Is SIO: False
        SIO Output Buf: NONREGULATED
        SIO Input Buf: SINGLE_ENDED
        SIO HiFreq: LOW
        SIO Hyst: DISABLED
        SIO Vtrip: MULTIPLIER_0_5
        SIO Multiplier Index: 0
        SIO RefSel: VCC_IO
        Required Capabilities: DIGITAL, ROUTABLE
        Initial Value: 0
        IO Voltage: 0
    PORT MAP (
        pa_out => P0(2)__PA ,
        pin_input => Net_168 ,
        pad => P0(2)_PAD );
    Properties:
    {
    }

[IoId=7]: 
Pin : Name = P0(3)
    Attributes:
        In Group/Port: True
        In Sync Option: AUTO
        Out Sync Option: NOSYNC
        Interrupt generated: False
        Interrupt mode: NONE
        Drive mode: CMOS_OUT
        VTrip: EITHER
        Slew: FAST
        Input Sync needed: False
        Output Sync needed: False
        SC shield enabled: False
        POR State: ANY
        LCD Mode: COMMON
        Register Mode: RegComb
        CaSense Mode: NEITHER
        Treat as pin: False
        Is OE Registered: False
        Uses Analog: False
        Can contain Digital: True
        Is SIO: False
        SIO Output Buf: NONREGULATED
        SIO Input Buf: SINGLE_ENDED
        SIO HiFreq: LOW
        SIO Hyst: DISABLED
        SIO Vtrip: MULTIPLIER_0_5
        SIO Multiplier Index: 0
        SIO RefSel: VCC_IO
        Required Capabilities: DIGITAL, ROUTABLE
        Initial Value: 0
        IO Voltage: 0
    PORT MAP (
        pa_out => P0(3)__PA ,
        pin_input => Net_162 ,
        pad => P0(3)_PAD );
    Properties:
    {
    }

Port 1 contains the following IO cells:
Port 2 contains the following IO cells:
Port 3 contains the following IO cells:
Port 12 contains the following IO cells:
[IoId=0]: 
Pin : Name = \LCD:LCDPort(0)\
    Attributes:
        In Group/Port: True
        In Sync Option: AUTO
        Out Sync Option: NOSYNC
        Interrupt generated: False
        Interrupt mode: NONE
        Drive mode: CMOS_OUT
        VTrip: EITHER
        Slew: FAST
        Input Sync needed: False
        Output Sync needed: False
        SC shield enabled: False
        POR State: ANY
        LCD Mode: COMMON
        Register Mode: RegComb
        CaSense Mode: NEITHER
        Treat as pin: False
        Is OE Registered: False
        Uses Analog: False
        Can contain Digital: True
        Is SIO: False
        SIO Output Buf: NONREGULATED
        SIO Input Buf: SINGLE_ENDED
        SIO HiFreq: LOW
        SIO Hyst: DISABLED
        SIO Vtrip: MULTIPLIER_0_5
        SIO Multiplier Index: 0
        SIO RefSel: VCC_IO
        Required Capabilities: DIGITAL
        Initial Value: 0
        IO Voltage: 0
    PORT MAP (
        pa_out => \LCD:LCDPort(0)\__PA ,
        pad => \LCD:LCDPort(0)_PAD\ );
    Properties:
    {
    }

[IoId=1]: 
Pin : Name = \LCD:LCDPort(1)\
    Attributes:
        In Group/Port: True
        In Sync Option: AUTO
        Out Sync Option: NOSYNC
        Interrupt generated: False
        Interrupt mode: NONE
        Drive mode: CMOS_OUT
        VTrip: EITHER
        Slew: FAST
        Input Sync needed: False
        Output Sync needed: False
        SC shield enabled: False
        POR State: ANY
        LCD Mode: COMMON
        Register Mode: RegComb
        CaSense Mode: NEITHER
        Treat as pin: False
        Is OE Registered: False
        Uses Analog: False
        Can contain Digital: True
        Is SIO: False
        SIO Output Buf: NONREGULATED
        SIO Input Buf: SINGLE_ENDED
        SIO HiFreq: LOW
        SIO Hyst: DISABLED
        SIO Vtrip: MULTIPLIER_0_5
        SIO Multiplier Index: 0
        SIO RefSel: VCC_IO
        Required Capabilities: DIGITAL
        Initial Value: 0
        IO Voltage: 0
    PORT MAP (
        pa_out => \LCD:LCDPort(1)\__PA ,
        pad => \LCD:LCDPort(1)_PAD\ );
    Properties:
    {
    }

[IoId=2]: 
Pin : Name = \LCD:LCDPort(2)\
    Attributes:
        In Group/Port: True
        In Sync Option: AUTO
        Out Sync Option: NOSYNC
        Interrupt generated: False
        Interrupt mode: NONE
        Drive mode: CMOS_OUT
        VTrip: EITHER
        Slew: FAST
        Input Sync needed: False
        Output Sync needed: False
        SC shield enabled: False
        POR State: ANY
        LCD Mode: COMMON
        Register Mode: RegComb
        CaSense Mode: NEITHER
        Treat as pin: False
        Is OE Registered: False
        Uses Analog: False
        Can contain Digital: True
        Is SIO: False
        SIO Output Buf: NONREGULATED
        SIO Input Buf: SINGLE_ENDED
        SIO HiFreq: LOW
        SIO Hyst: DISABLED
        SIO Vtrip: MULTIPLIER_0_5
        SIO Multiplier Index: 0
        SIO RefSel: VCC_IO
        Required Capabilities: DIGITAL
        Initial Value: 0
        IO Voltage: 0
    PORT MAP (
        pa_out => \LCD:LCDPort(2)\__PA ,
        pad => \LCD:LCDPort(2)_PAD\ );
    Properties:
    {
    }

[IoId=3]: 
Pin : Name = \LCD:LCDPort(3)\
    Attributes:
        In Group/Port: True
        In Sync Option: AUTO
        Out Sync Option: NOSYNC
        Interrupt generated: False
        Interrupt mode: NONE
        Drive mode: CMOS_OUT
        VTrip: EITHER
        Slew: FAST
        Input Sync needed: False
        Output Sync needed: False
        SC shield enabled: False
        POR State: ANY
        LCD Mode: COMMON
        Register Mode: RegComb
        CaSense Mode: NEITHER
        Treat as pin: False
        Is OE Registered: False
        Uses Analog: False
        Can contain Digital: True
        Is SIO: False
        SIO Output Buf: NONREGULATED
        SIO Input Buf: SINGLE_ENDED
        SIO HiFreq: LOW
        SIO Hyst: DISABLED
        SIO Vtrip: MULTIPLIER_0_5
        SIO Multiplier Index: 0
        SIO RefSel: VCC_IO
        Required Capabilities: DIGITAL
        Initial Value: 0
        IO Voltage: 0
    PORT MAP (
        pa_out => \LCD:LCDPort(3)\__PA ,
        pad => \LCD:LCDPort(3)_PAD\ );
    Properties:
    {
    }

[IoId=4]: 
Pin : Name = \LCD:LCDPort(4)\
    Attributes:
        In Group/Port: True
        In Sync Option: AUTO
        Out Sync Option: NOSYNC
        Interrupt generated: False
        Interrupt mode: NONE
        Drive mode: CMOS_OUT
        VTrip: EITHER
        Slew: FAST
        Input Sync needed: False
        Output Sync needed: False
        SC shield enabled: False
        POR State: ANY
        LCD Mode: COMMON
        Register Mode: RegComb
        CaSense Mode: NEITHER
        Treat as pin: False
        Is OE Registered: False
        Uses Analog: False
        Can contain Digital: True
        Is SIO: False
        SIO Output Buf: NONREGULATED
        SIO Input Buf: SINGLE_ENDED
        SIO HiFreq: LOW
        SIO Hyst: DISABLED
        SIO Vtrip: MULTIPLIER_0_5
        SIO Multiplier Index: 0
        SIO RefSel: VCC_IO
        Required Capabilities: DIGITAL
        Initial Value: 0
        IO Voltage: 0
    PORT MAP (
        pa_out => \LCD:LCDPort(4)\__PA ,
        pad => \LCD:LCDPort(4)_PAD\ );
    Properties:
    {
    }

[IoId=5]: 
Pin : Name = \LCD:LCDPort(5)\
    Attributes:
        In Group/Port: True
        In Sync Option: AUTO
        Out Sync Option: NOSYNC
        Interrupt generated: False
        Interrupt mode: NONE
        Drive mode: CMOS_OUT
        VTrip: EITHER
        Slew: FAST
        Input Sync needed: False
        Output Sync needed: False
        SC shield enabled: False
        POR State: ANY
        LCD Mode: COMMON
        Register Mode: RegComb
        CaSense Mode: NEITHER
        Treat as pin: False
        Is OE Registered: False
        Uses Analog: False
        Can contain Digital: True
        Is SIO: False
        SIO Output Buf: NONREGULATED
        SIO Input Buf: SINGLE_ENDED
        SIO HiFreq: LOW
        SIO Hyst: DISABLED
        SIO Vtrip: MULTIPLIER_0_5
        SIO Multiplier Index: 0
        SIO RefSel: VCC_IO
        Required Capabilities: DIGITAL
        Initial Value: 0
        IO Voltage: 0
    PORT MAP (
        pa_out => \LCD:LCDPort(5)\__PA ,
        pad => \LCD:LCDPort(5)_PAD\ );
    Properties:
    {
    }

[IoId=6]: 
Pin : Name = \LCD:LCDPort(6)\
    Attributes:
        In Group/Port: True
        In Sync Option: AUTO
        Out Sync Option: NOSYNC
        Interrupt generated: False
        Interrupt mode: NONE
        Drive mode: CMOS_OUT
        VTrip: EITHER
        Slew: FAST
        Input Sync needed: False
        Output Sync needed: False
        SC shield enabled: False
        POR State: ANY
        LCD Mode: COMMON
        Register Mode: RegComb
        CaSense Mode: NEITHER
        Treat as pin: False
        Is OE Registered: False
        Uses Analog: False
        Can contain Digital: True
        Is SIO: False
        SIO Output Buf: NONREGULATED
        SIO Input Buf: SINGLE_ENDED
        SIO HiFreq: LOW
        SIO Hyst: DISABLED
        SIO Vtrip: MULTIPLIER_0_5
        SIO Multiplier Index: 0
        SIO RefSel: VCC_IO
        Required Capabilities: DIGITAL
        Initial Value: 0
        IO Voltage: 0
    PORT MAP (
        pa_out => \LCD:LCDPort(6)\__PA ,
        pad => \LCD:LCDPort(6)_PAD\ );
    Properties:
    {
    }

Port 15 contains the following IO cells:
ARM group 0: empty
CAN group 0: empty
Cache group 0: empty
CapSense group 0: empty
Clock group 0: 
    Clock Block @ F(Clock,0): 
    clockblockcell: Name =ClockBlock
        PORT MAP (
            imo => ClockBlock_IMO ,
            pllout => ClockBlock_PLL_OUT ,
            ilo => ClockBlock_ILO ,
            clk_100k => ClockBlock_100k ,
            clk_1k => ClockBlock_1k ,
            clk_32k => ClockBlock_32k ,
            xtal => ClockBlock_XTAL ,
            clk_32k_xtal => ClockBlock_XTAL_32KHZ ,
            clk_sync => ClockBlock_MASTER_CLK ,
            clk_bus_glb => ClockBlock_BUS_CLK ,
            clk_bus => ClockBlock_BUS_CLK_local ,
            dclk_glb_0 => Net_218 ,
            dclk_0 => Net_218_local );
        Properties:
        {
        }
Comparator group 0: empty
DFB group 0: empty
DSM group 0: empty
Decimator group 0: empty
EMIF group 0: empty
I2C group 0: empty
LCD group 0: empty
LVD group 0: empty
PICU group 0: empty
PM group 0: empty
SC group 0: empty
SPC group 0: empty
Timer group 0: 
    Timer Block @ F(Timer,0): 
    timercell: Name =\Timer:TimerHW\
        PORT MAP (
            clock => Net_218 ,
            enable => __ONE__ ,
            tc => Net_211 ,
            cmp => \Timer:Net_261\ ,
            irq => \Timer:Net_57\ );
        Properties:
        {
            cy_registers = ""
        }
USB group 0: empty
VIDAC group 0: empty
OpAmp group 0: empty
CsAbuf group 0: empty
Vref group 0: empty
LPF group 0: empty
SAR group 0: empty
ANAIF group 0: empty
PHUB group 0: empty
</CYPRESSTAG>
<CYPRESSTAG name="Port Configuration Details">

------------------------------------------------------------
Port Configuration report
------------------------------------------------------------
     |     |       | Interrupt |                  |                  | 
Port | Pin | Fixed |      Type |       Drive Mode |             Name | Connections
-----+-----+-------+-----------+------------------+------------------+------------
   0 |   0 |     * |   FALLING |      RES_PULL_UP |            SW(0) | 
     |   1 |     * |   FALLING |      RES_PULL_UP |            SW(1) | 
     |   2 |     * |   FALLING |      RES_PULL_UP |            SW(2) | 
     |   3 |     * |   FALLING |      RES_PULL_UP |            SW(3) | 
     |   4 |     * |      NONE |         CMOS_OUT |            P0(0) | In(Net_159)
     |   5 |     * |      NONE |         CMOS_OUT |            P0(1) | In(Net_160)
     |   6 |     * |      NONE |         CMOS_OUT |            P0(2) | In(Net_168)
     |   7 |     * |      NONE |         CMOS_OUT |            P0(3) | In(Net_162)
-----+-----+-------+-----------+------------------+------------------+------------
  12 |   0 |     * |      NONE |         CMOS_OUT | \LCD:LCDPort(0)\ | 
     |   1 |     * |      NONE |         CMOS_OUT | \LCD:LCDPort(1)\ | 
     |   2 |     * |      NONE |         CMOS_OUT | \LCD:LCDPort(2)\ | 
     |   3 |     * |      NONE |         CMOS_OUT | \LCD:LCDPort(3)\ | 
     |   4 |     * |      NONE |         CMOS_OUT | \LCD:LCDPort(4)\ | 
     |   5 |     * |      NONE |         CMOS_OUT | \LCD:LCDPort(5)\ | 
     |   6 |     * |      NONE |         CMOS_OUT | \LCD:LCDPort(6)\ | 
----------------------------------------------------------------------------------
</CYPRESSTAG>
</CYPRESSTAG>
</CYPRESSTAG>
Digital component placer commit/Report: Elapsed time ==> 0s.105ms
Digital Placement phase: Elapsed time ==> 2s.392ms
</CYPRESSTAG>
<CYPRESSTAG name="Digital Routing">
"C:\Program Files (x86)\Cypress\PSoC Creator\4.2\PSoC Creator\bin/sjrouter.exe" --xml-path "C:\Program Files (x86)\Cypress\PSoC Creator\4.2\PSoC Creator\dev\psoc5/psoc5lp/route_arch-rrg.cydata" --vh2-path "FiltroDigital_r.vh2" --pcf-path "FiltroDigital.pco" --des-name "FiltroDigital" --dsf-path "FiltroDigital.dsf" --sdc-path "FiltroDigital.sdc" --lib-path "FiltroDigital_r.lib"
Routing successful.
Digital Routing phase: Elapsed time ==> 2s.918ms
</CYPRESSTAG>
<CYPRESSTAG name="Bitstream Generation">
Bitstream Generation phase: Elapsed time ==> 0s.883ms
</CYPRESSTAG>
<CYPRESSTAG name="Bitstream Verification">
Bitstream Verification phase: Elapsed time ==> 0s.212ms
</CYPRESSTAG>
<CYPRESSTAG name="Static timing analysis">
Timing report is in FiltroDigital_timing.html.
Static timing analysis phase: Elapsed time ==> 0s.861ms
</CYPRESSTAG>
<CYPRESSTAG name="Data reporting">
Data reporting phase: Elapsed time ==> 0s.013ms
</CYPRESSTAG>
<CYPRESSTAG name="Database update...">
Design database save phase: Elapsed time ==> 0s.396ms
</CYPRESSTAG>
cydsfit: Elapsed time ==> 9s.901ms
</CYPRESSTAG>
Fitter phase: Elapsed time ==> 9s.925ms
API generation phase: Elapsed time ==> 2s.266ms
Dependency generation phase: Elapsed time ==> 0s.074ms
Cleanup phase: Elapsed time ==> 0s.005ms
