--------------- Build Started: 10/02/2018 14:20:56 Project: FiltroDigital, Configuration: ARM GCC 5.4-2016-q2-update Debug ---------------
cydsfit.exe -.appdatapath "C:\Users\Nicolas Zamora\AppData\Local\Cypress Semiconductor\PSoC Creator\4.2" -.fdsnotice -.fdswarpdepfile=warp_dependencies.txt -.fdselabdepfile=elab_dependencies.txt -.fdsbldfile=generated_files.txt -.fdsreffile=referenced_files.txt -p "C:\Users\Nicolas Zamora\Documents\Embepot\Filtro-Digital-Ajustable-por-Ventaneo\FiltroDigital.cydsn\FiltroDigital.cyprj" -d CY8C5888LTI-LP097 -s "C:\Users\Nicolas Zamora\Documents\Embepot\Filtro-Digital-Ajustable-por-Ventaneo\FiltroDigital.cydsn\Generated_Source\PSoC5" -- -yv2 -q10 -ygs -o2 -v3 -.fftcfgtype=LE
Elaborating Design...
HDL Generation...
Synthesis...
Tech Mapping...
Analog Placement...
Info: apr.M0002: Analog signal "\ADC:Net_35\" is connected to one terminal only. (App=cydsfit)
Log: apr.M0058: The analog placement iterative improvement is 25% done. (App=cydsfit)
Log: apr.M0058: The analog placement iterative improvement is 57% done. (App=cydsfit)
Log: apr.M0058: The analog placement iterative improvement is 91% done. (App=cydsfit)
Analog Routing...
Analog Code Generation...
Digital Placement...
Digital Routing...
Bitstream Generation...
Bitstream Verification...
Static timing analysis...
API Generation...
Dependency Generation...
Cleanup...
--------------- Build Succeeded: 10/02/2018 14:21:38 ---------------
